<!DOCTYPE html PUBLIC "-//W3C//DTD XHTML 1.1//EN" "http://www.w3.org/TR/xhtml11/DTD/xhtml11.dtd">
<html xmlns="http://www.w3.org/1999/xhtml"><head><title>TestNG Report</title><style type="text/css">table {margin-bottom:10px;border-collapse:collapse;empty-cells:show}th,td {border:1px solid #009;padding:.25em .5em}th {vertical-align:bottom}td {vertical-align:top}table a {font-weight:bold}.stripe td {background-color: #E6EBF9}.num {text-align:right}.passedodd td {background-color: #3F3}.passedeven td {background-color: #0A0}.skippedodd td {background-color: #DDD}.skippedeven td {background-color: #CCC}.failedodd td,.attn {background-color: #F33}.failedeven td,.stripe .attn {background-color: #D00}.stacktrace {white-space:pre;font-family:monospace}.totop {font-size:85%;text-align:center;border-bottom:2px solid #000}</style></head><body><table><tr><th>Test</th><th># Passed</th><th># Skipped</th><th># Failed</th><th>Time (ms)</th><th>Included Groups</th><th>Excluded Groups</th></tr><tr><th colspan="7">Suite</th></tr><tr><td><a href="#t0">Test</a></td><td class="num">103</td><td class="num attn">93</td><td class="num attn">95</td><td class="num">418,307</td><td></td><td></td></tr></table><table><thead><tr><th>Class</th><th>Method</th><th>Start</th><th>Time (ms)</th></tr></thead><tbody><tr><th colspan="4">Suite</th></tr></tbody><tbody id="t0"><tr><th colspan="4">Test &#8212; failed (configuration methods)</th></tr><tr class="failedeven"><td rowspan="1">com.webtest.ranzhicase.BackManageTestCases</td><td><a href="#m0">login</a></td><td rowspan="1">1576725851575</td><td rowspan="1">0</td></tr><tr class="failedodd"><td rowspan="1">com.webtest.ranzhicase.OtherTestCases</td><td><a href="#m1">Login</a></td><td rowspan="1">1576726225563</td><td rowspan="1">0</td></tr><tr><th colspan="4">Test &#8212; failed</th></tr><tr class="failedeven"><td rowspan="26">com.webtest.ranzhicase.CashAccountTestCases</td><td><a href="#m2">addspend</a></td><td rowspan="5">1576725882666</td><td rowspan="5">98</td></tr><tr class="failedeven"><td><a href="#m3">addspend</a></td></tr><tr class="failedeven"><td><a href="#m4">addspend</a></td></tr><tr class="failedeven"><td><a href="#m5">addspend</a></td></tr><tr class="failedeven"><td><a href="#m6">addspend</a></td></tr><tr class="failedeven"><td><a href="#m7">checkaccount</a></td><td rowspan="1">1576725882843</td><td rowspan="1">28</td></tr><tr class="failedeven"><td><a href="#m8">demo02</a></td><td rowspan="1">1576725882986</td><td rowspan="1">37</td></tr><tr class="failedeven"><td><a href="#m9">demo03</a></td><td rowspan="1">1576725883114</td><td rowspan="1">79</td></tr><tr class="failedeven"><td><a href="#m10">demo11</a></td><td rowspan="1">1576725883917</td><td rowspan="1">1273</td></tr><tr class="failedeven"><td><a href="#m11">demo20</a></td><td rowspan="1">1576725893085</td><td rowspan="1">81</td></tr><tr class="failedeven"><td><a href="#m12">demo22</a></td><td rowspan="1">1576725893305</td><td rowspan="1">34</td></tr><tr class="failedeven"><td><a href="#m13">demo23</a></td><td rowspan="1">1576725893409</td><td rowspan="1">19</td></tr><tr class="failedeven"><td><a href="#m14">demo24</a></td><td rowspan="1">1576725893495</td><td rowspan="1">30</td></tr><tr class="failedeven"><td><a href="#m15">demo27</a></td><td rowspan="1">1576725896149</td><td rowspan="1">1369</td></tr><tr class="failedeven"><td><a href="#m16">demo28</a></td><td rowspan="1">1576725897585</td><td rowspan="1">35</td></tr><tr class="failedeven"><td><a href="#m17">demo29</a></td><td rowspan="1">1576725897683</td><td rowspan="1">30</td></tr><tr class="failedeven"><td><a href="#m18">testmoney</a></td><td rowspan="5">1576725901159</td><td rowspan="5">38</td></tr><tr class="failedeven"><td><a href="#m19">testmoney</a></td></tr><tr class="failedeven"><td><a href="#m20">testmoney</a></td></tr><tr class="failedeven"><td><a href="#m21">testmoney</a></td></tr><tr class="failedeven"><td><a href="#m22">testmoney</a></td></tr><tr class="failedeven"><td><a href="#m23">touzi</a></td><td rowspan="5">1576725901461</td><td rowspan="5">44</td></tr><tr class="failedeven"><td><a href="#m24">touzi</a></td></tr><tr class="failedeven"><td><a href="#m25">touzi</a></td></tr><tr class="failedeven"><td><a href="#m26">touzi</a></td></tr><tr class="failedeven"><td><a href="#m27">touzi</a></td></tr><tr class="failedodd"><td rowspan="45">com.webtest.ranzhicase.CustomerManageTestCases</td><td><a href="#m28">LoginFail</a></td><td rowspan="1">1576725912766</td><td rowspan="1">1658</td></tr><tr class="failedodd"><td><a href="#m29">LoginSuccess</a></td><td rowspan="1">1576725915287</td><td rowspan="1">1148</td></tr><tr class="failedodd"><td><a href="#m30">test01</a></td><td rowspan="1">1576725916510</td><td rowspan="1">1514</td></tr><tr class="failedodd"><td><a href="#m31">test02</a></td><td rowspan="1">1576725918105</td><td rowspan="1">2168</td></tr><tr class="failedodd"><td><a href="#m32">test04</a></td><td rowspan="1">1576725922370</td><td rowspan="1">2656</td></tr><tr class="failedodd"><td><a href="#m33">test05</a></td><td rowspan="1">1576725925126</td><td rowspan="1">1266</td></tr><tr class="failedodd"><td><a href="#m34">test07</a></td><td rowspan="1">1576725926844</td><td rowspan="1">1411</td></tr><tr class="failedodd"><td><a href="#m35">test08</a></td><td rowspan="1">1576725928341</td><td rowspan="1">1247</td></tr><tr class="failedodd"><td><a href="#m36">test10</a></td><td rowspan="1">1576725932668</td><td rowspan="1">3058</td></tr><tr class="failedodd"><td><a href="#m37">test11</a></td><td rowspan="1">1576725935798</td><td rowspan="1">1163</td></tr><tr class="failedodd"><td><a href="#m38">test12</a></td><td rowspan="1">1576725937019</td><td rowspan="1">1410</td></tr><tr class="failedodd"><td><a href="#m39">test13</a></td><td rowspan="1">1576725938542</td><td rowspan="1">1119</td></tr><tr class="failedodd"><td><a href="#m40">test14</a></td><td rowspan="1">1576725939725</td><td rowspan="1">1415</td></tr><tr class="failedodd"><td><a href="#m41">test16</a></td><td rowspan="1">1576725941315</td><td rowspan="1">1146</td></tr><tr class="failedodd"><td><a href="#m42">test17</a></td><td rowspan="1">1576725942518</td><td rowspan="1">1449</td></tr><tr class="failedodd"><td><a href="#m43">test19</a></td><td rowspan="1">1576725944092</td><td rowspan="1">1157</td></tr><tr class="failedodd"><td><a href="#m44">test21</a></td><td rowspan="1">1576725945342</td><td rowspan="1">1424</td></tr><tr class="failedodd"><td><a href="#m45">test22</a></td><td rowspan="1">1576725946827</td><td rowspan="1">1138</td></tr><tr class="failedodd"><td><a href="#m46">test23</a></td><td rowspan="1">1576725948034</td><td rowspan="1">1362</td></tr><tr class="failedodd"><td><a href="#m47">test24</a></td><td rowspan="1">1576725949457</td><td rowspan="1">1144</td></tr><tr class="failedodd"><td><a href="#m48">test25</a></td><td rowspan="1">1576725950681</td><td rowspan="1">1384</td></tr><tr class="failedodd"><td><a href="#m49">test26</a></td><td rowspan="1">1576725952141</td><td rowspan="1">1107</td></tr><tr class="failedodd"><td><a href="#m50">test27</a></td><td rowspan="1">1576725953317</td><td rowspan="1">1413</td></tr><tr class="failedodd"><td><a href="#m51">test28</a></td><td rowspan="1">1576725954845</td><td rowspan="1">1200</td></tr><tr class="failedodd"><td><a href="#m52">test29</a></td><td rowspan="1">1576725956151</td><td rowspan="1">1393</td></tr><tr class="failedodd"><td><a href="#m53">test30</a></td><td rowspan="1">1576725957650</td><td rowspan="1">1160</td></tr><tr class="failedodd"><td><a href="#m54">test31</a></td><td rowspan="1">1576725958869</td><td rowspan="1">1371</td></tr><tr class="failedodd"><td><a href="#m55">test32</a></td><td rowspan="1">1576725960308</td><td rowspan="1">1169</td></tr><tr class="failedodd"><td><a href="#m56">test34</a></td><td rowspan="1">1576725962605</td><td rowspan="1">1421</td></tr><tr class="failedodd"><td><a href="#m57">test35</a></td><td rowspan="1">1576725964085</td><td rowspan="1">1193</td></tr><tr class="failedodd"><td><a href="#m58">test36</a></td><td rowspan="1">1576725965334</td><td rowspan="1">1400</td></tr><tr class="failedodd"><td><a href="#m59">test37</a></td><td rowspan="1">1576725966821</td><td rowspan="1">1155</td></tr><tr class="failedodd"><td><a href="#m60">test38</a></td><td rowspan="1">1576725968059</td><td rowspan="1">1392</td></tr><tr class="failedodd"><td><a href="#m61">test39</a></td><td rowspan="1">1576725969507</td><td rowspan="1">1179</td></tr><tr class="failedodd"><td><a href="#m62">test40</a></td><td rowspan="1">1576725970756</td><td rowspan="1">1446</td></tr><tr class="failedodd"><td><a href="#m63">test41</a></td><td rowspan="1">1576725972299</td><td rowspan="1">1135</td></tr><tr class="failedodd"><td><a href="#m64">test42</a></td><td rowspan="1">1576725973485</td><td rowspan="1">1415</td></tr><tr class="failedodd"><td><a href="#m65">test43</a></td><td rowspan="1">1576725974968</td><td rowspan="1">1098</td></tr><tr class="failedodd"><td><a href="#m66">test44</a></td><td rowspan="1">1576725976132</td><td rowspan="1">1405</td></tr><tr class="failedodd"><td><a href="#m67">test45</a></td><td rowspan="1">1576725977639</td><td rowspan="1">1148</td></tr><tr class="failedodd"><td><a href="#m68">test46</a></td><td rowspan="1">1576725978836</td><td rowspan="1">1403</td></tr><tr class="failedodd"><td><a href="#m69">test47</a></td><td rowspan="1">1576725980293</td><td rowspan="1">1179</td></tr><tr class="failedodd"><td><a href="#m70">test48</a></td><td rowspan="3">1576725984925</td><td rowspan="3">1429</td></tr><tr class="failedodd"><td><a href="#m71">test48</a></td></tr><tr class="failedodd"><td><a href="#m72">test48</a></td></tr><tr class="failedeven"><td rowspan="24">com.webtest.ranzhicase.MyTerritoryTestCases</td><td><a href="#m73">test01</a></td><td rowspan="1">1576726055199</td><td rowspan="1">3055</td></tr><tr class="failedeven"><td><a href="#m74">test02</a></td><td rowspan="1">1576726059280</td><td rowspan="1">3077</td></tr><tr class="failedeven"><td><a href="#m75">test03</a></td><td rowspan="1">1576726062495</td><td rowspan="1">3059</td></tr><tr class="failedeven"><td><a href="#m76">test06</a></td><td rowspan="1">1576726070177</td><td rowspan="1">3327</td></tr><tr class="failedeven"><td><a href="#m77">test07</a></td><td rowspan="1">1576726073761</td><td rowspan="1">3057</td></tr><tr class="failedeven"><td><a href="#m78">test09</a></td><td rowspan="1">1576726077035</td><td rowspan="1">3044</td></tr><tr class="failedeven"><td><a href="#m79">test10</a></td><td rowspan="1">1576726080930</td><td rowspan="1">3065</td></tr><tr class="failedeven"><td><a href="#m80">test11</a></td><td rowspan="1">1576726084145</td><td rowspan="1">3050</td></tr><tr class="failedeven"><td><a href="#m81">test12</a></td><td rowspan="1">1576726087350</td><td rowspan="1">3068</td></tr><tr class="failedeven"><td><a href="#m82">test13</a></td><td rowspan="1">1576726090520</td><td rowspan="1">3036</td></tr><tr class="failedeven"><td><a href="#m83">test14</a></td><td rowspan="1">1576726093677</td><td rowspan="1">3063</td></tr><tr class="failedeven"><td><a href="#m84">test15</a></td><td rowspan="1">1576726096897</td><td rowspan="1">3064</td></tr><tr class="failedeven"><td><a href="#m85">test16</a></td><td rowspan="1">1576726100138</td><td rowspan="1">3053</td></tr><tr class="failedeven"><td><a href="#m86">test17</a></td><td rowspan="1">1576726103279</td><td rowspan="1">3027</td></tr><tr class="failedeven"><td><a href="#m87">test18</a></td><td rowspan="1">1576726106402</td><td rowspan="1">3053</td></tr><tr class="failedeven"><td><a href="#m88">test19</a></td><td rowspan="1">1576726109553</td><td rowspan="1">3033</td></tr><tr class="failedeven"><td><a href="#m89">test20</a></td><td rowspan="1">1576726112675</td><td rowspan="1">3099</td></tr><tr class="failedeven"><td><a href="#m90">test21</a></td><td rowspan="1">1576726115950</td><td rowspan="1">3073</td></tr><tr class="failedeven"><td><a href="#m91">test22</a></td><td rowspan="1">1576726119198</td><td rowspan="1">3046</td></tr><tr class="failedeven"><td><a href="#m92">test23</a></td><td rowspan="1">1576726122333</td><td rowspan="1">3070</td></tr><tr class="failedeven"><td><a href="#m93">test24</a></td><td rowspan="1">1576726125542</td><td rowspan="1">3065</td></tr><tr class="failedeven"><td><a href="#m94">test25</a></td><td rowspan="1">1576726128696</td><td rowspan="1">3059</td></tr><tr class="failedeven"><td><a href="#m95">test35</a></td><td rowspan="1">1576726134621</td><td rowspan="1">3050</td></tr><tr class="failedeven"><td><a href="#m96">test36</a></td><td rowspan="1">1576726138057</td><td rowspan="1">3054</td></tr><tr><th colspan="4">Test &#8212; skipped</th></tr><tr class="skippedeven"><td rowspan="46">com.webtest.ranzhicase.BackManageTestCases</td><td><a href="#m97">atestplan</a></td><td rowspan="7">1576725857076</td><td rowspan="7">0</td></tr><tr class="skippedeven"><td><a href="#m98">atestplan</a></td></tr><tr class="skippedeven"><td><a href="#m99">atestplan</a></td></tr><tr class="skippedeven"><td><a href="#m100">atestplan</a></td></tr><tr class="skippedeven"><td><a href="#m101">atestplan</a></td></tr><tr class="skippedeven"><td><a href="#m102">atestplan</a></td></tr><tr class="skippedeven"><td><a href="#m103">atestplan</a></td></tr><tr class="skippedeven"><td><a href="#m104">testAddGroup</a></td><td rowspan="6">1576725857079</td><td rowspan="6">1</td></tr><tr class="skippedeven"><td><a href="#m105">testAddGroup</a></td></tr><tr class="skippedeven"><td><a href="#m106">testAddGroup</a></td></tr><tr class="skippedeven"><td><a href="#m107">testAddGroup</a></td></tr><tr class="skippedeven"><td><a href="#m108">testAddGroup</a></td></tr><tr class="skippedeven"><td><a href="#m109">testAddGroup</a></td></tr><tr class="skippedeven"><td><a href="#m110">testApplication</a></td><td rowspan="6">1576725857084</td><td rowspan="6">0</td></tr><tr class="skippedeven"><td><a href="#m111">testApplication</a></td></tr><tr class="skippedeven"><td><a href="#m112">testApplication</a></td></tr><tr class="skippedeven"><td><a href="#m113">testApplication</a></td></tr><tr class="skippedeven"><td><a href="#m114">testApplication</a></td></tr><tr class="skippedeven"><td><a href="#m115">testApplication</a></td></tr><tr class="skippedeven"><td><a href="#m116">testBackUp</a></td><td rowspan="7">1576725857088</td><td rowspan="7">0</td></tr><tr class="skippedeven"><td><a href="#m117">testBackUp</a></td></tr><tr class="skippedeven"><td><a href="#m118">testBackUp</a></td></tr><tr class="skippedeven"><td><a href="#m119">testBackUp</a></td></tr><tr class="skippedeven"><td><a href="#m120">testBackUp</a></td></tr><tr class="skippedeven"><td><a href="#m121">testBackUp</a></td></tr><tr class="skippedeven"><td><a href="#m122">testBackUp</a></td></tr><tr class="skippedeven"><td><a href="#m123">testCompany</a></td><td rowspan="6">1576725857100</td><td rowspan="6">0</td></tr><tr class="skippedeven"><td><a href="#m124">testCompany</a></td></tr><tr class="skippedeven"><td><a href="#m125">testCompany</a></td></tr><tr class="skippedeven"><td><a href="#m126">testCompany</a></td></tr><tr class="skippedeven"><td><a href="#m127">testCompany</a></td></tr><tr class="skippedeven"><td><a href="#m128">testCompany</a></td></tr><tr class="skippedeven"><td><a href="#m129">testMD</a></td><td rowspan="1">1576725857101</td><td rowspan="1">0</td></tr><tr class="skippedeven"><td><a href="#m130">testMember</a></td><td rowspan="6">1576725857102</td><td rowspan="6">0</td></tr><tr class="skippedeven"><td><a href="#m131">testMember</a></td></tr><tr class="skippedeven"><td><a href="#m132">testMember</a></td></tr><tr class="skippedeven"><td><a href="#m133">testMember</a></td></tr><tr class="skippedeven"><td><a href="#m134">testMember</a></td></tr><tr class="skippedeven"><td><a href="#m135">testMember</a></td></tr><tr class="skippedeven"><td><a href="#m136">testSending</a></td><td rowspan="6">1576725857104</td><td rowspan="6">0</td></tr><tr class="skippedeven"><td><a href="#m137">testSending</a></td></tr><tr class="skippedeven"><td><a href="#m138">testSending</a></td></tr><tr class="skippedeven"><td><a href="#m139">testSending</a></td></tr><tr class="skippedeven"><td><a href="#m140">testSending</a></td></tr><tr class="skippedeven"><td><a href="#m141">testSending</a></td></tr><tr class="skippedeven"><td><a href="#m142">testXuanxuan</a></td><td rowspan="1">1576725857104</td><td rowspan="1">0</td></tr><tr class="skippedodd"><td rowspan="47">com.webtest.ranzhicase.OtherTestCases</td><td><a href="#m143">testTeam01</a></td><td rowspan="1">1576726234605</td><td rowspan="1">0</td></tr><tr class="skippedodd"><td><a href="#m144">testTeam02</a></td><td rowspan="1">1576726234606</td><td rowspan="1">0</td></tr><tr class="skippedodd"><td><a href="#m145">testTeam03</a></td><td rowspan="1">1576726234606</td><td rowspan="1">0</td></tr><tr class="skippedodd"><td><a href="#m146">testTeam04</a></td><td rowspan="1">1576726234607</td><td rowspan="1">0</td></tr><tr class="skippedodd"><td><a href="#m147">testTeam05</a></td><td rowspan="1">1576726234607</td><td rowspan="1">0</td></tr><tr class="skippedodd"><td><a href="#m148">testTeam06</a></td><td rowspan="1">1576726234607</td><td rowspan="1">0</td></tr><tr class="skippedodd"><td><a href="#m149">testTeam07</a></td><td rowspan="1">1576726234608</td><td rowspan="1">0</td></tr><tr class="skippedodd"><td><a href="#m150">testTeam08</a></td><td rowspan="1">1576726234608</td><td rowspan="1">0</td></tr><tr class="skippedodd"><td><a href="#m151">testTeam09</a></td><td rowspan="1">1576726234609</td><td rowspan="1">0</td></tr><tr class="skippedodd"><td><a href="#m152">testTeam10</a></td><td rowspan="1">1576726234609</td><td rowspan="1">0</td></tr><tr class="skippedodd"><td><a href="#m153">testTeam11</a></td><td rowspan="1">1576726234609</td><td rowspan="1">0</td></tr><tr class="skippedodd"><td><a href="#m154">testTeam12</a></td><td rowspan="1">1576726234610</td><td rowspan="1">0</td></tr><tr class="skippedodd"><td><a href="#m155">testTeam13</a></td><td rowspan="1">1576726234610</td><td rowspan="1">0</td></tr><tr class="skippedodd"><td><a href="#m156">testTeam14</a></td><td rowspan="1">1576726234610</td><td rowspan="1">0</td></tr><tr class="skippedodd"><td><a href="#m157">testTeam15</a></td><td rowspan="1">1576726234611</td><td rowspan="1">0</td></tr><tr class="skippedodd"><td><a href="#m158">testTeam16</a></td><td rowspan="1">1576726234611</td><td rowspan="1">0</td></tr><tr class="skippedodd"><td><a href="#m159">testTeam17</a></td><td rowspan="1">1576726234611</td><td rowspan="1">0</td></tr><tr class="skippedodd"><td><a href="#m160">testTeam18</a></td><td rowspan="1">1576726234611</td><td rowspan="1">0</td></tr><tr class="skippedodd"><td><a href="#m161">testTeam19</a></td><td rowspan="1">1576726234612</td><td rowspan="1">0</td></tr><tr class="skippedodd"><td><a href="#m162">testTeam20</a></td><td rowspan="1">1576726234612</td><td rowspan="1">0</td></tr><tr class="skippedodd"><td><a href="#m163">testTeam21</a></td><td rowspan="1">1576726234612</td><td rowspan="1">0</td></tr><tr class="skippedodd"><td><a href="#m164">testTeam22</a></td><td rowspan="1">1576726234612</td><td rowspan="1">1</td></tr><tr class="skippedodd"><td><a href="#m165">testTeam23</a></td><td rowspan="1">1576726234613</td><td rowspan="1">0</td></tr><tr class="skippedodd"><td><a href="#m166">testTeam24</a></td><td rowspan="1">1576726234613</td><td rowspan="1">0</td></tr><tr class="skippedodd"><td><a href="#m167">testTeam25</a></td><td rowspan="1">1576726234613</td><td rowspan="1">0</td></tr><tr class="skippedodd"><td><a href="#m168">testTeam26</a></td><td rowspan="1">1576726234614</td><td rowspan="1">0</td></tr><tr class="skippedodd"><td><a href="#m169">testTeam27</a></td><td rowspan="1">1576726234614</td><td rowspan="1">0</td></tr><tr class="skippedodd"><td><a href="#m170">testTeam28</a></td><td rowspan="1">1576726234614</td><td rowspan="1">0</td></tr><tr class="skippedodd"><td><a href="#m171">testTeam29</a></td><td rowspan="1">1576726234615</td><td rowspan="1">0</td></tr><tr class="skippedodd"><td><a href="#m172">testTeam30</a></td><td rowspan="1">1576726234615</td><td rowspan="1">0</td></tr><tr class="skippedodd"><td><a href="#m173">testTeam31</a></td><td rowspan="1">1576726234615</td><td rowspan="1">1</td></tr><tr class="skippedodd"><td><a href="#m174">testTeam32</a></td><td rowspan="1">1576726234616</td><td rowspan="1">0</td></tr><tr class="skippedodd"><td><a href="#m175">testTeam33</a></td><td rowspan="1">1576726234616</td><td rowspan="1">0</td></tr><tr class="skippedodd"><td><a href="#m176">testTeam34</a></td><td rowspan="1">1576726234617</td><td rowspan="1">0</td></tr><tr class="skippedodd"><td><a href="#m177">testTeam35</a></td><td rowspan="1">1576726234617</td><td rowspan="1">0</td></tr><tr class="skippedodd"><td><a href="#m178">testTeam36</a></td><td rowspan="1">1576726234617</td><td rowspan="1">0</td></tr><tr class="skippedodd"><td><a href="#m179">testTeam38</a></td><td rowspan="1">1576726234618</td><td rowspan="1">0</td></tr><tr class="skippedodd"><td><a href="#m180">testTeam39</a></td><td rowspan="1">1576726234618</td><td rowspan="1">0</td></tr><tr class="skippedodd"><td><a href="#m181">testTeam40</a></td><td rowspan="1">1576726234618</td><td rowspan="1">0</td></tr><tr class="skippedodd"><td><a href="#m182">testTeam41</a></td><td rowspan="1">1576726234618</td><td rowspan="1">0</td></tr><tr class="skippedodd"><td><a href="#m183">testTeam42</a></td><td rowspan="1">1576726234619</td><td rowspan="1">0</td></tr><tr class="skippedodd"><td><a href="#m184">testTeam43</a></td><td rowspan="1">1576726234619</td><td rowspan="1">0</td></tr><tr class="skippedodd"><td><a href="#m185">testTeam44</a></td><td rowspan="1">1576726234619</td><td rowspan="1">0</td></tr><tr class="skippedodd"><td><a href="#m186">testTeam45</a></td><td rowspan="1">1576726234619</td><td rowspan="1">0</td></tr><tr class="skippedodd"><td><a href="#m187">testTeam46</a></td><td rowspan="1">1576726234619</td><td rowspan="1">0</td></tr><tr class="skippedodd"><td><a href="#m188">testTeam47</a></td><td rowspan="1">1576726234619</td><td rowspan="1">1</td></tr><tr class="skippedodd"><td><a href="#m189">testTeam48</a></td><td rowspan="1">1576726234620</td><td rowspan="1">0</td></tr><tr><th colspan="4">Test &#8212; passed</th></tr><tr class="passedeven"><td rowspan="26">com.webtest.ranzhicase.CashAccountTestCases</td><td><a href="#m190">demo01</a></td><td rowspan="1">1576725882942</td><td rowspan="1">43</td></tr><tr class="passedeven"><td><a href="#m191">demo04</a></td><td rowspan="1">1576725883348</td><td rowspan="1">47</td></tr><tr class="passedeven"><td><a href="#m192">demo05</a></td><td rowspan="1">1576725883395</td><td rowspan="1">80</td></tr><tr class="passedeven"><td><a href="#m193">demo06</a></td><td rowspan="1">1576725883475</td><td rowspan="1">91</td></tr><tr class="passedeven"><td><a href="#m194">demo07</a></td><td rowspan="1">1576725883566</td><td rowspan="1">61</td></tr><tr class="passedeven"><td><a href="#m195">demo08</a></td><td rowspan="1">1576725883627</td><td rowspan="1">111</td></tr><tr class="passedeven"><td><a href="#m196">demo09</a></td><td rowspan="1">1576725883738</td><td rowspan="1">86</td></tr><tr class="passedeven"><td><a href="#m197">demo10</a></td><td rowspan="1">1576725883824</td><td rowspan="1">93</td></tr><tr class="passedeven"><td><a href="#m198">demo12</a></td><td rowspan="1">1576725885261</td><td rowspan="1">1395</td></tr><tr class="passedeven"><td><a href="#m199">demo13</a></td><td rowspan="1">1576725886658</td><td rowspan="1">1171</td></tr><tr class="passedeven"><td><a href="#m200">demo14</a></td><td rowspan="1">1576725887829</td><td rowspan="1">68</td></tr><tr class="passedeven"><td><a href="#m201">demo15</a></td><td rowspan="1">1576725887897</td><td rowspan="1">1366</td></tr><tr class="passedeven"><td><a href="#m202">demo16</a></td><td rowspan="1">1576725889263</td><td rowspan="1">1181</td></tr><tr class="passedeven"><td><a href="#m203">demo17</a></td><td rowspan="1">1576725890444</td><td rowspan="1">1395</td></tr><tr class="passedeven"><td><a href="#m204">demo18</a></td><td rowspan="1">1576725891839</td><td rowspan="1">1177</td></tr><tr class="passedeven"><td><a href="#m205">demo19</a></td><td rowspan="1">1576725893016</td><td rowspan="1">65</td></tr><tr class="passedeven"><td><a href="#m206">demo21</a></td><td rowspan="1">1576725893251</td><td rowspan="1">53</td></tr><tr class="passedeven"><td><a href="#m207">demo25</a></td><td rowspan="1">1576725893586</td><td rowspan="1">1352</td></tr><tr class="passedeven"><td><a href="#m208">demo26</a></td><td rowspan="1">1576725894938</td><td rowspan="1">1211</td></tr><tr class="passedeven"><td><a href="#m209">demo30</a></td><td rowspan="1">1576725897774</td><td rowspan="1">1116</td></tr><tr class="passedeven"><td><a href="#m210">edittranser</a></td><td rowspan="1">1576725898890</td><td rowspan="1">1377</td></tr><tr class="passedeven"><td><a href="#m211">newaccount</a></td><td rowspan="5">1576725900521</td><td rowspan="5">79</td></tr><tr class="passedeven"><td><a href="#m212">newaccount</a></td></tr><tr class="passedeven"><td><a href="#m213">newaccount</a></td></tr><tr class="passedeven"><td><a href="#m214">newaccount</a></td></tr><tr class="passedeven"><td><a href="#m215">newaccount</a></td></tr><tr class="passedodd"><td rowspan="7">com.webtest.ranzhicase.CustomerManageTestCases</td><td><a href="#m216">test03</a></td><td rowspan="1">1576725920327</td><td rowspan="1">2043</td></tr><tr class="passedodd"><td><a href="#m217">test06</a></td><td rowspan="1">1576725926739</td><td rowspan="1">105</td></tr><tr class="passedodd"><td><a href="#m218">test09</a></td><td rowspan="1">1576725929835</td><td rowspan="1">2832</td></tr><tr class="passedodd"><td><a href="#m219">test15</a></td><td rowspan="1">1576725941209</td><td rowspan="1">106</td></tr><tr class="passedodd"><td><a href="#m220">test18</a></td><td rowspan="1">1576725944024</td><td rowspan="1">68</td></tr><tr class="passedodd"><td><a href="#m221">test20</a></td><td rowspan="1">1576725945317</td><td rowspan="1">25</td></tr><tr class="passedodd"><td><a href="#m222">test33</a></td><td rowspan="1">1576725961540</td><td rowspan="1">1065</td></tr><tr class="passedeven"><td rowspan="43">com.webtest.ranzhicase.DailyOfficeTestCases</td><td><a href="#m223">test01</a></td><td rowspan="1">1576726027230</td><td rowspan="1">193</td></tr><tr class="passedeven"><td><a href="#m224">test02</a></td><td rowspan="1">1576726027423</td><td rowspan="1">130</td></tr><tr class="passedeven"><td><a href="#m225">test03</a></td><td rowspan="1">1576726027554</td><td rowspan="1">59</td></tr><tr class="passedeven"><td><a href="#m226">test04</a></td><td rowspan="1">1576726027613</td><td rowspan="1">71</td></tr><tr class="passedeven"><td><a href="#m227">test05</a></td><td rowspan="1">1576726027684</td><td rowspan="1">1844</td></tr><tr class="passedeven"><td><a href="#m228">test06</a></td><td rowspan="1">1576726029528</td><td rowspan="1">30</td></tr><tr class="passedeven"><td><a href="#m229">test07</a></td><td rowspan="1">1576726029558</td><td rowspan="1">97</td></tr><tr class="passedeven"><td><a href="#m230">test08</a></td><td rowspan="1">1576726029655</td><td rowspan="1">64</td></tr><tr class="passedeven"><td><a href="#m231">test09</a></td><td rowspan="1">1576726029720</td><td rowspan="1">41</td></tr><tr class="passedeven"><td><a href="#m232">test10</a></td><td rowspan="1">1576726029762</td><td rowspan="1">51</td></tr><tr class="passedeven"><td><a href="#m233">test11</a></td><td rowspan="1">1576726029813</td><td rowspan="1">66</td></tr><tr class="passedeven"><td><a href="#m234">test12</a></td><td rowspan="1">1576726029879</td><td rowspan="1">302</td></tr><tr class="passedeven"><td><a href="#m235">test13</a></td><td rowspan="1">1576726030181</td><td rowspan="1">57</td></tr><tr class="passedeven"><td><a href="#m236">test14</a></td><td rowspan="1">1576726030238</td><td rowspan="1">72</td></tr><tr class="passedeven"><td><a href="#m237">test15</a></td><td rowspan="1">1576726030310</td><td rowspan="1">207</td></tr><tr class="passedeven"><td><a href="#m238">test16</a></td><td rowspan="1">1576726030517</td><td rowspan="1">44</td></tr><tr class="passedeven"><td><a href="#m239">test17</a></td><td rowspan="1">1576726030561</td><td rowspan="1">31</td></tr><tr class="passedeven"><td><a href="#m240">test18</a></td><td rowspan="1">1576726030592</td><td rowspan="1">59</td></tr><tr class="passedeven"><td><a href="#m241">test19</a></td><td rowspan="1">1576726030651</td><td rowspan="1">106</td></tr><tr class="passedeven"><td><a href="#m242">test20</a></td><td rowspan="1">1576726030758</td><td rowspan="1">91</td></tr><tr class="passedeven"><td><a href="#m243">test21</a></td><td rowspan="1">1576726030849</td><td rowspan="1">62</td></tr><tr class="passedeven"><td><a href="#m244">test22</a></td><td rowspan="1">1576726030911</td><td rowspan="1">64</td></tr><tr class="passedeven"><td><a href="#m245">test23</a></td><td rowspan="1">1576726030975</td><td rowspan="1">33</td></tr><tr class="passedeven"><td><a href="#m246">test25</a></td><td rowspan="1">1576726031008</td><td rowspan="1">37</td></tr><tr class="passedeven"><td><a href="#m247">test26</a></td><td rowspan="1">1576726031045</td><td rowspan="1">69</td></tr><tr class="passedeven"><td><a href="#m248">test27</a></td><td rowspan="1">1576726031114</td><td rowspan="1">36</td></tr><tr class="passedeven"><td><a href="#m249">test28</a></td><td rowspan="1">1576726031150</td><td rowspan="1">62</td></tr><tr class="passedeven"><td><a href="#m250">test29</a></td><td rowspan="1">1576726031212</td><td rowspan="1">57</td></tr><tr class="passedeven"><td><a href="#m251">test30</a></td><td rowspan="1">1576726031269</td><td rowspan="1">64</td></tr><tr class="passedeven"><td><a href="#m252">test31</a></td><td rowspan="1">1576726031334</td><td rowspan="1">57</td></tr><tr class="passedeven"><td><a href="#m253">test32</a></td><td rowspan="1">1576726031391</td><td rowspan="1">51</td></tr><tr class="passedeven"><td><a href="#m254">test33</a></td><td rowspan="1">1576726031442</td><td rowspan="1">3270</td></tr><tr class="passedeven"><td><a href="#m255">test34</a></td><td rowspan="1">1576726034712</td><td rowspan="1">168</td></tr><tr class="passedeven"><td><a href="#m256">test35</a></td><td rowspan="1">1576726034881</td><td rowspan="1">57</td></tr><tr class="passedeven"><td><a href="#m257">test36</a></td><td rowspan="1">1576726034939</td><td rowspan="1">40</td></tr><tr class="passedeven"><td><a href="#m258">test37</a></td><td rowspan="1">1576726034979</td><td rowspan="1">49</td></tr><tr class="passedeven"><td><a href="#m259">test38</a></td><td rowspan="1">1576726035028</td><td rowspan="1">52</td></tr><tr class="passedeven"><td><a href="#m260">test39</a></td><td rowspan="1">1576726035080</td><td rowspan="1">65</td></tr><tr class="passedeven"><td><a href="#m261">test40</a></td><td rowspan="1">1576726035145</td><td rowspan="1">61</td></tr><tr class="passedeven"><td><a href="#m262">test41</a></td><td rowspan="1">1576726035206</td><td rowspan="1">52</td></tr><tr class="passedeven"><td><a href="#m263">test42</a></td><td rowspan="1">1576726035258</td><td rowspan="1">46</td></tr><tr class="passedeven"><td><a href="#m264">test43</a></td><td rowspan="1">1576726035304</td><td rowspan="1">42</td></tr><tr class="passedeven"><td><a href="#m265">test44</a></td><td rowspan="1">1576726035346</td><td rowspan="1">28</td></tr><tr class="passedodd"><td rowspan="27">com.webtest.ranzhicase.MyTerritoryTestCases</td><td><a href="#m266">test05</a></td><td rowspan="1">1576726066924</td><td rowspan="1">3253</td></tr><tr class="passedodd"><td><a href="#m267">test08</a></td><td rowspan="1">1576726076973</td><td rowspan="1">62</td></tr><tr class="passedodd"><td><a href="#m268">test26</a></td><td rowspan="1">1576726131846</td><td rowspan="1">2168</td></tr><tr class="passedodd"><td><a href="#m269">test27</a></td><td rowspan="1">1576726134014</td><td rowspan="1">187</td></tr><tr class="passedodd"><td><a href="#m270">test28</a></td><td rowspan="1">1576726134202</td><td rowspan="1">90</td></tr><tr class="passedodd"><td><a href="#m271">test29</a></td><td rowspan="1">1576726134293</td><td rowspan="1">50</td></tr><tr class="passedodd"><td><a href="#m272">test30</a></td><td rowspan="1">1576726134343</td><td rowspan="1">86</td></tr><tr class="passedodd"><td><a href="#m273">test31</a></td><td rowspan="1">1576726134429</td><td rowspan="1">81</td></tr><tr class="passedodd"><td><a href="#m274">test33</a></td><td rowspan="1">1576726134510</td><td rowspan="1">35</td></tr><tr class="passedodd"><td><a href="#m275">test34</a></td><td rowspan="1">1576726134545</td><td rowspan="1">76</td></tr><tr class="passedodd"><td><a href="#m276">test40</a></td><td rowspan="1">1576726141202</td><td rowspan="1">196</td></tr><tr class="passedodd"><td><a href="#m277">test41</a></td><td rowspan="1">1576726141398</td><td rowspan="1">80</td></tr><tr class="passedodd"><td><a href="#m278">test42</a></td><td rowspan="1">1576726141478</td><td rowspan="1">205</td></tr><tr class="passedodd"><td><a href="#m279">test44</a></td><td rowspan="1">1576726141683</td><td rowspan="1">29</td></tr><tr class="passedodd"><td><a href="#m280">test45</a></td><td rowspan="1">1576726141712</td><td rowspan="1">25</td></tr><tr class="passedodd"><td><a href="#m281">test46</a></td><td rowspan="12">1576726143518</td><td rowspan="12">115</td></tr><tr class="passedodd"><td><a href="#m282">test46</a></td></tr><tr class="passedodd"><td><a href="#m283">test46</a></td></tr><tr class="passedodd"><td><a href="#m284">test46</a></td></tr><tr class="passedodd"><td><a href="#m285">test46</a></td></tr><tr class="passedodd"><td><a href="#m286">test46</a></td></tr><tr class="passedodd"><td><a href="#m287">test46</a></td></tr><tr class="passedodd"><td><a href="#m288">test46</a></td></tr><tr class="passedodd"><td><a href="#m289">test46</a></td></tr><tr class="passedodd"><td><a href="#m290">test46</a></td></tr><tr class="passedodd"><td><a href="#m291">test46</a></td></tr><tr class="passedodd"><td><a href="#m292">test46</a></td></tr></tbody></table><h2>Test</h2><h3 id="m0">com.webtest.ranzhicase.BackManageTestCases#login</h3><table class="result"><tr><th>Exception</th></tr><tr><td><div class="stacktrace">org.openqa.selenium.NoSuchFrameException: No frame element found by name or id iframe-superadmin
Build info: version: &apos;3.141.59&apos;, revision: &apos;e82be7d358&apos;, time: &apos;2018-11-14T08:25:53&apos;
System info: host: &apos;ABC123&apos;, ip: &apos;192.168.137.91&apos;, os.name: &apos;Windows 10&apos;, os.arch: &apos;amd64&apos;, os.version: &apos;10.0&apos;, java.version: &apos;1.8.0_73&apos;
Driver info: driver.version: unknown
	at org.openqa.selenium.remote.RemoteWebDriver$RemoteTargetLocator.frame(RemoteWebDriver.java:885)
	at com.webtest.core.WebDriverEngine.enterFrame(Unknown Source)
	at com.webtest.ranzhicase.BackManageTestCases.login(Unknown Source)
... Removed 23 stack frames</div></td></tr></table><p class="totop"><a href="#summary">back to summary</a></p><h3 id="m1">com.webtest.ranzhicase.OtherTestCases#Login</h3><table class="result"><tr><th>Exception</th></tr><tr><td><div class="stacktrace">java.lang.AssertionError: expected [true] but found [false]
	at com.webtest.ranzhicase.OtherTestCases.Login(Unknown Source)
... Removed 27 stack frames</div></td></tr></table><p class="totop"><a href="#summary">back to summary</a></p><h3 id="m2">com.webtest.ranzhicase.CashAccountTestCases#addspend</h3><table class="result"><tr class="param"><th>Parameter #1</th><th>Parameter #2</th></tr><tr class="param stripe"><td>555</td><td>1.3</td></tr><tr><th colspan="2">Exception</th></tr><tr><td colspan="2"><div class="stacktrace">org.openqa.selenium.JavascriptException: TypeError: document.getElementById(...) is null
Build info: version: &apos;3.141.59&apos;, revision: &apos;e82be7d358&apos;, time: &apos;2018-11-14T08:25:53&apos;
System info: host: &apos;ABC123&apos;, ip: &apos;192.168.137.91&apos;, os.name: &apos;Windows 10&apos;, os.arch: &apos;amd64&apos;, os.version: &apos;10.0&apos;, java.version: &apos;1.8.0_73&apos;
Driver info: org.openqa.selenium.firefox.FirefoxDriver
Capabilities {acceptInsecureCerts: true, browserName: firefox, browserVersion: 65.0.2, javascriptEnabled: true, moz:accessibilityChecks: false, moz:geckodriverVersion: 0.24.0, moz:headless: false, moz:processID: 17892, moz:profile: C:\Users\DELL\AppData\Local..., moz:shutdownTimeout: 60000, moz:useNonSpecCompliantPointerOrigin: false, moz:webdriverClick: true, pageLoadStrategy: normal, platform: WINDOWS, platformName: WINDOWS, platformVersion: 10.0, rotatable: false, setWindowRect: true, strictFileInteractability: false, timeouts: {implicit: 0, pageLoad: 300000, script: 30000}, unhandledPromptBehavior: dismiss and notify}
Session ID: 0e4edc65-4c68-465a-b38c-81c8402adba3
	at org.openqa.selenium.remote.http.W3CHttpResponseCodec.createException(W3CHttpResponseCodec.java:187)
	at org.openqa.selenium.remote.http.W3CHttpResponseCodec.decode(W3CHttpResponseCodec.java:122)
	at org.openqa.selenium.remote.http.W3CHttpResponseCodec.decode(W3CHttpResponseCodec.java:49)
	at org.openqa.selenium.remote.HttpCommandExecutor.execute(HttpCommandExecutor.java:158)
	at org.openqa.selenium.remote.service.DriverCommandExecutor.execute(DriverCommandExecutor.java:83)
	at org.openqa.selenium.remote.RemoteWebDriver.execute(RemoteWebDriver.java:552)
	at org.openqa.selenium.remote.RemoteWebDriver.executeScript(RemoteWebDriver.java:489)
	at com.webtest.core.WebDriverEngine.runJs(Unknown Source)
	at com.webtest.ranzhicase.CashAccountTestCases.addspend(Unknown Source)
... Removed 27 stack frames</div></td></tr></table><p class="totop"><a href="#summary">back to summary</a></p><h3 id="m3">com.webtest.ranzhicase.CashAccountTestCases#addspend</h3><table class="result"><tr class="param"><th>Parameter #1</th><th>Parameter #2</th></tr><tr class="param stripe"><td>9999</td><td>1.1</td></tr><tr><th colspan="2">Exception</th></tr><tr><td colspan="2"><div class="stacktrace">org.openqa.selenium.JavascriptException: TypeError: document.getElementById(...) is null
Build info: version: &apos;3.141.59&apos;, revision: &apos;e82be7d358&apos;, time: &apos;2018-11-14T08:25:53&apos;
System info: host: &apos;ABC123&apos;, ip: &apos;192.168.137.91&apos;, os.name: &apos;Windows 10&apos;, os.arch: &apos;amd64&apos;, os.version: &apos;10.0&apos;, java.version: &apos;1.8.0_73&apos;
Driver info: org.openqa.selenium.firefox.FirefoxDriver
Capabilities {acceptInsecureCerts: true, browserName: firefox, browserVersion: 65.0.2, javascriptEnabled: true, moz:accessibilityChecks: false, moz:geckodriverVersion: 0.24.0, moz:headless: false, moz:processID: 17892, moz:profile: C:\Users\DELL\AppData\Local..., moz:shutdownTimeout: 60000, moz:useNonSpecCompliantPointerOrigin: false, moz:webdriverClick: true, pageLoadStrategy: normal, platform: WINDOWS, platformName: WINDOWS, platformVersion: 10.0, rotatable: false, setWindowRect: true, strictFileInteractability: false, timeouts: {implicit: 0, pageLoad: 300000, script: 30000}, unhandledPromptBehavior: dismiss and notify}
Session ID: 0e4edc65-4c68-465a-b38c-81c8402adba3
	at org.openqa.selenium.remote.http.W3CHttpResponseCodec.createException(W3CHttpResponseCodec.java:187)
	at org.openqa.selenium.remote.http.W3CHttpResponseCodec.decode(W3CHttpResponseCodec.java:122)
	at org.openqa.selenium.remote.http.W3CHttpResponseCodec.decode(W3CHttpResponseCodec.java:49)
	at org.openqa.selenium.remote.HttpCommandExecutor.execute(HttpCommandExecutor.java:158)
	at org.openqa.selenium.remote.service.DriverCommandExecutor.execute(DriverCommandExecutor.java:83)
	at org.openqa.selenium.remote.RemoteWebDriver.execute(RemoteWebDriver.java:552)
	at org.openqa.selenium.remote.RemoteWebDriver.executeScript(RemoteWebDriver.java:489)
	at com.webtest.core.WebDriverEngine.runJs(Unknown Source)
	at com.webtest.ranzhicase.CashAccountTestCases.addspend(Unknown Source)
... Removed 27 stack frames</div></td></tr></table><p class="totop"><a href="#summary">back to summary</a></p><h3 id="m4">com.webtest.ranzhicase.CashAccountTestCases#addspend</h3><table class="result"><tr class="param"><th>Parameter #1</th><th>Parameter #2</th></tr><tr class="param stripe"><td>895</td><td>0.9</td></tr><tr><th colspan="2">Exception</th></tr><tr><td colspan="2"><div class="stacktrace">org.openqa.selenium.JavascriptException: TypeError: document.getElementById(...) is null
Build info: version: &apos;3.141.59&apos;, revision: &apos;e82be7d358&apos;, time: &apos;2018-11-14T08:25:53&apos;
System info: host: &apos;ABC123&apos;, ip: &apos;192.168.137.91&apos;, os.name: &apos;Windows 10&apos;, os.arch: &apos;amd64&apos;, os.version: &apos;10.0&apos;, java.version: &apos;1.8.0_73&apos;
Driver info: org.openqa.selenium.firefox.FirefoxDriver
Capabilities {acceptInsecureCerts: true, browserName: firefox, browserVersion: 65.0.2, javascriptEnabled: true, moz:accessibilityChecks: false, moz:geckodriverVersion: 0.24.0, moz:headless: false, moz:processID: 17892, moz:profile: C:\Users\DELL\AppData\Local..., moz:shutdownTimeout: 60000, moz:useNonSpecCompliantPointerOrigin: false, moz:webdriverClick: true, pageLoadStrategy: normal, platform: WINDOWS, platformName: WINDOWS, platformVersion: 10.0, rotatable: false, setWindowRect: true, strictFileInteractability: false, timeouts: {implicit: 0, pageLoad: 300000, script: 30000}, unhandledPromptBehavior: dismiss and notify}
Session ID: 0e4edc65-4c68-465a-b38c-81c8402adba3
	at org.openqa.selenium.remote.http.W3CHttpResponseCodec.createException(W3CHttpResponseCodec.java:187)
	at org.openqa.selenium.remote.http.W3CHttpResponseCodec.decode(W3CHttpResponseCodec.java:122)
	at org.openqa.selenium.remote.http.W3CHttpResponseCodec.decode(W3CHttpResponseCodec.java:49)
	at org.openqa.selenium.remote.HttpCommandExecutor.execute(HttpCommandExecutor.java:158)
	at org.openqa.selenium.remote.service.DriverCommandExecutor.execute(DriverCommandExecutor.java:83)
	at org.openqa.selenium.remote.RemoteWebDriver.execute(RemoteWebDriver.java:552)
	at org.openqa.selenium.remote.RemoteWebDriver.executeScript(RemoteWebDriver.java:489)
	at com.webtest.core.WebDriverEngine.runJs(Unknown Source)
	at com.webtest.ranzhicase.CashAccountTestCases.addspend(Unknown Source)
... Removed 27 stack frames</div></td></tr></table><p class="totop"><a href="#summary">back to summary</a></p><h3 id="m5">com.webtest.ranzhicase.CashAccountTestCases#addspend</h3><table class="result"><tr class="param"><th>Parameter #1</th><th>Parameter #2</th></tr><tr class="param stripe"><td>666</td><td>1.2</td></tr><tr><th colspan="2">Exception</th></tr><tr><td colspan="2"><div class="stacktrace">org.openqa.selenium.JavascriptException: TypeError: document.getElementById(...) is null
Build info: version: &apos;3.141.59&apos;, revision: &apos;e82be7d358&apos;, time: &apos;2018-11-14T08:25:53&apos;
System info: host: &apos;ABC123&apos;, ip: &apos;192.168.137.91&apos;, os.name: &apos;Windows 10&apos;, os.arch: &apos;amd64&apos;, os.version: &apos;10.0&apos;, java.version: &apos;1.8.0_73&apos;
Driver info: org.openqa.selenium.firefox.FirefoxDriver
Capabilities {acceptInsecureCerts: true, browserName: firefox, browserVersion: 65.0.2, javascriptEnabled: true, moz:accessibilityChecks: false, moz:geckodriverVersion: 0.24.0, moz:headless: false, moz:processID: 17892, moz:profile: C:\Users\DELL\AppData\Local..., moz:shutdownTimeout: 60000, moz:useNonSpecCompliantPointerOrigin: false, moz:webdriverClick: true, pageLoadStrategy: normal, platform: WINDOWS, platformName: WINDOWS, platformVersion: 10.0, rotatable: false, setWindowRect: true, strictFileInteractability: false, timeouts: {implicit: 0, pageLoad: 300000, script: 30000}, unhandledPromptBehavior: dismiss and notify}
Session ID: 0e4edc65-4c68-465a-b38c-81c8402adba3
	at org.openqa.selenium.remote.http.W3CHttpResponseCodec.createException(W3CHttpResponseCodec.java:187)
	at org.openqa.selenium.remote.http.W3CHttpResponseCodec.decode(W3CHttpResponseCodec.java:122)
	at org.openqa.selenium.remote.http.W3CHttpResponseCodec.decode(W3CHttpResponseCodec.java:49)
	at org.openqa.selenium.remote.HttpCommandExecutor.execute(HttpCommandExecutor.java:158)
	at org.openqa.selenium.remote.service.DriverCommandExecutor.execute(DriverCommandExecutor.java:83)
	at org.openqa.selenium.remote.RemoteWebDriver.execute(RemoteWebDriver.java:552)
	at org.openqa.selenium.remote.RemoteWebDriver.executeScript(RemoteWebDriver.java:489)
	at com.webtest.core.WebDriverEngine.runJs(Unknown Source)
	at com.webtest.ranzhicase.CashAccountTestCases.addspend(Unknown Source)
... Removed 27 stack frames</div></td></tr></table><p class="totop"><a href="#summary">back to summary</a></p><h3 id="m6">com.webtest.ranzhicase.CashAccountTestCases#addspend</h3><table class="result"><tr class="param"><th>Parameter #1</th><th>Parameter #2</th></tr><tr class="param stripe"><td>3000</td><td>0.7</td></tr><tr><th colspan="2">Exception</th></tr><tr><td colspan="2"><div class="stacktrace">org.openqa.selenium.JavascriptException: TypeError: document.getElementById(...) is null
Build info: version: &apos;3.141.59&apos;, revision: &apos;e82be7d358&apos;, time: &apos;2018-11-14T08:25:53&apos;
System info: host: &apos;ABC123&apos;, ip: &apos;192.168.137.91&apos;, os.name: &apos;Windows 10&apos;, os.arch: &apos;amd64&apos;, os.version: &apos;10.0&apos;, java.version: &apos;1.8.0_73&apos;
Driver info: org.openqa.selenium.firefox.FirefoxDriver
Capabilities {acceptInsecureCerts: true, browserName: firefox, browserVersion: 65.0.2, javascriptEnabled: true, moz:accessibilityChecks: false, moz:geckodriverVersion: 0.24.0, moz:headless: false, moz:processID: 17892, moz:profile: C:\Users\DELL\AppData\Local..., moz:shutdownTimeout: 60000, moz:useNonSpecCompliantPointerOrigin: false, moz:webdriverClick: true, pageLoadStrategy: normal, platform: WINDOWS, platformName: WINDOWS, platformVersion: 10.0, rotatable: false, setWindowRect: true, strictFileInteractability: false, timeouts: {implicit: 0, pageLoad: 300000, script: 30000}, unhandledPromptBehavior: dismiss and notify}
Session ID: 0e4edc65-4c68-465a-b38c-81c8402adba3
	at org.openqa.selenium.remote.http.W3CHttpResponseCodec.createException(W3CHttpResponseCodec.java:187)
	at org.openqa.selenium.remote.http.W3CHttpResponseCodec.decode(W3CHttpResponseCodec.java:122)
	at org.openqa.selenium.remote.http.W3CHttpResponseCodec.decode(W3CHttpResponseCodec.java:49)
	at org.openqa.selenium.remote.HttpCommandExecutor.execute(HttpCommandExecutor.java:158)
	at org.openqa.selenium.remote.service.DriverCommandExecutor.execute(DriverCommandExecutor.java:83)
	at org.openqa.selenium.remote.RemoteWebDriver.execute(RemoteWebDriver.java:552)
	at org.openqa.selenium.remote.RemoteWebDriver.executeScript(RemoteWebDriver.java:489)
	at com.webtest.core.WebDriverEngine.runJs(Unknown Source)
	at com.webtest.ranzhicase.CashAccountTestCases.addspend(Unknown Source)
... Removed 27 stack frames</div></td></tr></table><p class="totop"><a href="#summary">back to summary</a></p><h3 id="m7">com.webtest.ranzhicase.CashAccountTestCases#checkaccount</h3><table class="result"><tr><th>Exception</th></tr><tr><td><div class="stacktrace">org.openqa.selenium.JavascriptException: TypeError: document.getElementById(...) is null
Build info: version: &apos;3.141.59&apos;, revision: &apos;e82be7d358&apos;, time: &apos;2018-11-14T08:25:53&apos;
System info: host: &apos;ABC123&apos;, ip: &apos;192.168.137.91&apos;, os.name: &apos;Windows 10&apos;, os.arch: &apos;amd64&apos;, os.version: &apos;10.0&apos;, java.version: &apos;1.8.0_73&apos;
Driver info: org.openqa.selenium.firefox.FirefoxDriver
Capabilities {acceptInsecureCerts: true, browserName: firefox, browserVersion: 65.0.2, javascriptEnabled: true, moz:accessibilityChecks: false, moz:geckodriverVersion: 0.24.0, moz:headless: false, moz:processID: 17892, moz:profile: C:\Users\DELL\AppData\Local..., moz:shutdownTimeout: 60000, moz:useNonSpecCompliantPointerOrigin: false, moz:webdriverClick: true, pageLoadStrategy: normal, platform: WINDOWS, platformName: WINDOWS, platformVersion: 10.0, rotatable: false, setWindowRect: true, strictFileInteractability: false, timeouts: {implicit: 0, pageLoad: 300000, script: 30000}, unhandledPromptBehavior: dismiss and notify}
Session ID: 0e4edc65-4c68-465a-b38c-81c8402adba3
	at org.openqa.selenium.remote.http.W3CHttpResponseCodec.createException(W3CHttpResponseCodec.java:187)
	at org.openqa.selenium.remote.http.W3CHttpResponseCodec.decode(W3CHttpResponseCodec.java:122)
	at org.openqa.selenium.remote.http.W3CHttpResponseCodec.decode(W3CHttpResponseCodec.java:49)
	at org.openqa.selenium.remote.HttpCommandExecutor.execute(HttpCommandExecutor.java:158)
	at org.openqa.selenium.remote.service.DriverCommandExecutor.execute(DriverCommandExecutor.java:83)
	at org.openqa.selenium.remote.RemoteWebDriver.execute(RemoteWebDriver.java:552)
	at org.openqa.selenium.remote.RemoteWebDriver.executeScript(RemoteWebDriver.java:489)
	at com.webtest.core.WebDriverEngine.runJs(Unknown Source)
	at com.webtest.ranzhicase.CashAccountTestCases.checkaccount(Unknown Source)
... Removed 27 stack frames</div></td></tr></table><p class="totop"><a href="#summary">back to summary</a></p><h3 id="m8">com.webtest.ranzhicase.CashAccountTestCases#demo02</h3><table class="result"><tr><th>Exception</th></tr><tr><td><div class="stacktrace">org.openqa.selenium.JavascriptException: TypeError: document.getElementById(...) is null
Build info: version: &apos;3.141.59&apos;, revision: &apos;e82be7d358&apos;, time: &apos;2018-11-14T08:25:53&apos;
System info: host: &apos;ABC123&apos;, ip: &apos;192.168.137.91&apos;, os.name: &apos;Windows 10&apos;, os.arch: &apos;amd64&apos;, os.version: &apos;10.0&apos;, java.version: &apos;1.8.0_73&apos;
Driver info: org.openqa.selenium.firefox.FirefoxDriver
Capabilities {acceptInsecureCerts: true, browserName: firefox, browserVersion: 65.0.2, javascriptEnabled: true, moz:accessibilityChecks: false, moz:geckodriverVersion: 0.24.0, moz:headless: false, moz:processID: 17892, moz:profile: C:\Users\DELL\AppData\Local..., moz:shutdownTimeout: 60000, moz:useNonSpecCompliantPointerOrigin: false, moz:webdriverClick: true, pageLoadStrategy: normal, platform: WINDOWS, platformName: WINDOWS, platformVersion: 10.0, rotatable: false, setWindowRect: true, strictFileInteractability: false, timeouts: {implicit: 0, pageLoad: 300000, script: 30000}, unhandledPromptBehavior: dismiss and notify}
Session ID: 0e4edc65-4c68-465a-b38c-81c8402adba3
	at org.openqa.selenium.remote.http.W3CHttpResponseCodec.createException(W3CHttpResponseCodec.java:187)
	at org.openqa.selenium.remote.http.W3CHttpResponseCodec.decode(W3CHttpResponseCodec.java:122)
	at org.openqa.selenium.remote.http.W3CHttpResponseCodec.decode(W3CHttpResponseCodec.java:49)
	at org.openqa.selenium.remote.HttpCommandExecutor.execute(HttpCommandExecutor.java:158)
	at org.openqa.selenium.remote.service.DriverCommandExecutor.execute(DriverCommandExecutor.java:83)
	at org.openqa.selenium.remote.RemoteWebDriver.execute(RemoteWebDriver.java:552)
	at org.openqa.selenium.remote.RemoteWebDriver.executeScript(RemoteWebDriver.java:489)
	at com.webtest.core.WebDriverEngine.runJs(Unknown Source)
	at com.webtest.ranzhicase.CashAccountTestCases.demo02(Unknown Source)
... Removed 27 stack frames</div></td></tr></table><p class="totop"><a href="#summary">back to summary</a></p><h3 id="m9">com.webtest.ranzhicase.CashAccountTestCases#demo03</h3><table class="result"><tr><th>Exception</th></tr><tr><td><div class="stacktrace">org.openqa.selenium.JavascriptException: TypeError: document.getElementById(...) is null
Build info: version: &apos;3.141.59&apos;, revision: &apos;e82be7d358&apos;, time: &apos;2018-11-14T08:25:53&apos;
System info: host: &apos;ABC123&apos;, ip: &apos;192.168.137.91&apos;, os.name: &apos;Windows 10&apos;, os.arch: &apos;amd64&apos;, os.version: &apos;10.0&apos;, java.version: &apos;1.8.0_73&apos;
Driver info: org.openqa.selenium.firefox.FirefoxDriver
Capabilities {acceptInsecureCerts: true, browserName: firefox, browserVersion: 65.0.2, javascriptEnabled: true, moz:accessibilityChecks: false, moz:geckodriverVersion: 0.24.0, moz:headless: false, moz:processID: 17892, moz:profile: C:\Users\DELL\AppData\Local..., moz:shutdownTimeout: 60000, moz:useNonSpecCompliantPointerOrigin: false, moz:webdriverClick: true, pageLoadStrategy: normal, platform: WINDOWS, platformName: WINDOWS, platformVersion: 10.0, rotatable: false, setWindowRect: true, strictFileInteractability: false, timeouts: {implicit: 0, pageLoad: 300000, script: 30000}, unhandledPromptBehavior: dismiss and notify}
Session ID: 0e4edc65-4c68-465a-b38c-81c8402adba3
	at org.openqa.selenium.remote.http.W3CHttpResponseCodec.createException(W3CHttpResponseCodec.java:187)
	at org.openqa.selenium.remote.http.W3CHttpResponseCodec.decode(W3CHttpResponseCodec.java:122)
	at org.openqa.selenium.remote.http.W3CHttpResponseCodec.decode(W3CHttpResponseCodec.java:49)
	at org.openqa.selenium.remote.HttpCommandExecutor.execute(HttpCommandExecutor.java:158)
	at org.openqa.selenium.remote.service.DriverCommandExecutor.execute(DriverCommandExecutor.java:83)
	at org.openqa.selenium.remote.RemoteWebDriver.execute(RemoteWebDriver.java:552)
	at org.openqa.selenium.remote.RemoteWebDriver.executeScript(RemoteWebDriver.java:489)
	at com.webtest.core.WebDriverEngine.runJs(Unknown Source)
	at com.webtest.ranzhicase.CashAccountTestCases.demo03(Unknown Source)
... Removed 27 stack frames</div></td></tr></table><p class="totop"><a href="#summary">back to summary</a></p><h3 id="m10">com.webtest.ranzhicase.CashAccountTestCases#demo11</h3><table class="result"><tr><th>Exception</th></tr><tr><td><div class="stacktrace">org.openqa.selenium.JavascriptException: TypeError: document.getElementById(...) is null
Build info: version: &apos;3.141.59&apos;, revision: &apos;e82be7d358&apos;, time: &apos;2018-11-14T08:25:53&apos;
System info: host: &apos;ABC123&apos;, ip: &apos;192.168.137.91&apos;, os.name: &apos;Windows 10&apos;, os.arch: &apos;amd64&apos;, os.version: &apos;10.0&apos;, java.version: &apos;1.8.0_73&apos;
Driver info: org.openqa.selenium.firefox.FirefoxDriver
Capabilities {acceptInsecureCerts: true, browserName: firefox, browserVersion: 65.0.2, javascriptEnabled: true, moz:accessibilityChecks: false, moz:geckodriverVersion: 0.24.0, moz:headless: false, moz:processID: 17892, moz:profile: C:\Users\DELL\AppData\Local..., moz:shutdownTimeout: 60000, moz:useNonSpecCompliantPointerOrigin: false, moz:webdriverClick: true, pageLoadStrategy: normal, platform: WINDOWS, platformName: WINDOWS, platformVersion: 10.0, rotatable: false, setWindowRect: true, strictFileInteractability: false, timeouts: {implicit: 0, pageLoad: 300000, script: 30000}, unhandledPromptBehavior: dismiss and notify}
Session ID: 0e4edc65-4c68-465a-b38c-81c8402adba3
	at org.openqa.selenium.remote.http.W3CHttpResponseCodec.createException(W3CHttpResponseCodec.java:187)
	at org.openqa.selenium.remote.http.W3CHttpResponseCodec.decode(W3CHttpResponseCodec.java:122)
	at org.openqa.selenium.remote.http.W3CHttpResponseCodec.decode(W3CHttpResponseCodec.java:49)
	at org.openqa.selenium.remote.HttpCommandExecutor.execute(HttpCommandExecutor.java:158)
	at org.openqa.selenium.remote.service.DriverCommandExecutor.execute(DriverCommandExecutor.java:83)
	at org.openqa.selenium.remote.RemoteWebDriver.execute(RemoteWebDriver.java:552)
	at org.openqa.selenium.remote.RemoteWebDriver.executeScript(RemoteWebDriver.java:489)
	at com.webtest.core.WebDriverEngine.runJs(Unknown Source)
	at com.webtest.ranzhicase.CashAccountTestCases.demo11(Unknown Source)
... Removed 27 stack frames</div></td></tr></table><p class="totop"><a href="#summary">back to summary</a></p><h3 id="m11">com.webtest.ranzhicase.CashAccountTestCases#demo20</h3><table class="result"><tr><th>Exception</th></tr><tr><td><div class="stacktrace">java.lang.NullPointerException
	at org.openqa.selenium.support.ui.Select.&lt;init&gt;(Select.java:45)
	at com.webtest.core.WebDriverEngine.getSelect(Unknown Source)
	at com.webtest.core.WebDriverEngine.selectByIndex(Unknown Source)
	at com.webtest.ranzhicase.CashAccountTestCases.demo20(Unknown Source)
... Removed 23 stack frames</div></td></tr></table><p class="totop"><a href="#summary">back to summary</a></p><h3 id="m12">com.webtest.ranzhicase.CashAccountTestCases#demo22</h3><table class="result"><tr><th>Exception</th></tr><tr><td><div class="stacktrace">java.lang.NullPointerException
	at org.openqa.selenium.support.ui.Select.&lt;init&gt;(Select.java:45)
	at com.webtest.core.WebDriverEngine.getSelect(Unknown Source)
	at com.webtest.core.WebDriverEngine.selectByIndex(Unknown Source)
	at com.webtest.ranzhicase.CashAccountTestCases.demo22(Unknown Source)
... Removed 23 stack frames</div></td></tr></table><p class="totop"><a href="#summary">back to summary</a></p><h3 id="m13">com.webtest.ranzhicase.CashAccountTestCases#demo23</h3><table class="result"><tr><th>Exception</th></tr><tr><td><div class="stacktrace">org.openqa.selenium.JavascriptException: TypeError: document.getElementById(...) is null
Build info: version: &apos;3.141.59&apos;, revision: &apos;e82be7d358&apos;, time: &apos;2018-11-14T08:25:53&apos;
System info: host: &apos;ABC123&apos;, ip: &apos;192.168.137.91&apos;, os.name: &apos;Windows 10&apos;, os.arch: &apos;amd64&apos;, os.version: &apos;10.0&apos;, java.version: &apos;1.8.0_73&apos;
Driver info: org.openqa.selenium.firefox.FirefoxDriver
Capabilities {acceptInsecureCerts: true, browserName: firefox, browserVersion: 65.0.2, javascriptEnabled: true, moz:accessibilityChecks: false, moz:geckodriverVersion: 0.24.0, moz:headless: false, moz:processID: 17892, moz:profile: C:\Users\DELL\AppData\Local..., moz:shutdownTimeout: 60000, moz:useNonSpecCompliantPointerOrigin: false, moz:webdriverClick: true, pageLoadStrategy: normal, platform: WINDOWS, platformName: WINDOWS, platformVersion: 10.0, rotatable: false, setWindowRect: true, strictFileInteractability: false, timeouts: {implicit: 0, pageLoad: 300000, script: 30000}, unhandledPromptBehavior: dismiss and notify}
Session ID: 0e4edc65-4c68-465a-b38c-81c8402adba3
	at org.openqa.selenium.remote.http.W3CHttpResponseCodec.createException(W3CHttpResponseCodec.java:187)
	at org.openqa.selenium.remote.http.W3CHttpResponseCodec.decode(W3CHttpResponseCodec.java:122)
	at org.openqa.selenium.remote.http.W3CHttpResponseCodec.decode(W3CHttpResponseCodec.java:49)
	at org.openqa.selenium.remote.HttpCommandExecutor.execute(HttpCommandExecutor.java:158)
	at org.openqa.selenium.remote.service.DriverCommandExecutor.execute(DriverCommandExecutor.java:83)
	at org.openqa.selenium.remote.RemoteWebDriver.execute(RemoteWebDriver.java:552)
	at org.openqa.selenium.remote.RemoteWebDriver.executeScript(RemoteWebDriver.java:489)
	at com.webtest.core.WebDriverEngine.runJs(Unknown Source)
	at com.webtest.ranzhicase.CashAccountTestCases.demo23(Unknown Source)
... Removed 27 stack frames</div></td></tr></table><p class="totop"><a href="#summary">back to summary</a></p><h3 id="m14">com.webtest.ranzhicase.CashAccountTestCases#demo24</h3><table class="result"><tr><th>Exception</th></tr><tr><td><div class="stacktrace">org.openqa.selenium.JavascriptException: TypeError: document.getElementById(...) is null
Build info: version: &apos;3.141.59&apos;, revision: &apos;e82be7d358&apos;, time: &apos;2018-11-14T08:25:53&apos;
System info: host: &apos;ABC123&apos;, ip: &apos;192.168.137.91&apos;, os.name: &apos;Windows 10&apos;, os.arch: &apos;amd64&apos;, os.version: &apos;10.0&apos;, java.version: &apos;1.8.0_73&apos;
Driver info: org.openqa.selenium.firefox.FirefoxDriver
Capabilities {acceptInsecureCerts: true, browserName: firefox, browserVersion: 65.0.2, javascriptEnabled: true, moz:accessibilityChecks: false, moz:geckodriverVersion: 0.24.0, moz:headless: false, moz:processID: 17892, moz:profile: C:\Users\DELL\AppData\Local..., moz:shutdownTimeout: 60000, moz:useNonSpecCompliantPointerOrigin: false, moz:webdriverClick: true, pageLoadStrategy: normal, platform: WINDOWS, platformName: WINDOWS, platformVersion: 10.0, rotatable: false, setWindowRect: true, strictFileInteractability: false, timeouts: {implicit: 0, pageLoad: 300000, script: 30000}, unhandledPromptBehavior: dismiss and notify}
Session ID: 0e4edc65-4c68-465a-b38c-81c8402adba3
	at org.openqa.selenium.remote.http.W3CHttpResponseCodec.createException(W3CHttpResponseCodec.java:187)
	at org.openqa.selenium.remote.http.W3CHttpResponseCodec.decode(W3CHttpResponseCodec.java:122)
	at org.openqa.selenium.remote.http.W3CHttpResponseCodec.decode(W3CHttpResponseCodec.java:49)
	at org.openqa.selenium.remote.HttpCommandExecutor.execute(HttpCommandExecutor.java:158)
	at org.openqa.selenium.remote.service.DriverCommandExecutor.execute(DriverCommandExecutor.java:83)
	at org.openqa.selenium.remote.RemoteWebDriver.execute(RemoteWebDriver.java:552)
	at org.openqa.selenium.remote.RemoteWebDriver.executeScript(RemoteWebDriver.java:489)
	at com.webtest.core.WebDriverEngine.runJs(Unknown Source)
	at com.webtest.ranzhicase.CashAccountTestCases.demo24(Unknown Source)
... Removed 27 stack frames</div></td></tr></table><p class="totop"><a href="#summary">back to summary</a></p><h3 id="m15">com.webtest.ranzhicase.CashAccountTestCases#demo27</h3><table class="result"><tr><th>Exception</th></tr><tr><td><div class="stacktrace">org.openqa.selenium.JavascriptException: TypeError: document.getElementById(...) is null
Build info: version: &apos;3.141.59&apos;, revision: &apos;e82be7d358&apos;, time: &apos;2018-11-14T08:25:53&apos;
System info: host: &apos;ABC123&apos;, ip: &apos;192.168.137.91&apos;, os.name: &apos;Windows 10&apos;, os.arch: &apos;amd64&apos;, os.version: &apos;10.0&apos;, java.version: &apos;1.8.0_73&apos;
Driver info: org.openqa.selenium.firefox.FirefoxDriver
Capabilities {acceptInsecureCerts: true, browserName: firefox, browserVersion: 65.0.2, javascriptEnabled: true, moz:accessibilityChecks: false, moz:geckodriverVersion: 0.24.0, moz:headless: false, moz:processID: 17892, moz:profile: C:\Users\DELL\AppData\Local..., moz:shutdownTimeout: 60000, moz:useNonSpecCompliantPointerOrigin: false, moz:webdriverClick: true, pageLoadStrategy: normal, platform: WINDOWS, platformName: WINDOWS, platformVersion: 10.0, rotatable: false, setWindowRect: true, strictFileInteractability: false, timeouts: {implicit: 0, pageLoad: 300000, script: 30000}, unhandledPromptBehavior: dismiss and notify}
Session ID: 0e4edc65-4c68-465a-b38c-81c8402adba3
	at org.openqa.selenium.remote.http.W3CHttpResponseCodec.createException(W3CHttpResponseCodec.java:187)
	at org.openqa.selenium.remote.http.W3CHttpResponseCodec.decode(W3CHttpResponseCodec.java:122)
	at org.openqa.selenium.remote.http.W3CHttpResponseCodec.decode(W3CHttpResponseCodec.java:49)
	at org.openqa.selenium.remote.HttpCommandExecutor.execute(HttpCommandExecutor.java:158)
	at org.openqa.selenium.remote.service.DriverCommandExecutor.execute(DriverCommandExecutor.java:83)
	at org.openqa.selenium.remote.RemoteWebDriver.execute(RemoteWebDriver.java:552)
	at org.openqa.selenium.remote.RemoteWebDriver.executeScript(RemoteWebDriver.java:489)
	at com.webtest.core.WebDriverEngine.runJs(Unknown Source)
	at com.webtest.ranzhicase.CashAccountTestCases.demo27(Unknown Source)
... Removed 27 stack frames</div></td></tr></table><p class="totop"><a href="#summary">back to summary</a></p><h3 id="m16">com.webtest.ranzhicase.CashAccountTestCases#demo28</h3><table class="result"><tr><th>Exception</th></tr><tr><td><div class="stacktrace">org.openqa.selenium.JavascriptException: TypeError: document.getElementById(...) is null
Build info: version: &apos;3.141.59&apos;, revision: &apos;e82be7d358&apos;, time: &apos;2018-11-14T08:25:53&apos;
System info: host: &apos;ABC123&apos;, ip: &apos;192.168.137.91&apos;, os.name: &apos;Windows 10&apos;, os.arch: &apos;amd64&apos;, os.version: &apos;10.0&apos;, java.version: &apos;1.8.0_73&apos;
Driver info: org.openqa.selenium.firefox.FirefoxDriver
Capabilities {acceptInsecureCerts: true, browserName: firefox, browserVersion: 65.0.2, javascriptEnabled: true, moz:accessibilityChecks: false, moz:geckodriverVersion: 0.24.0, moz:headless: false, moz:processID: 17892, moz:profile: C:\Users\DELL\AppData\Local..., moz:shutdownTimeout: 60000, moz:useNonSpecCompliantPointerOrigin: false, moz:webdriverClick: true, pageLoadStrategy: normal, platform: WINDOWS, platformName: WINDOWS, platformVersion: 10.0, rotatable: false, setWindowRect: true, strictFileInteractability: false, timeouts: {implicit: 0, pageLoad: 300000, script: 30000}, unhandledPromptBehavior: dismiss and notify}
Session ID: 0e4edc65-4c68-465a-b38c-81c8402adba3
	at org.openqa.selenium.remote.http.W3CHttpResponseCodec.createException(W3CHttpResponseCodec.java:187)
	at org.openqa.selenium.remote.http.W3CHttpResponseCodec.decode(W3CHttpResponseCodec.java:122)
	at org.openqa.selenium.remote.http.W3CHttpResponseCodec.decode(W3CHttpResponseCodec.java:49)
	at org.openqa.selenium.remote.HttpCommandExecutor.execute(HttpCommandExecutor.java:158)
	at org.openqa.selenium.remote.service.DriverCommandExecutor.execute(DriverCommandExecutor.java:83)
	at org.openqa.selenium.remote.RemoteWebDriver.execute(RemoteWebDriver.java:552)
	at org.openqa.selenium.remote.RemoteWebDriver.executeScript(RemoteWebDriver.java:489)
	at com.webtest.core.WebDriverEngine.runJs(Unknown Source)
	at com.webtest.ranzhicase.CashAccountTestCases.demo28(Unknown Source)
... Removed 27 stack frames</div></td></tr></table><p class="totop"><a href="#summary">back to summary</a></p><h3 id="m17">com.webtest.ranzhicase.CashAccountTestCases#demo29</h3><table class="result"><tr><th>Exception</th></tr><tr><td><div class="stacktrace">java.lang.NullPointerException
	at org.openqa.selenium.support.ui.Select.&lt;init&gt;(Select.java:45)
	at com.webtest.core.WebDriverEngine.getSelect(Unknown Source)
	at com.webtest.core.WebDriverEngine.selectByIndex(Unknown Source)
	at com.webtest.ranzhicase.CashAccountTestCases.demo29(Unknown Source)
... Removed 23 stack frames</div></td></tr></table><p class="totop"><a href="#summary">back to summary</a></p><h3 id="m18">com.webtest.ranzhicase.CashAccountTestCases#testmoney</h3><table class="result"><tr class="param"><th>Parameter #1</th><th>Parameter #2</th></tr><tr class="param stripe"><td>vsd</td><td>vsf</td></tr><tr><th colspan="2">Exception</th></tr><tr><td colspan="2"><div class="stacktrace">org.openqa.selenium.JavascriptException: TypeError: document.getElementById(...) is null
Build info: version: &apos;3.141.59&apos;, revision: &apos;e82be7d358&apos;, time: &apos;2018-11-14T08:25:53&apos;
System info: host: &apos;ABC123&apos;, ip: &apos;192.168.137.91&apos;, os.name: &apos;Windows 10&apos;, os.arch: &apos;amd64&apos;, os.version: &apos;10.0&apos;, java.version: &apos;1.8.0_73&apos;
Driver info: org.openqa.selenium.firefox.FirefoxDriver
Capabilities {acceptInsecureCerts: true, browserName: firefox, browserVersion: 65.0.2, javascriptEnabled: true, moz:accessibilityChecks: false, moz:geckodriverVersion: 0.24.0, moz:headless: false, moz:processID: 17892, moz:profile: C:\Users\DELL\AppData\Local..., moz:shutdownTimeout: 60000, moz:useNonSpecCompliantPointerOrigin: false, moz:webdriverClick: true, pageLoadStrategy: normal, platform: WINDOWS, platformName: WINDOWS, platformVersion: 10.0, rotatable: false, setWindowRect: true, strictFileInteractability: false, timeouts: {implicit: 0, pageLoad: 300000, script: 30000}, unhandledPromptBehavior: dismiss and notify}
Session ID: 0e4edc65-4c68-465a-b38c-81c8402adba3
	at org.openqa.selenium.remote.http.W3CHttpResponseCodec.createException(W3CHttpResponseCodec.java:187)
	at org.openqa.selenium.remote.http.W3CHttpResponseCodec.decode(W3CHttpResponseCodec.java:122)
	at org.openqa.selenium.remote.http.W3CHttpResponseCodec.decode(W3CHttpResponseCodec.java:49)
	at org.openqa.selenium.remote.HttpCommandExecutor.execute(HttpCommandExecutor.java:158)
	at org.openqa.selenium.remote.service.DriverCommandExecutor.execute(DriverCommandExecutor.java:83)
	at org.openqa.selenium.remote.RemoteWebDriver.execute(RemoteWebDriver.java:552)
	at org.openqa.selenium.remote.RemoteWebDriver.executeScript(RemoteWebDriver.java:489)
	at com.webtest.core.WebDriverEngine.runJs(Unknown Source)
	at com.webtest.ranzhicase.CashAccountTestCases.testmoney(Unknown Source)
... Removed 26 stack frames</div></td></tr></table><p class="totop"><a href="#summary">back to summary</a></p><h3 id="m19">com.webtest.ranzhicase.CashAccountTestCases#testmoney</h3><table class="result"><tr class="param"><th>Parameter #1</th><th>Parameter #2</th></tr><tr class="param stripe"><td>as</td><td>sd</td></tr><tr><th colspan="2">Exception</th></tr><tr><td colspan="2"><div class="stacktrace">org.openqa.selenium.JavascriptException: TypeError: document.getElementById(...) is null
Build info: version: &apos;3.141.59&apos;, revision: &apos;e82be7d358&apos;, time: &apos;2018-11-14T08:25:53&apos;
System info: host: &apos;ABC123&apos;, ip: &apos;192.168.137.91&apos;, os.name: &apos;Windows 10&apos;, os.arch: &apos;amd64&apos;, os.version: &apos;10.0&apos;, java.version: &apos;1.8.0_73&apos;
Driver info: org.openqa.selenium.firefox.FirefoxDriver
Capabilities {acceptInsecureCerts: true, browserName: firefox, browserVersion: 65.0.2, javascriptEnabled: true, moz:accessibilityChecks: false, moz:geckodriverVersion: 0.24.0, moz:headless: false, moz:processID: 17892, moz:profile: C:\Users\DELL\AppData\Local..., moz:shutdownTimeout: 60000, moz:useNonSpecCompliantPointerOrigin: false, moz:webdriverClick: true, pageLoadStrategy: normal, platform: WINDOWS, platformName: WINDOWS, platformVersion: 10.0, rotatable: false, setWindowRect: true, strictFileInteractability: false, timeouts: {implicit: 0, pageLoad: 300000, script: 30000}, unhandledPromptBehavior: dismiss and notify}
Session ID: 0e4edc65-4c68-465a-b38c-81c8402adba3
	at org.openqa.selenium.remote.http.W3CHttpResponseCodec.createException(W3CHttpResponseCodec.java:187)
	at org.openqa.selenium.remote.http.W3CHttpResponseCodec.decode(W3CHttpResponseCodec.java:122)
	at org.openqa.selenium.remote.http.W3CHttpResponseCodec.decode(W3CHttpResponseCodec.java:49)
	at org.openqa.selenium.remote.HttpCommandExecutor.execute(HttpCommandExecutor.java:158)
	at org.openqa.selenium.remote.service.DriverCommandExecutor.execute(DriverCommandExecutor.java:83)
	at org.openqa.selenium.remote.RemoteWebDriver.execute(RemoteWebDriver.java:552)
	at org.openqa.selenium.remote.RemoteWebDriver.executeScript(RemoteWebDriver.java:489)
	at com.webtest.core.WebDriverEngine.runJs(Unknown Source)
	at com.webtest.ranzhicase.CashAccountTestCases.testmoney(Unknown Source)
... Removed 27 stack frames</div></td></tr></table><p class="totop"><a href="#summary">back to summary</a></p><h3 id="m20">com.webtest.ranzhicase.CashAccountTestCases#testmoney</h3><table class="result"><tr class="param"><th>Parameter #1</th><th>Parameter #2</th></tr><tr class="param stripe"><td>svd</td><td>grwg</td></tr><tr><th colspan="2">Exception</th></tr><tr><td colspan="2"><div class="stacktrace">org.openqa.selenium.JavascriptException: TypeError: document.getElementById(...) is null
Build info: version: &apos;3.141.59&apos;, revision: &apos;e82be7d358&apos;, time: &apos;2018-11-14T08:25:53&apos;
System info: host: &apos;ABC123&apos;, ip: &apos;192.168.137.91&apos;, os.name: &apos;Windows 10&apos;, os.arch: &apos;amd64&apos;, os.version: &apos;10.0&apos;, java.version: &apos;1.8.0_73&apos;
Driver info: org.openqa.selenium.firefox.FirefoxDriver
Capabilities {acceptInsecureCerts: true, browserName: firefox, browserVersion: 65.0.2, javascriptEnabled: true, moz:accessibilityChecks: false, moz:geckodriverVersion: 0.24.0, moz:headless: false, moz:processID: 17892, moz:profile: C:\Users\DELL\AppData\Local..., moz:shutdownTimeout: 60000, moz:useNonSpecCompliantPointerOrigin: false, moz:webdriverClick: true, pageLoadStrategy: normal, platform: WINDOWS, platformName: WINDOWS, platformVersion: 10.0, rotatable: false, setWindowRect: true, strictFileInteractability: false, timeouts: {implicit: 0, pageLoad: 300000, script: 30000}, unhandledPromptBehavior: dismiss and notify}
Session ID: 0e4edc65-4c68-465a-b38c-81c8402adba3
	at org.openqa.selenium.remote.http.W3CHttpResponseCodec.createException(W3CHttpResponseCodec.java:187)
	at org.openqa.selenium.remote.http.W3CHttpResponseCodec.decode(W3CHttpResponseCodec.java:122)
	at org.openqa.selenium.remote.http.W3CHttpResponseCodec.decode(W3CHttpResponseCodec.java:49)
	at org.openqa.selenium.remote.HttpCommandExecutor.execute(HttpCommandExecutor.java:158)
	at org.openqa.selenium.remote.service.DriverCommandExecutor.execute(DriverCommandExecutor.java:83)
	at org.openqa.selenium.remote.RemoteWebDriver.execute(RemoteWebDriver.java:552)
	at org.openqa.selenium.remote.RemoteWebDriver.executeScript(RemoteWebDriver.java:489)
	at com.webtest.core.WebDriverEngine.runJs(Unknown Source)
	at com.webtest.ranzhicase.CashAccountTestCases.testmoney(Unknown Source)
... Removed 26 stack frames</div></td></tr></table><p class="totop"><a href="#summary">back to summary</a></p><h3 id="m21">com.webtest.ranzhicase.CashAccountTestCases#testmoney</h3><table class="result"><tr class="param"><th>Parameter #1</th><th>Parameter #2</th></tr><tr class="param stripe"><td>apple</td><td>apple</td></tr><tr><th colspan="2">Exception</th></tr><tr><td colspan="2"><div class="stacktrace">org.openqa.selenium.JavascriptException: TypeError: document.getElementById(...) is null
Build info: version: &apos;3.141.59&apos;, revision: &apos;e82be7d358&apos;, time: &apos;2018-11-14T08:25:53&apos;
System info: host: &apos;ABC123&apos;, ip: &apos;192.168.137.91&apos;, os.name: &apos;Windows 10&apos;, os.arch: &apos;amd64&apos;, os.version: &apos;10.0&apos;, java.version: &apos;1.8.0_73&apos;
Driver info: org.openqa.selenium.firefox.FirefoxDriver
Capabilities {acceptInsecureCerts: true, browserName: firefox, browserVersion: 65.0.2, javascriptEnabled: true, moz:accessibilityChecks: false, moz:geckodriverVersion: 0.24.0, moz:headless: false, moz:processID: 17892, moz:profile: C:\Users\DELL\AppData\Local..., moz:shutdownTimeout: 60000, moz:useNonSpecCompliantPointerOrigin: false, moz:webdriverClick: true, pageLoadStrategy: normal, platform: WINDOWS, platformName: WINDOWS, platformVersion: 10.0, rotatable: false, setWindowRect: true, strictFileInteractability: false, timeouts: {implicit: 0, pageLoad: 300000, script: 30000}, unhandledPromptBehavior: dismiss and notify}
Session ID: 0e4edc65-4c68-465a-b38c-81c8402adba3
	at org.openqa.selenium.remote.http.W3CHttpResponseCodec.createException(W3CHttpResponseCodec.java:187)
	at org.openqa.selenium.remote.http.W3CHttpResponseCodec.decode(W3CHttpResponseCodec.java:122)
	at org.openqa.selenium.remote.http.W3CHttpResponseCodec.decode(W3CHttpResponseCodec.java:49)
	at org.openqa.selenium.remote.HttpCommandExecutor.execute(HttpCommandExecutor.java:158)
	at org.openqa.selenium.remote.service.DriverCommandExecutor.execute(DriverCommandExecutor.java:83)
	at org.openqa.selenium.remote.RemoteWebDriver.execute(RemoteWebDriver.java:552)
	at org.openqa.selenium.remote.RemoteWebDriver.executeScript(RemoteWebDriver.java:489)
	at com.webtest.core.WebDriverEngine.runJs(Unknown Source)
	at com.webtest.ranzhicase.CashAccountTestCases.testmoney(Unknown Source)
... Removed 27 stack frames</div></td></tr></table><p class="totop"><a href="#summary">back to summary</a></p><h3 id="m22">com.webtest.ranzhicase.CashAccountTestCases#testmoney</h3><table class="result"><tr class="param"><th>Parameter #1</th><th>Parameter #2</th></tr><tr class="param stripe"><td>peach</td><td>peach</td></tr><tr><th colspan="2">Exception</th></tr><tr><td colspan="2"><div class="stacktrace">org.openqa.selenium.JavascriptException: TypeError: document.getElementById(...) is null
Build info: version: &apos;3.141.59&apos;, revision: &apos;e82be7d358&apos;, time: &apos;2018-11-14T08:25:53&apos;
System info: host: &apos;ABC123&apos;, ip: &apos;192.168.137.91&apos;, os.name: &apos;Windows 10&apos;, os.arch: &apos;amd64&apos;, os.version: &apos;10.0&apos;, java.version: &apos;1.8.0_73&apos;
Driver info: org.openqa.selenium.firefox.FirefoxDriver
Capabilities {acceptInsecureCerts: true, browserName: firefox, browserVersion: 65.0.2, javascriptEnabled: true, moz:accessibilityChecks: false, moz:geckodriverVersion: 0.24.0, moz:headless: false, moz:processID: 17892, moz:profile: C:\Users\DELL\AppData\Local..., moz:shutdownTimeout: 60000, moz:useNonSpecCompliantPointerOrigin: false, moz:webdriverClick: true, pageLoadStrategy: normal, platform: WINDOWS, platformName: WINDOWS, platformVersion: 10.0, rotatable: false, setWindowRect: true, strictFileInteractability: false, timeouts: {implicit: 0, pageLoad: 300000, script: 30000}, unhandledPromptBehavior: dismiss and notify}
Session ID: 0e4edc65-4c68-465a-b38c-81c8402adba3
	at org.openqa.selenium.remote.http.W3CHttpResponseCodec.createException(W3CHttpResponseCodec.java:187)
	at org.openqa.selenium.remote.http.W3CHttpResponseCodec.decode(W3CHttpResponseCodec.java:122)
	at org.openqa.selenium.remote.http.W3CHttpResponseCodec.decode(W3CHttpResponseCodec.java:49)
	at org.openqa.selenium.remote.HttpCommandExecutor.execute(HttpCommandExecutor.java:158)
	at org.openqa.selenium.remote.service.DriverCommandExecutor.execute(DriverCommandExecutor.java:83)
	at org.openqa.selenium.remote.RemoteWebDriver.execute(RemoteWebDriver.java:552)
	at org.openqa.selenium.remote.RemoteWebDriver.executeScript(RemoteWebDriver.java:489)
	at com.webtest.core.WebDriverEngine.runJs(Unknown Source)
	at com.webtest.ranzhicase.CashAccountTestCases.testmoney(Unknown Source)
... Removed 27 stack frames</div></td></tr></table><p class="totop"><a href="#summary">back to summary</a></p><h3 id="m23">com.webtest.ranzhicase.CashAccountTestCases#touzi</h3><table class="result"><tr class="param"><th>Parameter #1</th><th>Parameter #2</th></tr><tr class="param stripe"><td>21</td><td>88</td></tr><tr><th colspan="2">Exception</th></tr><tr><td colspan="2"><div class="stacktrace">org.openqa.selenium.JavascriptException: TypeError: document.getElementById(...) is null
Build info: version: &apos;3.141.59&apos;, revision: &apos;e82be7d358&apos;, time: &apos;2018-11-14T08:25:53&apos;
System info: host: &apos;ABC123&apos;, ip: &apos;192.168.137.91&apos;, os.name: &apos;Windows 10&apos;, os.arch: &apos;amd64&apos;, os.version: &apos;10.0&apos;, java.version: &apos;1.8.0_73&apos;
Driver info: org.openqa.selenium.firefox.FirefoxDriver
Capabilities {acceptInsecureCerts: true, browserName: firefox, browserVersion: 65.0.2, javascriptEnabled: true, moz:accessibilityChecks: false, moz:geckodriverVersion: 0.24.0, moz:headless: false, moz:processID: 17892, moz:profile: C:\Users\DELL\AppData\Local..., moz:shutdownTimeout: 60000, moz:useNonSpecCompliantPointerOrigin: false, moz:webdriverClick: true, pageLoadStrategy: normal, platform: WINDOWS, platformName: WINDOWS, platformVersion: 10.0, rotatable: false, setWindowRect: true, strictFileInteractability: false, timeouts: {implicit: 0, pageLoad: 300000, script: 30000}, unhandledPromptBehavior: dismiss and notify}
Session ID: 0e4edc65-4c68-465a-b38c-81c8402adba3
	at org.openqa.selenium.remote.http.W3CHttpResponseCodec.createException(W3CHttpResponseCodec.java:187)
	at org.openqa.selenium.remote.http.W3CHttpResponseCodec.decode(W3CHttpResponseCodec.java:122)
	at org.openqa.selenium.remote.http.W3CHttpResponseCodec.decode(W3CHttpResponseCodec.java:49)
	at org.openqa.selenium.remote.HttpCommandExecutor.execute(HttpCommandExecutor.java:158)
	at org.openqa.selenium.remote.service.DriverCommandExecutor.execute(DriverCommandExecutor.java:83)
	at org.openqa.selenium.remote.RemoteWebDriver.execute(RemoteWebDriver.java:552)
	at org.openqa.selenium.remote.RemoteWebDriver.executeScript(RemoteWebDriver.java:489)
	at com.webtest.core.WebDriverEngine.runJs(Unknown Source)
	at com.webtest.ranzhicase.CashAccountTestCases.touzi(Unknown Source)
... Removed 26 stack frames</div></td></tr></table><p class="totop"><a href="#summary">back to summary</a></p><h3 id="m24">com.webtest.ranzhicase.CashAccountTestCases#touzi</h3><table class="result"><tr class="param"><th>Parameter #1</th><th>Parameter #2</th></tr><tr class="param stripe"><td>678687</td><td>7866</td></tr><tr><th colspan="2">Exception</th></tr><tr><td colspan="2"><div class="stacktrace">org.openqa.selenium.JavascriptException: TypeError: document.getElementById(...) is null
Build info: version: &apos;3.141.59&apos;, revision: &apos;e82be7d358&apos;, time: &apos;2018-11-14T08:25:53&apos;
System info: host: &apos;ABC123&apos;, ip: &apos;192.168.137.91&apos;, os.name: &apos;Windows 10&apos;, os.arch: &apos;amd64&apos;, os.version: &apos;10.0&apos;, java.version: &apos;1.8.0_73&apos;
Driver info: org.openqa.selenium.firefox.FirefoxDriver
Capabilities {acceptInsecureCerts: true, browserName: firefox, browserVersion: 65.0.2, javascriptEnabled: true, moz:accessibilityChecks: false, moz:geckodriverVersion: 0.24.0, moz:headless: false, moz:processID: 17892, moz:profile: C:\Users\DELL\AppData\Local..., moz:shutdownTimeout: 60000, moz:useNonSpecCompliantPointerOrigin: false, moz:webdriverClick: true, pageLoadStrategy: normal, platform: WINDOWS, platformName: WINDOWS, platformVersion: 10.0, rotatable: false, setWindowRect: true, strictFileInteractability: false, timeouts: {implicit: 0, pageLoad: 300000, script: 30000}, unhandledPromptBehavior: dismiss and notify}
Session ID: 0e4edc65-4c68-465a-b38c-81c8402adba3
	at org.openqa.selenium.remote.http.W3CHttpResponseCodec.createException(W3CHttpResponseCodec.java:187)
	at org.openqa.selenium.remote.http.W3CHttpResponseCodec.decode(W3CHttpResponseCodec.java:122)
	at org.openqa.selenium.remote.http.W3CHttpResponseCodec.decode(W3CHttpResponseCodec.java:49)
	at org.openqa.selenium.remote.HttpCommandExecutor.execute(HttpCommandExecutor.java:158)
	at org.openqa.selenium.remote.service.DriverCommandExecutor.execute(DriverCommandExecutor.java:83)
	at org.openqa.selenium.remote.RemoteWebDriver.execute(RemoteWebDriver.java:552)
	at org.openqa.selenium.remote.RemoteWebDriver.executeScript(RemoteWebDriver.java:489)
	at com.webtest.core.WebDriverEngine.runJs(Unknown Source)
	at com.webtest.ranzhicase.CashAccountTestCases.touzi(Unknown Source)
... Removed 26 stack frames</div></td></tr></table><p class="totop"><a href="#summary">back to summary</a></p><h3 id="m25">com.webtest.ranzhicase.CashAccountTestCases#touzi</h3><table class="result"><tr class="param"><th>Parameter #1</th><th>Parameter #2</th></tr><tr class="param stripe"><td>46</td><td>599</td></tr><tr><th colspan="2">Exception</th></tr><tr><td colspan="2"><div class="stacktrace">org.openqa.selenium.JavascriptException: TypeError: document.getElementById(...) is null
Build info: version: &apos;3.141.59&apos;, revision: &apos;e82be7d358&apos;, time: &apos;2018-11-14T08:25:53&apos;
System info: host: &apos;ABC123&apos;, ip: &apos;192.168.137.91&apos;, os.name: &apos;Windows 10&apos;, os.arch: &apos;amd64&apos;, os.version: &apos;10.0&apos;, java.version: &apos;1.8.0_73&apos;
Driver info: org.openqa.selenium.firefox.FirefoxDriver
Capabilities {acceptInsecureCerts: true, browserName: firefox, browserVersion: 65.0.2, javascriptEnabled: true, moz:accessibilityChecks: false, moz:geckodriverVersion: 0.24.0, moz:headless: false, moz:processID: 17892, moz:profile: C:\Users\DELL\AppData\Local..., moz:shutdownTimeout: 60000, moz:useNonSpecCompliantPointerOrigin: false, moz:webdriverClick: true, pageLoadStrategy: normal, platform: WINDOWS, platformName: WINDOWS, platformVersion: 10.0, rotatable: false, setWindowRect: true, strictFileInteractability: false, timeouts: {implicit: 0, pageLoad: 300000, script: 30000}, unhandledPromptBehavior: dismiss and notify}
Session ID: 0e4edc65-4c68-465a-b38c-81c8402adba3
	at org.openqa.selenium.remote.http.W3CHttpResponseCodec.createException(W3CHttpResponseCodec.java:187)
	at org.openqa.selenium.remote.http.W3CHttpResponseCodec.decode(W3CHttpResponseCodec.java:122)
	at org.openqa.selenium.remote.http.W3CHttpResponseCodec.decode(W3CHttpResponseCodec.java:49)
	at org.openqa.selenium.remote.HttpCommandExecutor.execute(HttpCommandExecutor.java:158)
	at org.openqa.selenium.remote.service.DriverCommandExecutor.execute(DriverCommandExecutor.java:83)
	at org.openqa.selenium.remote.RemoteWebDriver.execute(RemoteWebDriver.java:552)
	at org.openqa.selenium.remote.RemoteWebDriver.executeScript(RemoteWebDriver.java:489)
	at com.webtest.core.WebDriverEngine.runJs(Unknown Source)
	at com.webtest.ranzhicase.CashAccountTestCases.touzi(Unknown Source)
... Removed 26 stack frames</div></td></tr></table><p class="totop"><a href="#summary">back to summary</a></p><h3 id="m26">com.webtest.ranzhicase.CashAccountTestCases#touzi</h3><table class="result"><tr class="param"><th>Parameter #1</th><th>Parameter #2</th></tr><tr class="param stripe"><td>866</td><td>786687</td></tr><tr><th colspan="2">Exception</th></tr><tr><td colspan="2"><div class="stacktrace">org.openqa.selenium.JavascriptException: TypeError: document.getElementById(...) is null
Build info: version: &apos;3.141.59&apos;, revision: &apos;e82be7d358&apos;, time: &apos;2018-11-14T08:25:53&apos;
System info: host: &apos;ABC123&apos;, ip: &apos;192.168.137.91&apos;, os.name: &apos;Windows 10&apos;, os.arch: &apos;amd64&apos;, os.version: &apos;10.0&apos;, java.version: &apos;1.8.0_73&apos;
Driver info: org.openqa.selenium.firefox.FirefoxDriver
Capabilities {acceptInsecureCerts: true, browserName: firefox, browserVersion: 65.0.2, javascriptEnabled: true, moz:accessibilityChecks: false, moz:geckodriverVersion: 0.24.0, moz:headless: false, moz:processID: 17892, moz:profile: C:\Users\DELL\AppData\Local..., moz:shutdownTimeout: 60000, moz:useNonSpecCompliantPointerOrigin: false, moz:webdriverClick: true, pageLoadStrategy: normal, platform: WINDOWS, platformName: WINDOWS, platformVersion: 10.0, rotatable: false, setWindowRect: true, strictFileInteractability: false, timeouts: {implicit: 0, pageLoad: 300000, script: 30000}, unhandledPromptBehavior: dismiss and notify}
Session ID: 0e4edc65-4c68-465a-b38c-81c8402adba3
	at org.openqa.selenium.remote.http.W3CHttpResponseCodec.createException(W3CHttpResponseCodec.java:187)
	at org.openqa.selenium.remote.http.W3CHttpResponseCodec.decode(W3CHttpResponseCodec.java:122)
	at org.openqa.selenium.remote.http.W3CHttpResponseCodec.decode(W3CHttpResponseCodec.java:49)
	at org.openqa.selenium.remote.HttpCommandExecutor.execute(HttpCommandExecutor.java:158)
	at org.openqa.selenium.remote.service.DriverCommandExecutor.execute(DriverCommandExecutor.java:83)
	at org.openqa.selenium.remote.RemoteWebDriver.execute(RemoteWebDriver.java:552)
	at org.openqa.selenium.remote.RemoteWebDriver.executeScript(RemoteWebDriver.java:489)
	at com.webtest.core.WebDriverEngine.runJs(Unknown Source)
	at com.webtest.ranzhicase.CashAccountTestCases.touzi(Unknown Source)
... Removed 26 stack frames</div></td></tr></table><p class="totop"><a href="#summary">back to summary</a></p><h3 id="m27">com.webtest.ranzhicase.CashAccountTestCases#touzi</h3><table class="result"><tr class="param"><th>Parameter #1</th><th>Parameter #2</th></tr><tr class="param stripe"><td>45</td><td>587</td></tr><tr><th colspan="2">Exception</th></tr><tr><td colspan="2"><div class="stacktrace">org.openqa.selenium.JavascriptException: TypeError: document.getElementById(...) is null
Build info: version: &apos;3.141.59&apos;, revision: &apos;e82be7d358&apos;, time: &apos;2018-11-14T08:25:53&apos;
System info: host: &apos;ABC123&apos;, ip: &apos;192.168.137.91&apos;, os.name: &apos;Windows 10&apos;, os.arch: &apos;amd64&apos;, os.version: &apos;10.0&apos;, java.version: &apos;1.8.0_73&apos;
Driver info: org.openqa.selenium.firefox.FirefoxDriver
Capabilities {acceptInsecureCerts: true, browserName: firefox, browserVersion: 65.0.2, javascriptEnabled: true, moz:accessibilityChecks: false, moz:geckodriverVersion: 0.24.0, moz:headless: false, moz:processID: 17892, moz:profile: C:\Users\DELL\AppData\Local..., moz:shutdownTimeout: 60000, moz:useNonSpecCompliantPointerOrigin: false, moz:webdriverClick: true, pageLoadStrategy: normal, platform: WINDOWS, platformName: WINDOWS, platformVersion: 10.0, rotatable: false, setWindowRect: true, strictFileInteractability: false, timeouts: {implicit: 0, pageLoad: 300000, script: 30000}, unhandledPromptBehavior: dismiss and notify}
Session ID: 0e4edc65-4c68-465a-b38c-81c8402adba3
	at org.openqa.selenium.remote.http.W3CHttpResponseCodec.createException(W3CHttpResponseCodec.java:187)
	at org.openqa.selenium.remote.http.W3CHttpResponseCodec.decode(W3CHttpResponseCodec.java:122)
	at org.openqa.selenium.remote.http.W3CHttpResponseCodec.decode(W3CHttpResponseCodec.java:49)
	at org.openqa.selenium.remote.HttpCommandExecutor.execute(HttpCommandExecutor.java:158)
	at org.openqa.selenium.remote.service.DriverCommandExecutor.execute(DriverCommandExecutor.java:83)
	at org.openqa.selenium.remote.RemoteWebDriver.execute(RemoteWebDriver.java:552)
	at org.openqa.selenium.remote.RemoteWebDriver.executeScript(RemoteWebDriver.java:489)
	at com.webtest.core.WebDriverEngine.runJs(Unknown Source)
	at com.webtest.ranzhicase.CashAccountTestCases.touzi(Unknown Source)
... Removed 26 stack frames</div></td></tr></table><p class="totop"><a href="#summary">back to summary</a></p><h3 id="m28">com.webtest.ranzhicase.CustomerManageTestCases#LoginFail</h3><table class="result"><tr><th>Exception</th></tr><tr><td><div class="stacktrace">java.lang.AssertionError: expected [true] but found [false]
	at com.webtest.ranzhicase.CustomerManageTestCases.LoginFail(Unknown Source)
... Removed 27 stack frames</div></td></tr></table><p class="totop"><a href="#summary">back to summary</a></p><h3 id="m29">com.webtest.ranzhicase.CustomerManageTestCases#LoginSuccess</h3><table class="result"><tr><th>Exception</th></tr><tr><td><div class="stacktrace">java.lang.AssertionError: expected [true] but found [false]
	at com.webtest.ranzhicase.CustomerManageTestCases.LoginSuccess(Unknown Source)
... Removed 27 stack frames</div></td></tr></table><p class="totop"><a href="#summary">back to summary</a></p><h3 id="m30">com.webtest.ranzhicase.CustomerManageTestCases#test01</h3><table class="result"><tr><th>Exception</th></tr><tr><td><div class="stacktrace">java.lang.AssertionError: expected [true] but found [false]
	at com.webtest.ranzhicase.CustomerManageTestCases.LoginSuccess(Unknown Source)
	at com.webtest.ranzhicase.CustomerManageTestCases.test01(Unknown Source)
... Removed 27 stack frames</div></td></tr></table><p class="totop"><a href="#summary">back to summary</a></p><h3 id="m31">com.webtest.ranzhicase.CustomerManageTestCases#test02</h3><table class="result"><tr><th>Exception</th></tr><tr><td><div class="stacktrace">java.lang.AssertionError: expected [true] but found [false]
	at com.webtest.ranzhicase.CustomerManageTestCases.LoginSuccess(Unknown Source)
	at com.webtest.ranzhicase.CustomerManageTestCases.test01(Unknown Source)
	at com.webtest.ranzhicase.CustomerManageTestCases.test02(Unknown Source)
... Removed 27 stack frames</div></td></tr></table><p class="totop"><a href="#summary">back to summary</a></p><h3 id="m32">com.webtest.ranzhicase.CustomerManageTestCases#test04</h3><table class="result"><tr><th>Exception</th></tr><tr><td><div class="stacktrace">java.lang.AssertionError: expected [true] but found [false]
	at com.webtest.ranzhicase.CustomerManageTestCases.LoginSuccess(Unknown Source)
	at com.webtest.ranzhicase.CustomerManageTestCases.test01(Unknown Source)
	at com.webtest.ranzhicase.CustomerManageTestCases.test02(Unknown Source)
	at com.webtest.ranzhicase.CustomerManageTestCases.test04(Unknown Source)
... Removed 27 stack frames</div></td></tr></table><p class="totop"><a href="#summary">back to summary</a></p><h3 id="m33">com.webtest.ranzhicase.CustomerManageTestCases#test05</h3><table class="result"><tr><th>Exception</th></tr><tr><td><div class="stacktrace">java.lang.AssertionError: expected [true] but found [false]
	at com.webtest.ranzhicase.CustomerManageTestCases.LoginSuccess(Unknown Source)
	at com.webtest.ranzhicase.CustomerManageTestCases.test01(Unknown Source)
	at com.webtest.ranzhicase.CustomerManageTestCases.test05(Unknown Source)
... Removed 27 stack frames</div></td></tr></table><p class="totop"><a href="#summary">back to summary</a></p><h3 id="m34">com.webtest.ranzhicase.CustomerManageTestCases#test07</h3><table class="result"><tr><th>Exception</th></tr><tr><td><div class="stacktrace">java.lang.AssertionError: expected [true] but found [false]
	at com.webtest.ranzhicase.CustomerManageTestCases.LoginSuccess(Unknown Source)
	at com.webtest.ranzhicase.CustomerManageTestCases.test01(Unknown Source)
	at com.webtest.ranzhicase.CustomerManageTestCases.test05(Unknown Source)
	at com.webtest.ranzhicase.CustomerManageTestCases.test07(Unknown Source)
... Removed 27 stack frames</div></td></tr></table><p class="totop"><a href="#summary">back to summary</a></p><h3 id="m35">com.webtest.ranzhicase.CustomerManageTestCases#test08</h3><table class="result"><tr><th>Exception</th></tr><tr><td><div class="stacktrace">java.lang.AssertionError: expected [true] but found [false]
	at com.webtest.ranzhicase.CustomerManageTestCases.LoginSuccess(Unknown Source)
	at com.webtest.ranzhicase.CustomerManageTestCases.test01(Unknown Source)
	at com.webtest.ranzhicase.CustomerManageTestCases.test08(Unknown Source)
... Removed 27 stack frames</div></td></tr></table><p class="totop"><a href="#summary">back to summary</a></p><h3 id="m36">com.webtest.ranzhicase.CustomerManageTestCases#test10</h3><table class="result"><tr><th>Exception</th></tr><tr><td><div class="stacktrace">java.lang.AssertionError: expected [true] but found [false]
	at com.webtest.ranzhicase.CustomerManageTestCases.LoginSuccess(Unknown Source)
	at com.webtest.ranzhicase.CustomerManageTestCases.test01(Unknown Source)
	at com.webtest.ranzhicase.CustomerManageTestCases.test10(Unknown Source)
... Removed 27 stack frames</div></td></tr></table><p class="totop"><a href="#summary">back to summary</a></p><h3 id="m37">com.webtest.ranzhicase.CustomerManageTestCases#test11</h3><table class="result"><tr><th>Exception</th></tr><tr><td><div class="stacktrace">java.lang.AssertionError: expected [true] but found [false]
	at com.webtest.ranzhicase.CustomerManageTestCases.LoginSuccess(Unknown Source)
	at com.webtest.ranzhicase.CustomerManageTestCases.test01(Unknown Source)
	at com.webtest.ranzhicase.CustomerManageTestCases.test11(Unknown Source)
... Removed 27 stack frames</div></td></tr></table><p class="totop"><a href="#summary">back to summary</a></p><h3 id="m38">com.webtest.ranzhicase.CustomerManageTestCases#test12</h3><table class="result"><tr><th>Exception</th></tr><tr><td><div class="stacktrace">java.lang.AssertionError: expected [true] but found [false]
	at com.webtest.ranzhicase.CustomerManageTestCases.LoginSuccess(Unknown Source)
	at com.webtest.ranzhicase.CustomerManageTestCases.test01(Unknown Source)
	at com.webtest.ranzhicase.CustomerManageTestCases.test11(Unknown Source)
	at com.webtest.ranzhicase.CustomerManageTestCases.test12(Unknown Source)
... Removed 27 stack frames</div></td></tr></table><p class="totop"><a href="#summary">back to summary</a></p><h3 id="m39">com.webtest.ranzhicase.CustomerManageTestCases#test13</h3><table class="result"><tr><th>Exception</th></tr><tr><td><div class="stacktrace">java.lang.AssertionError: expected [true] but found [false]
	at com.webtest.ranzhicase.CustomerManageTestCases.LoginSuccess(Unknown Source)
	at com.webtest.ranzhicase.CustomerManageTestCases.test01(Unknown Source)
	at com.webtest.ranzhicase.CustomerManageTestCases.test11(Unknown Source)
	at com.webtest.ranzhicase.CustomerManageTestCases.test13(Unknown Source)
... Removed 27 stack frames</div></td></tr></table><p class="totop"><a href="#summary">back to summary</a></p><h3 id="m40">com.webtest.ranzhicase.CustomerManageTestCases#test14</h3><table class="result"><tr><th>Exception</th></tr><tr><td><div class="stacktrace">java.lang.AssertionError: expected [true] but found [false]
	at com.webtest.ranzhicase.CustomerManageTestCases.LoginSuccess(Unknown Source)
	at com.webtest.ranzhicase.CustomerManageTestCases.test01(Unknown Source)
	at com.webtest.ranzhicase.CustomerManageTestCases.test14(Unknown Source)
... Removed 27 stack frames</div></td></tr></table><p class="totop"><a href="#summary">back to summary</a></p><h3 id="m41">com.webtest.ranzhicase.CustomerManageTestCases#test16</h3><table class="result"><tr><th>Exception</th></tr><tr><td><div class="stacktrace">java.lang.AssertionError: expected [true] but found [false]
	at com.webtest.ranzhicase.CustomerManageTestCases.LoginSuccess(Unknown Source)
	at com.webtest.ranzhicase.CustomerManageTestCases.test01(Unknown Source)
	at com.webtest.ranzhicase.CustomerManageTestCases.test14(Unknown Source)
	at com.webtest.ranzhicase.CustomerManageTestCases.test16(Unknown Source)
... Removed 27 stack frames</div></td></tr></table><p class="totop"><a href="#summary">back to summary</a></p><h3 id="m42">com.webtest.ranzhicase.CustomerManageTestCases#test17</h3><table class="result"><tr><th>Exception</th></tr><tr><td><div class="stacktrace">java.lang.AssertionError: expected [true] but found [false]
	at com.webtest.ranzhicase.CustomerManageTestCases.LoginSuccess(Unknown Source)
	at com.webtest.ranzhicase.CustomerManageTestCases.test01(Unknown Source)
	at com.webtest.ranzhicase.CustomerManageTestCases.test17(Unknown Source)
... Removed 27 stack frames</div></td></tr></table><p class="totop"><a href="#summary">back to summary</a></p><h3 id="m43">com.webtest.ranzhicase.CustomerManageTestCases#test19</h3><table class="result"><tr><th>Exception</th></tr><tr><td><div class="stacktrace">java.lang.AssertionError: expected [true] but found [false]
	at com.webtest.ranzhicase.CustomerManageTestCases.LoginSuccess(Unknown Source)
	at com.webtest.ranzhicase.CustomerManageTestCases.test01(Unknown Source)
	at com.webtest.ranzhicase.CustomerManageTestCases.test19(Unknown Source)
... Removed 27 stack frames</div></td></tr></table><p class="totop"><a href="#summary">back to summary</a></p><h3 id="m44">com.webtest.ranzhicase.CustomerManageTestCases#test21</h3><table class="result"><tr><th>Exception</th></tr><tr><td><div class="stacktrace">java.lang.AssertionError: expected [true] but found [false]
	at com.webtest.ranzhicase.CustomerManageTestCases.LoginSuccess(Unknown Source)
	at com.webtest.ranzhicase.CustomerManageTestCases.test21(Unknown Source)
... Removed 27 stack frames</div></td></tr></table><p class="totop"><a href="#summary">back to summary</a></p><h3 id="m45">com.webtest.ranzhicase.CustomerManageTestCases#test22</h3><table class="result"><tr><th>Exception</th></tr><tr><td><div class="stacktrace">java.lang.AssertionError: expected [true] but found [false]
	at com.webtest.ranzhicase.CustomerManageTestCases.LoginSuccess(Unknown Source)
	at com.webtest.ranzhicase.CustomerManageTestCases.test21(Unknown Source)
	at com.webtest.ranzhicase.CustomerManageTestCases.test22(Unknown Source)
... Removed 27 stack frames</div></td></tr></table><p class="totop"><a href="#summary">back to summary</a></p><h3 id="m46">com.webtest.ranzhicase.CustomerManageTestCases#test23</h3><table class="result"><tr><th>Exception</th></tr><tr><td><div class="stacktrace">java.lang.AssertionError: expected [true] but found [false]
	at com.webtest.ranzhicase.CustomerManageTestCases.LoginSuccess(Unknown Source)
	at com.webtest.ranzhicase.CustomerManageTestCases.test21(Unknown Source)
	at com.webtest.ranzhicase.CustomerManageTestCases.test23(Unknown Source)
... Removed 27 stack frames</div></td></tr></table><p class="totop"><a href="#summary">back to summary</a></p><h3 id="m47">com.webtest.ranzhicase.CustomerManageTestCases#test24</h3><table class="result"><tr><th>Exception</th></tr><tr><td><div class="stacktrace">java.lang.AssertionError: expected [true] but found [false]
	at com.webtest.ranzhicase.CustomerManageTestCases.LoginSuccess(Unknown Source)
	at com.webtest.ranzhicase.CustomerManageTestCases.test21(Unknown Source)
	at com.webtest.ranzhicase.CustomerManageTestCases.test24(Unknown Source)
... Removed 27 stack frames</div></td></tr></table><p class="totop"><a href="#summary">back to summary</a></p><h3 id="m48">com.webtest.ranzhicase.CustomerManageTestCases#test25</h3><table class="result"><tr><th>Exception</th></tr><tr><td><div class="stacktrace">java.lang.AssertionError: expected [true] but found [false]
	at com.webtest.ranzhicase.CustomerManageTestCases.LoginSuccess(Unknown Source)
	at com.webtest.ranzhicase.CustomerManageTestCases.test21(Unknown Source)
	at com.webtest.ranzhicase.CustomerManageTestCases.test25(Unknown Source)
... Removed 27 stack frames</div></td></tr></table><p class="totop"><a href="#summary">back to summary</a></p><h3 id="m49">com.webtest.ranzhicase.CustomerManageTestCases#test26</h3><table class="result"><tr><th>Exception</th></tr><tr><td><div class="stacktrace">java.lang.AssertionError: expected [true] but found [false]
	at com.webtest.ranzhicase.CustomerManageTestCases.LoginSuccess(Unknown Source)
	at com.webtest.ranzhicase.CustomerManageTestCases.test21(Unknown Source)
	at com.webtest.ranzhicase.CustomerManageTestCases.test26(Unknown Source)
... Removed 27 stack frames</div></td></tr></table><p class="totop"><a href="#summary">back to summary</a></p><h3 id="m50">com.webtest.ranzhicase.CustomerManageTestCases#test27</h3><table class="result"><tr><th>Exception</th></tr><tr><td><div class="stacktrace">java.lang.AssertionError: expected [true] but found [false]
	at com.webtest.ranzhicase.CustomerManageTestCases.LoginSuccess(Unknown Source)
	at com.webtest.ranzhicase.CustomerManageTestCases.test21(Unknown Source)
	at com.webtest.ranzhicase.CustomerManageTestCases.test27(Unknown Source)
... Removed 27 stack frames</div></td></tr></table><p class="totop"><a href="#summary">back to summary</a></p><h3 id="m51">com.webtest.ranzhicase.CustomerManageTestCases#test28</h3><table class="result"><tr><th>Exception</th></tr><tr><td><div class="stacktrace">java.lang.AssertionError: expected [true] but found [false]
	at com.webtest.ranzhicase.CustomerManageTestCases.LoginSuccess(Unknown Source)
	at com.webtest.ranzhicase.CustomerManageTestCases.test21(Unknown Source)
	at com.webtest.ranzhicase.CustomerManageTestCases.test27(Unknown Source)
	at com.webtest.ranzhicase.CustomerManageTestCases.test28(Unknown Source)
... Removed 27 stack frames</div></td></tr></table><p class="totop"><a href="#summary">back to summary</a></p><h3 id="m52">com.webtest.ranzhicase.CustomerManageTestCases#test29</h3><table class="result"><tr><th>Exception</th></tr><tr><td><div class="stacktrace">java.lang.AssertionError: expected [true] but found [false]
	at com.webtest.ranzhicase.CustomerManageTestCases.LoginSuccess(Unknown Source)
	at com.webtest.ranzhicase.CustomerManageTestCases.test21(Unknown Source)
	at com.webtest.ranzhicase.CustomerManageTestCases.test29(Unknown Source)
... Removed 27 stack frames</div></td></tr></table><p class="totop"><a href="#summary">back to summary</a></p><h3 id="m53">com.webtest.ranzhicase.CustomerManageTestCases#test30</h3><table class="result"><tr><th>Exception</th></tr><tr><td><div class="stacktrace">java.lang.AssertionError: expected [true] but found [false]
	at com.webtest.ranzhicase.CustomerManageTestCases.LoginSuccess(Unknown Source)
	at com.webtest.ranzhicase.CustomerManageTestCases.test21(Unknown Source)
	at com.webtest.ranzhicase.CustomerManageTestCases.test30(Unknown Source)
... Removed 27 stack frames</div></td></tr></table><p class="totop"><a href="#summary">back to summary</a></p><h3 id="m54">com.webtest.ranzhicase.CustomerManageTestCases#test31</h3><table class="result"><tr><th>Exception</th></tr><tr><td><div class="stacktrace">java.lang.AssertionError: expected [true] but found [false]
	at com.webtest.ranzhicase.CustomerManageTestCases.LoginSuccess(Unknown Source)
	at com.webtest.ranzhicase.CustomerManageTestCases.test31(Unknown Source)
... Removed 27 stack frames</div></td></tr></table><p class="totop"><a href="#summary">back to summary</a></p><h3 id="m55">com.webtest.ranzhicase.CustomerManageTestCases#test32</h3><table class="result"><tr><th>Exception</th></tr><tr><td><div class="stacktrace">java.lang.AssertionError: expected [true] but found [false]
	at com.webtest.ranzhicase.CustomerManageTestCases.LoginSuccess(Unknown Source)
	at com.webtest.ranzhicase.CustomerManageTestCases.test31(Unknown Source)
	at com.webtest.ranzhicase.CustomerManageTestCases.test32(Unknown Source)
... Removed 27 stack frames</div></td></tr></table><p class="totop"><a href="#summary">back to summary</a></p><h3 id="m56">com.webtest.ranzhicase.CustomerManageTestCases#test34</h3><table class="result"><tr><th>Exception</th></tr><tr><td><div class="stacktrace">java.lang.AssertionError: expected [true] but found [false]
	at com.webtest.ranzhicase.CustomerManageTestCases.LoginSuccess(Unknown Source)
	at com.webtest.ranzhicase.CustomerManageTestCases.test31(Unknown Source)
	at com.webtest.ranzhicase.CustomerManageTestCases.test34(Unknown Source)
... Removed 27 stack frames</div></td></tr></table><p class="totop"><a href="#summary">back to summary</a></p><h3 id="m57">com.webtest.ranzhicase.CustomerManageTestCases#test35</h3><table class="result"><tr><th>Exception</th></tr><tr><td><div class="stacktrace">java.lang.AssertionError: expected [true] but found [false]
	at com.webtest.ranzhicase.CustomerManageTestCases.LoginSuccess(Unknown Source)
	at com.webtest.ranzhicase.CustomerManageTestCases.test35(Unknown Source)
... Removed 27 stack frames</div></td></tr></table><p class="totop"><a href="#summary">back to summary</a></p><h3 id="m58">com.webtest.ranzhicase.CustomerManageTestCases#test36</h3><table class="result"><tr><th>Exception</th></tr><tr><td><div class="stacktrace">java.lang.AssertionError: expected [true] but found [false]
	at com.webtest.ranzhicase.CustomerManageTestCases.LoginSuccess(Unknown Source)
	at com.webtest.ranzhicase.CustomerManageTestCases.test35(Unknown Source)
	at com.webtest.ranzhicase.CustomerManageTestCases.test36(Unknown Source)
... Removed 27 stack frames</div></td></tr></table><p class="totop"><a href="#summary">back to summary</a></p><h3 id="m59">com.webtest.ranzhicase.CustomerManageTestCases#test37</h3><table class="result"><tr><th>Exception</th></tr><tr><td><div class="stacktrace">java.lang.AssertionError: expected [true] but found [false]
	at com.webtest.ranzhicase.CustomerManageTestCases.LoginSuccess(Unknown Source)
	at com.webtest.ranzhicase.CustomerManageTestCases.test35(Unknown Source)
	at com.webtest.ranzhicase.CustomerManageTestCases.test37(Unknown Source)
... Removed 27 stack frames</div></td></tr></table><p class="totop"><a href="#summary">back to summary</a></p><h3 id="m60">com.webtest.ranzhicase.CustomerManageTestCases#test38</h3><table class="result"><tr><th>Exception</th></tr><tr><td><div class="stacktrace">java.lang.AssertionError: expected [true] but found [false]
	at com.webtest.ranzhicase.CustomerManageTestCases.LoginSuccess(Unknown Source)
	at com.webtest.ranzhicase.CustomerManageTestCases.test38(Unknown Source)
... Removed 27 stack frames</div></td></tr></table><p class="totop"><a href="#summary">back to summary</a></p><h3 id="m61">com.webtest.ranzhicase.CustomerManageTestCases#test39</h3><table class="result"><tr><th>Exception</th></tr><tr><td><div class="stacktrace">java.lang.AssertionError: expected [true] but found [false]
	at com.webtest.ranzhicase.CustomerManageTestCases.LoginSuccess(Unknown Source)
	at com.webtest.ranzhicase.CustomerManageTestCases.test38(Unknown Source)
	at com.webtest.ranzhicase.CustomerManageTestCases.test39(Unknown Source)
... Removed 27 stack frames</div></td></tr></table><p class="totop"><a href="#summary">back to summary</a></p><h3 id="m62">com.webtest.ranzhicase.CustomerManageTestCases#test40</h3><table class="result"><tr><th>Exception</th></tr><tr><td><div class="stacktrace">java.lang.AssertionError: expected [true] but found [false]
	at com.webtest.ranzhicase.CustomerManageTestCases.LoginSuccess(Unknown Source)
	at com.webtest.ranzhicase.CustomerManageTestCases.test38(Unknown Source)
	at com.webtest.ranzhicase.CustomerManageTestCases.test40(Unknown Source)
... Removed 27 stack frames</div></td></tr></table><p class="totop"><a href="#summary">back to summary</a></p><h3 id="m63">com.webtest.ranzhicase.CustomerManageTestCases#test41</h3><table class="result"><tr><th>Exception</th></tr><tr><td><div class="stacktrace">java.lang.AssertionError: expected [true] but found [false]
	at com.webtest.ranzhicase.CustomerManageTestCases.LoginSuccess(Unknown Source)
	at com.webtest.ranzhicase.CustomerManageTestCases.test41(Unknown Source)
... Removed 27 stack frames</div></td></tr></table><p class="totop"><a href="#summary">back to summary</a></p><h3 id="m64">com.webtest.ranzhicase.CustomerManageTestCases#test42</h3><table class="result"><tr><th>Exception</th></tr><tr><td><div class="stacktrace">java.lang.AssertionError: expected [true] but found [false]
	at com.webtest.ranzhicase.CustomerManageTestCases.LoginSuccess(Unknown Source)
	at com.webtest.ranzhicase.CustomerManageTestCases.test41(Unknown Source)
	at com.webtest.ranzhicase.CustomerManageTestCases.test42(Unknown Source)
... Removed 27 stack frames</div></td></tr></table><p class="totop"><a href="#summary">back to summary</a></p><h3 id="m65">com.webtest.ranzhicase.CustomerManageTestCases#test43</h3><table class="result"><tr><th>Exception</th></tr><tr><td><div class="stacktrace">java.lang.AssertionError: expected [true] but found [false]
	at com.webtest.ranzhicase.CustomerManageTestCases.LoginSuccess(Unknown Source)
	at com.webtest.ranzhicase.CustomerManageTestCases.test43(Unknown Source)
... Removed 27 stack frames</div></td></tr></table><p class="totop"><a href="#summary">back to summary</a></p><h3 id="m66">com.webtest.ranzhicase.CustomerManageTestCases#test44</h3><table class="result"><tr><th>Exception</th></tr><tr><td><div class="stacktrace">java.lang.AssertionError: expected [true] but found [false]
	at com.webtest.ranzhicase.CustomerManageTestCases.LoginSuccess(Unknown Source)
	at com.webtest.ranzhicase.CustomerManageTestCases.test43(Unknown Source)
	at com.webtest.ranzhicase.CustomerManageTestCases.test44(Unknown Source)
... Removed 27 stack frames</div></td></tr></table><p class="totop"><a href="#summary">back to summary</a></p><h3 id="m67">com.webtest.ranzhicase.CustomerManageTestCases#test45</h3><table class="result"><tr><th>Exception</th></tr><tr><td><div class="stacktrace">java.lang.AssertionError: expected [true] but found [false]
	at com.webtest.ranzhicase.CustomerManageTestCases.LoginSuccess(Unknown Source)
	at com.webtest.ranzhicase.CustomerManageTestCases.test45(Unknown Source)
... Removed 27 stack frames</div></td></tr></table><p class="totop"><a href="#summary">back to summary</a></p><h3 id="m68">com.webtest.ranzhicase.CustomerManageTestCases#test46</h3><table class="result"><tr><th>Exception</th></tr><tr><td><div class="stacktrace">java.lang.AssertionError: expected [true] but found [false]
	at com.webtest.ranzhicase.CustomerManageTestCases.LoginSuccess(Unknown Source)
	at com.webtest.ranzhicase.CustomerManageTestCases.test45(Unknown Source)
	at com.webtest.ranzhicase.CustomerManageTestCases.test46(Unknown Source)
... Removed 27 stack frames</div></td></tr></table><p class="totop"><a href="#summary">back to summary</a></p><h3 id="m69">com.webtest.ranzhicase.CustomerManageTestCases#test47</h3><table class="result"><tr><th>Exception</th></tr><tr><td><div class="stacktrace">java.lang.AssertionError: expected [true] but found [false]
	at com.webtest.ranzhicase.CustomerManageTestCases.LoginSuccess(Unknown Source)
	at com.webtest.ranzhicase.CustomerManageTestCases.test45(Unknown Source)
	at com.webtest.ranzhicase.CustomerManageTestCases.test47(Unknown Source)
... Removed 27 stack frames</div></td></tr></table><p class="totop"><a href="#summary">back to summary</a></p><h3 id="m70">com.webtest.ranzhicase.CustomerManageTestCases#test48</h3><table class="result"><tr class="param"><th>Parameter #1</th><th>Parameter #2</th></tr><tr class="param stripe"><td>children[16]</td><td></td></tr><tr><th colspan="2">Exception</th></tr><tr><td colspan="2"><div class="stacktrace">java.lang.AssertionError: expected [true] but found [false]
	at com.webtest.ranzhicase.CustomerManageTestCases.LoginSuccess(Unknown Source)
	at com.webtest.ranzhicase.CustomerManageTestCases.test45(Unknown Source)
	at com.webtest.ranzhicase.CustomerManageTestCases.test48(Unknown Source)
... Removed 27 stack frames</div></td></tr></table><p class="totop"><a href="#summary">back to summary</a></p><h3 id="m71">com.webtest.ranzhicase.CustomerManageTestCases#test48</h3><table class="result"><tr class="param"><th>Parameter #1</th><th>Parameter #2</th></tr><tr class="param stripe"><td>children[14]</td><td></td></tr><tr><th colspan="2">Exception</th></tr><tr><td colspan="2"><div class="stacktrace">java.lang.AssertionError: expected [true] but found [false]
	at com.webtest.ranzhicase.CustomerManageTestCases.LoginSuccess(Unknown Source)
	at com.webtest.ranzhicase.CustomerManageTestCases.test45(Unknown Source)
	at com.webtest.ranzhicase.CustomerManageTestCases.test48(Unknown Source)
... Removed 27 stack frames</div></td></tr></table><p class="totop"><a href="#summary">back to summary</a></p><h3 id="m72">com.webtest.ranzhicase.CustomerManageTestCases#test48</h3><table class="result"><tr class="param"><th>Parameter #1</th><th>Parameter #2</th></tr><tr class="param stripe"><td>children[15]</td><td></td></tr><tr><th colspan="2">Exception</th></tr><tr><td colspan="2"><div class="stacktrace">java.lang.AssertionError: expected [true] but found [false]
	at com.webtest.ranzhicase.CustomerManageTestCases.LoginSuccess(Unknown Source)
	at com.webtest.ranzhicase.CustomerManageTestCases.test45(Unknown Source)
	at com.webtest.ranzhicase.CustomerManageTestCases.test48(Unknown Source)
... Removed 27 stack frames</div></td></tr></table><p class="totop"><a href="#summary">back to summary</a></p><h3 id="m73">com.webtest.ranzhicase.MyTerritoryTestCases#test01</h3><table class="result"><tr><th>Exception</th></tr><tr><td><div class="stacktrace">org.openqa.selenium.NoSuchFrameException: No frame element found by name or id iframe-dashboard
Build info: version: &apos;3.141.59&apos;, revision: &apos;e82be7d358&apos;, time: &apos;2018-11-14T08:25:53&apos;
System info: host: &apos;ABC123&apos;, ip: &apos;192.168.137.91&apos;, os.name: &apos;Windows 10&apos;, os.arch: &apos;amd64&apos;, os.version: &apos;10.0&apos;, java.version: &apos;1.8.0_73&apos;
Driver info: driver.version: unknown
	at org.openqa.selenium.remote.RemoteWebDriver$RemoteTargetLocator.frame(RemoteWebDriver.java:885)
	at com.webtest.core.WebDriverEngine.enterFrame(Unknown Source)
	at com.webtest.ranzhicase.MyTerritoryTestCases.test01(Unknown Source)
... Removed 23 stack frames</div></td></tr></table><p class="totop"><a href="#summary">back to summary</a></p><h3 id="m74">com.webtest.ranzhicase.MyTerritoryTestCases#test02</h3><table class="result"><tr><th>Exception</th></tr><tr><td><div class="stacktrace">org.openqa.selenium.NoSuchFrameException: No frame element found by name or id iframe-dashboard
Build info: version: &apos;3.141.59&apos;, revision: &apos;e82be7d358&apos;, time: &apos;2018-11-14T08:25:53&apos;
System info: host: &apos;ABC123&apos;, ip: &apos;192.168.137.91&apos;, os.name: &apos;Windows 10&apos;, os.arch: &apos;amd64&apos;, os.version: &apos;10.0&apos;, java.version: &apos;1.8.0_73&apos;
Driver info: driver.version: unknown
	at org.openqa.selenium.remote.RemoteWebDriver$RemoteTargetLocator.frame(RemoteWebDriver.java:885)
	at com.webtest.core.WebDriverEngine.enterFrame(Unknown Source)
	at com.webtest.ranzhicase.MyTerritoryTestCases.test02(Unknown Source)
... Removed 23 stack frames</div></td></tr></table><p class="totop"><a href="#summary">back to summary</a></p><h3 id="m75">com.webtest.ranzhicase.MyTerritoryTestCases#test03</h3><table class="result"><tr><th>Exception</th></tr><tr><td><div class="stacktrace">org.openqa.selenium.NoSuchFrameException: No frame element found by name or id iframe-dashboard
Build info: version: &apos;3.141.59&apos;, revision: &apos;e82be7d358&apos;, time: &apos;2018-11-14T08:25:53&apos;
System info: host: &apos;ABC123&apos;, ip: &apos;192.168.137.91&apos;, os.name: &apos;Windows 10&apos;, os.arch: &apos;amd64&apos;, os.version: &apos;10.0&apos;, java.version: &apos;1.8.0_73&apos;
Driver info: driver.version: unknown
	at org.openqa.selenium.remote.RemoteWebDriver$RemoteTargetLocator.frame(RemoteWebDriver.java:885)
	at com.webtest.core.WebDriverEngine.enterFrame(Unknown Source)
	at com.webtest.ranzhicase.MyTerritoryTestCases.test03(Unknown Source)
... Removed 23 stack frames</div></td></tr></table><p class="totop"><a href="#summary">back to summary</a></p><h3 id="m76">com.webtest.ranzhicase.MyTerritoryTestCases#test06</h3><table class="result"><tr><th>Exception</th></tr><tr><td><div class="stacktrace">org.openqa.selenium.NoSuchFrameException: No frame element found by name or id iframe-dashboard
Build info: version: &apos;3.141.59&apos;, revision: &apos;e82be7d358&apos;, time: &apos;2018-11-14T08:25:53&apos;
System info: host: &apos;ABC123&apos;, ip: &apos;192.168.137.91&apos;, os.name: &apos;Windows 10&apos;, os.arch: &apos;amd64&apos;, os.version: &apos;10.0&apos;, java.version: &apos;1.8.0_73&apos;
Driver info: driver.version: unknown
	at org.openqa.selenium.remote.RemoteWebDriver$RemoteTargetLocator.frame(RemoteWebDriver.java:885)
	at com.webtest.core.WebDriverEngine.enterFrame(Unknown Source)
	at com.webtest.ranzhicase.MyTerritoryTestCases.test06(Unknown Source)
... Removed 23 stack frames</div></td></tr></table><p class="totop"><a href="#summary">back to summary</a></p><h3 id="m77">com.webtest.ranzhicase.MyTerritoryTestCases#test07</h3><table class="result"><tr><th>Exception</th></tr><tr><td><div class="stacktrace">org.openqa.selenium.NoSuchFrameException: No frame element found by name or id iframe-dashboard
Build info: version: &apos;3.141.59&apos;, revision: &apos;e82be7d358&apos;, time: &apos;2018-11-14T08:25:53&apos;
System info: host: &apos;ABC123&apos;, ip: &apos;192.168.137.91&apos;, os.name: &apos;Windows 10&apos;, os.arch: &apos;amd64&apos;, os.version: &apos;10.0&apos;, java.version: &apos;1.8.0_73&apos;
Driver info: driver.version: unknown
	at org.openqa.selenium.remote.RemoteWebDriver$RemoteTargetLocator.frame(RemoteWebDriver.java:885)
	at com.webtest.core.WebDriverEngine.enterFrame(Unknown Source)
	at com.webtest.ranzhicase.MyTerritoryTestCases.test07(Unknown Source)
... Removed 23 stack frames</div></td></tr></table><p class="totop"><a href="#summary">back to summary</a></p><h3 id="m78">com.webtest.ranzhicase.MyTerritoryTestCases#test09</h3><table class="result"><tr><th>Exception</th></tr><tr><td><div class="stacktrace">org.openqa.selenium.NoSuchFrameException: No frame element found by name or id iframe-dashboard
Build info: version: &apos;3.141.59&apos;, revision: &apos;e82be7d358&apos;, time: &apos;2018-11-14T08:25:53&apos;
System info: host: &apos;ABC123&apos;, ip: &apos;192.168.137.91&apos;, os.name: &apos;Windows 10&apos;, os.arch: &apos;amd64&apos;, os.version: &apos;10.0&apos;, java.version: &apos;1.8.0_73&apos;
Driver info: driver.version: unknown
	at org.openqa.selenium.remote.RemoteWebDriver$RemoteTargetLocator.frame(RemoteWebDriver.java:885)
	at com.webtest.core.WebDriverEngine.enterFrame(Unknown Source)
	at com.webtest.ranzhicase.MyTerritoryTestCases.test09(Unknown Source)
... Removed 23 stack frames</div></td></tr></table><p class="totop"><a href="#summary">back to summary</a></p><h3 id="m79">com.webtest.ranzhicase.MyTerritoryTestCases#test10</h3><table class="result"><tr><th>Exception</th></tr><tr><td><div class="stacktrace">org.openqa.selenium.NoSuchFrameException: No frame element found by name or id iframe-dashboard
Build info: version: &apos;3.141.59&apos;, revision: &apos;e82be7d358&apos;, time: &apos;2018-11-14T08:25:53&apos;
System info: host: &apos;ABC123&apos;, ip: &apos;192.168.137.91&apos;, os.name: &apos;Windows 10&apos;, os.arch: &apos;amd64&apos;, os.version: &apos;10.0&apos;, java.version: &apos;1.8.0_73&apos;
Driver info: driver.version: unknown
	at org.openqa.selenium.remote.RemoteWebDriver$RemoteTargetLocator.frame(RemoteWebDriver.java:885)
	at com.webtest.core.WebDriverEngine.enterFrame(Unknown Source)
	at com.webtest.ranzhicase.MyTerritoryTestCases.test10(Unknown Source)
... Removed 23 stack frames</div></td></tr></table><p class="totop"><a href="#summary">back to summary</a></p><h3 id="m80">com.webtest.ranzhicase.MyTerritoryTestCases#test11</h3><table class="result"><tr><th>Exception</th></tr><tr><td><div class="stacktrace">org.openqa.selenium.NoSuchFrameException: No frame element found by name or id iframe-dashboard
Build info: version: &apos;3.141.59&apos;, revision: &apos;e82be7d358&apos;, time: &apos;2018-11-14T08:25:53&apos;
System info: host: &apos;ABC123&apos;, ip: &apos;192.168.137.91&apos;, os.name: &apos;Windows 10&apos;, os.arch: &apos;amd64&apos;, os.version: &apos;10.0&apos;, java.version: &apos;1.8.0_73&apos;
Driver info: driver.version: unknown
	at org.openqa.selenium.remote.RemoteWebDriver$RemoteTargetLocator.frame(RemoteWebDriver.java:885)
	at com.webtest.core.WebDriverEngine.enterFrame(Unknown Source)
	at com.webtest.ranzhicase.MyTerritoryTestCases.test11(Unknown Source)
... Removed 23 stack frames</div></td></tr></table><p class="totop"><a href="#summary">back to summary</a></p><h3 id="m81">com.webtest.ranzhicase.MyTerritoryTestCases#test12</h3><table class="result"><tr><th>Exception</th></tr><tr><td><div class="stacktrace">org.openqa.selenium.NoSuchFrameException: No frame element found by name or id iframe-dashboard
Build info: version: &apos;3.141.59&apos;, revision: &apos;e82be7d358&apos;, time: &apos;2018-11-14T08:25:53&apos;
System info: host: &apos;ABC123&apos;, ip: &apos;192.168.137.91&apos;, os.name: &apos;Windows 10&apos;, os.arch: &apos;amd64&apos;, os.version: &apos;10.0&apos;, java.version: &apos;1.8.0_73&apos;
Driver info: driver.version: unknown
	at org.openqa.selenium.remote.RemoteWebDriver$RemoteTargetLocator.frame(RemoteWebDriver.java:885)
	at com.webtest.core.WebDriverEngine.enterFrame(Unknown Source)
	at com.webtest.ranzhicase.MyTerritoryTestCases.test12(Unknown Source)
... Removed 23 stack frames</div></td></tr></table><p class="totop"><a href="#summary">back to summary</a></p><h3 id="m82">com.webtest.ranzhicase.MyTerritoryTestCases#test13</h3><table class="result"><tr><th>Exception</th></tr><tr><td><div class="stacktrace">org.openqa.selenium.NoSuchFrameException: No frame element found by name or id iframe-dashboard
Build info: version: &apos;3.141.59&apos;, revision: &apos;e82be7d358&apos;, time: &apos;2018-11-14T08:25:53&apos;
System info: host: &apos;ABC123&apos;, ip: &apos;192.168.137.91&apos;, os.name: &apos;Windows 10&apos;, os.arch: &apos;amd64&apos;, os.version: &apos;10.0&apos;, java.version: &apos;1.8.0_73&apos;
Driver info: driver.version: unknown
	at org.openqa.selenium.remote.RemoteWebDriver$RemoteTargetLocator.frame(RemoteWebDriver.java:885)
	at com.webtest.core.WebDriverEngine.enterFrame(Unknown Source)
	at com.webtest.ranzhicase.MyTerritoryTestCases.test13(Unknown Source)
... Removed 23 stack frames</div></td></tr></table><p class="totop"><a href="#summary">back to summary</a></p><h3 id="m83">com.webtest.ranzhicase.MyTerritoryTestCases#test14</h3><table class="result"><tr><th>Exception</th></tr><tr><td><div class="stacktrace">org.openqa.selenium.NoSuchFrameException: No frame element found by name or id iframe-dashboard
Build info: version: &apos;3.141.59&apos;, revision: &apos;e82be7d358&apos;, time: &apos;2018-11-14T08:25:53&apos;
System info: host: &apos;ABC123&apos;, ip: &apos;192.168.137.91&apos;, os.name: &apos;Windows 10&apos;, os.arch: &apos;amd64&apos;, os.version: &apos;10.0&apos;, java.version: &apos;1.8.0_73&apos;
Driver info: driver.version: unknown
	at org.openqa.selenium.remote.RemoteWebDriver$RemoteTargetLocator.frame(RemoteWebDriver.java:885)
	at com.webtest.core.WebDriverEngine.enterFrame(Unknown Source)
	at com.webtest.ranzhicase.MyTerritoryTestCases.test14(Unknown Source)
... Removed 23 stack frames</div></td></tr></table><p class="totop"><a href="#summary">back to summary</a></p><h3 id="m84">com.webtest.ranzhicase.MyTerritoryTestCases#test15</h3><table class="result"><tr><th>Exception</th></tr><tr><td><div class="stacktrace">org.openqa.selenium.NoSuchFrameException: No frame element found by name or id iframe-dashboard
Build info: version: &apos;3.141.59&apos;, revision: &apos;e82be7d358&apos;, time: &apos;2018-11-14T08:25:53&apos;
System info: host: &apos;ABC123&apos;, ip: &apos;192.168.137.91&apos;, os.name: &apos;Windows 10&apos;, os.arch: &apos;amd64&apos;, os.version: &apos;10.0&apos;, java.version: &apos;1.8.0_73&apos;
Driver info: driver.version: unknown
	at org.openqa.selenium.remote.RemoteWebDriver$RemoteTargetLocator.frame(RemoteWebDriver.java:885)
	at com.webtest.core.WebDriverEngine.enterFrame(Unknown Source)
	at com.webtest.ranzhicase.MyTerritoryTestCases.test15(Unknown Source)
... Removed 23 stack frames</div></td></tr></table><p class="totop"><a href="#summary">back to summary</a></p><h3 id="m85">com.webtest.ranzhicase.MyTerritoryTestCases#test16</h3><table class="result"><tr><th>Exception</th></tr><tr><td><div class="stacktrace">org.openqa.selenium.NoSuchFrameException: No frame element found by name or id iframe-dashboard
Build info: version: &apos;3.141.59&apos;, revision: &apos;e82be7d358&apos;, time: &apos;2018-11-14T08:25:53&apos;
System info: host: &apos;ABC123&apos;, ip: &apos;192.168.137.91&apos;, os.name: &apos;Windows 10&apos;, os.arch: &apos;amd64&apos;, os.version: &apos;10.0&apos;, java.version: &apos;1.8.0_73&apos;
Driver info: driver.version: unknown
	at org.openqa.selenium.remote.RemoteWebDriver$RemoteTargetLocator.frame(RemoteWebDriver.java:885)
	at com.webtest.core.WebDriverEngine.enterFrame(Unknown Source)
	at com.webtest.ranzhicase.MyTerritoryTestCases.test16(Unknown Source)
... Removed 23 stack frames</div></td></tr></table><p class="totop"><a href="#summary">back to summary</a></p><h3 id="m86">com.webtest.ranzhicase.MyTerritoryTestCases#test17</h3><table class="result"><tr><th>Exception</th></tr><tr><td><div class="stacktrace">org.openqa.selenium.NoSuchFrameException: No frame element found by name or id iframe-dashboard
Build info: version: &apos;3.141.59&apos;, revision: &apos;e82be7d358&apos;, time: &apos;2018-11-14T08:25:53&apos;
System info: host: &apos;ABC123&apos;, ip: &apos;192.168.137.91&apos;, os.name: &apos;Windows 10&apos;, os.arch: &apos;amd64&apos;, os.version: &apos;10.0&apos;, java.version: &apos;1.8.0_73&apos;
Driver info: driver.version: unknown
	at org.openqa.selenium.remote.RemoteWebDriver$RemoteTargetLocator.frame(RemoteWebDriver.java:885)
	at com.webtest.core.WebDriverEngine.enterFrame(Unknown Source)
	at com.webtest.ranzhicase.MyTerritoryTestCases.test17(Unknown Source)
... Removed 23 stack frames</div></td></tr></table><p class="totop"><a href="#summary">back to summary</a></p><h3 id="m87">com.webtest.ranzhicase.MyTerritoryTestCases#test18</h3><table class="result"><tr><th>Exception</th></tr><tr><td><div class="stacktrace">org.openqa.selenium.NoSuchFrameException: No frame element found by name or id iframe-dashboard
Build info: version: &apos;3.141.59&apos;, revision: &apos;e82be7d358&apos;, time: &apos;2018-11-14T08:25:53&apos;
System info: host: &apos;ABC123&apos;, ip: &apos;192.168.137.91&apos;, os.name: &apos;Windows 10&apos;, os.arch: &apos;amd64&apos;, os.version: &apos;10.0&apos;, java.version: &apos;1.8.0_73&apos;
Driver info: driver.version: unknown
	at org.openqa.selenium.remote.RemoteWebDriver$RemoteTargetLocator.frame(RemoteWebDriver.java:885)
	at com.webtest.core.WebDriverEngine.enterFrame(Unknown Source)
	at com.webtest.ranzhicase.MyTerritoryTestCases.test18(Unknown Source)
... Removed 23 stack frames</div></td></tr></table><p class="totop"><a href="#summary">back to summary</a></p><h3 id="m88">com.webtest.ranzhicase.MyTerritoryTestCases#test19</h3><table class="result"><tr><th>Exception</th></tr><tr><td><div class="stacktrace">org.openqa.selenium.NoSuchFrameException: No frame element found by name or id iframe-dashboard
Build info: version: &apos;3.141.59&apos;, revision: &apos;e82be7d358&apos;, time: &apos;2018-11-14T08:25:53&apos;
System info: host: &apos;ABC123&apos;, ip: &apos;192.168.137.91&apos;, os.name: &apos;Windows 10&apos;, os.arch: &apos;amd64&apos;, os.version: &apos;10.0&apos;, java.version: &apos;1.8.0_73&apos;
Driver info: driver.version: unknown
	at org.openqa.selenium.remote.RemoteWebDriver$RemoteTargetLocator.frame(RemoteWebDriver.java:885)
	at com.webtest.core.WebDriverEngine.enterFrame(Unknown Source)
	at com.webtest.ranzhicase.MyTerritoryTestCases.test19(Unknown Source)
... Removed 23 stack frames</div></td></tr></table><p class="totop"><a href="#summary">back to summary</a></p><h3 id="m89">com.webtest.ranzhicase.MyTerritoryTestCases#test20</h3><table class="result"><tr><th>Exception</th></tr><tr><td><div class="stacktrace">org.openqa.selenium.NoSuchFrameException: No frame element found by name or id iframe-dashboard
Build info: version: &apos;3.141.59&apos;, revision: &apos;e82be7d358&apos;, time: &apos;2018-11-14T08:25:53&apos;
System info: host: &apos;ABC123&apos;, ip: &apos;192.168.137.91&apos;, os.name: &apos;Windows 10&apos;, os.arch: &apos;amd64&apos;, os.version: &apos;10.0&apos;, java.version: &apos;1.8.0_73&apos;
Driver info: driver.version: unknown
	at org.openqa.selenium.remote.RemoteWebDriver$RemoteTargetLocator.frame(RemoteWebDriver.java:885)
	at com.webtest.core.WebDriverEngine.enterFrame(Unknown Source)
	at com.webtest.ranzhicase.MyTerritoryTestCases.test20(Unknown Source)
... Removed 23 stack frames</div></td></tr></table><p class="totop"><a href="#summary">back to summary</a></p><h3 id="m90">com.webtest.ranzhicase.MyTerritoryTestCases#test21</h3><table class="result"><tr><th>Exception</th></tr><tr><td><div class="stacktrace">org.openqa.selenium.NoSuchFrameException: No frame element found by name or id iframe-dashboard
Build info: version: &apos;3.141.59&apos;, revision: &apos;e82be7d358&apos;, time: &apos;2018-11-14T08:25:53&apos;
System info: host: &apos;ABC123&apos;, ip: &apos;192.168.137.91&apos;, os.name: &apos;Windows 10&apos;, os.arch: &apos;amd64&apos;, os.version: &apos;10.0&apos;, java.version: &apos;1.8.0_73&apos;
Driver info: driver.version: unknown
	at org.openqa.selenium.remote.RemoteWebDriver$RemoteTargetLocator.frame(RemoteWebDriver.java:885)
	at com.webtest.core.WebDriverEngine.enterFrame(Unknown Source)
	at com.webtest.ranzhicase.MyTerritoryTestCases.test21(Unknown Source)
... Removed 23 stack frames</div></td></tr></table><p class="totop"><a href="#summary">back to summary</a></p><h3 id="m91">com.webtest.ranzhicase.MyTerritoryTestCases#test22</h3><table class="result"><tr><th>Exception</th></tr><tr><td><div class="stacktrace">org.openqa.selenium.NoSuchFrameException: No frame element found by name or id iframe-dashboard
Build info: version: &apos;3.141.59&apos;, revision: &apos;e82be7d358&apos;, time: &apos;2018-11-14T08:25:53&apos;
System info: host: &apos;ABC123&apos;, ip: &apos;192.168.137.91&apos;, os.name: &apos;Windows 10&apos;, os.arch: &apos;amd64&apos;, os.version: &apos;10.0&apos;, java.version: &apos;1.8.0_73&apos;
Driver info: driver.version: unknown
	at org.openqa.selenium.remote.RemoteWebDriver$RemoteTargetLocator.frame(RemoteWebDriver.java:885)
	at com.webtest.core.WebDriverEngine.enterFrame(Unknown Source)
	at com.webtest.ranzhicase.MyTerritoryTestCases.test22(Unknown Source)
... Removed 23 stack frames</div></td></tr></table><p class="totop"><a href="#summary">back to summary</a></p><h3 id="m92">com.webtest.ranzhicase.MyTerritoryTestCases#test23</h3><table class="result"><tr><th>Exception</th></tr><tr><td><div class="stacktrace">org.openqa.selenium.NoSuchFrameException: No frame element found by name or id iframe-dashboard
Build info: version: &apos;3.141.59&apos;, revision: &apos;e82be7d358&apos;, time: &apos;2018-11-14T08:25:53&apos;
System info: host: &apos;ABC123&apos;, ip: &apos;192.168.137.91&apos;, os.name: &apos;Windows 10&apos;, os.arch: &apos;amd64&apos;, os.version: &apos;10.0&apos;, java.version: &apos;1.8.0_73&apos;
Driver info: driver.version: unknown
	at org.openqa.selenium.remote.RemoteWebDriver$RemoteTargetLocator.frame(RemoteWebDriver.java:885)
	at com.webtest.core.WebDriverEngine.enterFrame(Unknown Source)
	at com.webtest.ranzhicase.MyTerritoryTestCases.test23(Unknown Source)
... Removed 23 stack frames</div></td></tr></table><p class="totop"><a href="#summary">back to summary</a></p><h3 id="m93">com.webtest.ranzhicase.MyTerritoryTestCases#test24</h3><table class="result"><tr><th>Exception</th></tr><tr><td><div class="stacktrace">org.openqa.selenium.NoSuchFrameException: No frame element found by name or id iframe-dashboard
Build info: version: &apos;3.141.59&apos;, revision: &apos;e82be7d358&apos;, time: &apos;2018-11-14T08:25:53&apos;
System info: host: &apos;ABC123&apos;, ip: &apos;192.168.137.91&apos;, os.name: &apos;Windows 10&apos;, os.arch: &apos;amd64&apos;, os.version: &apos;10.0&apos;, java.version: &apos;1.8.0_73&apos;
Driver info: driver.version: unknown
	at org.openqa.selenium.remote.RemoteWebDriver$RemoteTargetLocator.frame(RemoteWebDriver.java:885)
	at com.webtest.core.WebDriverEngine.enterFrame(Unknown Source)
	at com.webtest.ranzhicase.MyTerritoryTestCases.test24(Unknown Source)
... Removed 23 stack frames</div></td></tr></table><p class="totop"><a href="#summary">back to summary</a></p><h3 id="m94">com.webtest.ranzhicase.MyTerritoryTestCases#test25</h3><table class="result"><tr><th>Exception</th></tr><tr><td><div class="stacktrace">org.openqa.selenium.NoSuchFrameException: No frame element found by name or id iframe-dashboard
Build info: version: &apos;3.141.59&apos;, revision: &apos;e82be7d358&apos;, time: &apos;2018-11-14T08:25:53&apos;
System info: host: &apos;ABC123&apos;, ip: &apos;192.168.137.91&apos;, os.name: &apos;Windows 10&apos;, os.arch: &apos;amd64&apos;, os.version: &apos;10.0&apos;, java.version: &apos;1.8.0_73&apos;
Driver info: driver.version: unknown
	at org.openqa.selenium.remote.RemoteWebDriver$RemoteTargetLocator.frame(RemoteWebDriver.java:885)
	at com.webtest.core.WebDriverEngine.enterFrame(Unknown Source)
	at com.webtest.ranzhicase.MyTerritoryTestCases.test25(Unknown Source)
... Removed 23 stack frames</div></td></tr></table><p class="totop"><a href="#summary">back to summary</a></p><h3 id="m95">com.webtest.ranzhicase.MyTerritoryTestCases#test35</h3><table class="result"><tr><th>Exception</th></tr><tr><td><div class="stacktrace">org.openqa.selenium.NoSuchFrameException: No frame element found by name or id iframe-dashboard
Build info: version: &apos;3.141.59&apos;, revision: &apos;e82be7d358&apos;, time: &apos;2018-11-14T08:25:53&apos;
System info: host: &apos;ABC123&apos;, ip: &apos;192.168.137.91&apos;, os.name: &apos;Windows 10&apos;, os.arch: &apos;amd64&apos;, os.version: &apos;10.0&apos;, java.version: &apos;1.8.0_73&apos;
Driver info: driver.version: unknown
	at org.openqa.selenium.remote.RemoteWebDriver$RemoteTargetLocator.frame(RemoteWebDriver.java:885)
	at com.webtest.core.WebDriverEngine.enterFrame(Unknown Source)
	at com.webtest.ranzhicase.MyTerritoryTestCases.test35(Unknown Source)
... Removed 23 stack frames</div></td></tr></table><p class="totop"><a href="#summary">back to summary</a></p><h3 id="m96">com.webtest.ranzhicase.MyTerritoryTestCases#test36</h3><table class="result"><tr><th>Exception</th></tr><tr><td><div class="stacktrace">org.openqa.selenium.NoSuchFrameException: No frame element found by name or id iframe-dashboard
Build info: version: &apos;3.141.59&apos;, revision: &apos;e82be7d358&apos;, time: &apos;2018-11-14T08:25:53&apos;
System info: host: &apos;ABC123&apos;, ip: &apos;192.168.137.91&apos;, os.name: &apos;Windows 10&apos;, os.arch: &apos;amd64&apos;, os.version: &apos;10.0&apos;, java.version: &apos;1.8.0_73&apos;
Driver info: driver.version: unknown
	at org.openqa.selenium.remote.RemoteWebDriver$RemoteTargetLocator.frame(RemoteWebDriver.java:885)
	at com.webtest.core.WebDriverEngine.enterFrame(Unknown Source)
	at com.webtest.ranzhicase.MyTerritoryTestCases.test36(Unknown Source)
... Removed 23 stack frames</div></td></tr></table><p class="totop"><a href="#summary">back to summary</a></p><h3 id="m97">com.webtest.ranzhicase.BackManageTestCases#atestplan</h3><table class="result"><tr class="param"><th>Parameter #1</th><th>Parameter #2</th><th>Parameter #3</th><th>Parameter #4</th><th>Parameter #5</th><th>Parameter #6</th></tr><tr class="param stripe"><td>56</td><td>99</td><td>10</td><td>2</td><td>56</td><td>7</td></tr></table><p class="totop"><a href="#summary">back to summary</a></p><h3 id="m98">com.webtest.ranzhicase.BackManageTestCases#atestplan</h3><table class="result"><tr class="param"><th>Parameter #1</th><th>Parameter #2</th><th>Parameter #3</th><th>Parameter #4</th><th>Parameter #5</th><th>Parameter #6</th></tr><tr class="param stripe"><td>30</td><td>3</td><td>3</td><td>4</td><td>3</td><td>3</td></tr></table><p class="totop"><a href="#summary">back to summary</a></p><h3 id="m99">com.webtest.ranzhicase.BackManageTestCases#atestplan</h3><table class="result"><tr class="param"><th>Parameter #1</th><th>Parameter #2</th><th>Parameter #3</th><th>Parameter #4</th><th>Parameter #5</th><th>Parameter #6</th></tr><tr class="param stripe"><td>20</td><td>2</td><td>2</td><td>3</td><td>4</td><td>2</td></tr></table><p class="totop"><a href="#summary">back to summary</a></p><h3 id="m100">com.webtest.ranzhicase.BackManageTestCases#atestplan</h3><table class="result"><tr class="param"><th>Parameter #1</th><th>Parameter #2</th><th>Parameter #3</th><th>Parameter #4</th><th>Parameter #5</th><th>Parameter #6</th></tr><tr class="param stripe"><td>10</td><td>1</td><td>1</td><td>2</td><td>5</td><td>1</td></tr></table><p class="totop"><a href="#summary">back to summary</a></p><h3 id="m101">com.webtest.ranzhicase.BackManageTestCases#atestplan</h3><table class="result"><tr class="param"><th>Parameter #1</th><th>Parameter #2</th><th>Parameter #3</th><th>Parameter #4</th><th>Parameter #5</th><th>Parameter #6</th></tr><tr class="param stripe"><td>50</td><td>20</td><td>5</td><td>6</td><td>1</td><td>5</td></tr></table><p class="totop"><a href="#summary">back to summary</a></p><h3 id="m102">com.webtest.ranzhicase.BackManageTestCases#atestplan</h3><table class="result"><tr class="param"><th>Parameter #1</th><th>Parameter #2</th><th>Parameter #3</th><th>Parameter #4</th><th>Parameter #5</th><th>Parameter #6</th></tr><tr class="param stripe"><td>22</td><td>23</td><td>1</td><td>1</td><td>3</td><td>6</td></tr></table><p class="totop"><a href="#summary">back to summary</a></p><h3 id="m103">com.webtest.ranzhicase.BackManageTestCases#atestplan</h3><table class="result"><tr class="param"><th>Parameter #1</th><th>Parameter #2</th><th>Parameter #3</th><th>Parameter #4</th><th>Parameter #5</th><th>Parameter #6</th></tr><tr class="param stripe"><td>99</td><td>10</td><td>4</td><td>5</td><td>2</td><td>4</td></tr></table><p class="totop"><a href="#summary">back to summary</a></p><h3 id="m104">com.webtest.ranzhicase.BackManageTestCases#testAddGroup</h3><table class="result"><tr class="param"><th>Parameter #1</th><th>Parameter #2</th></tr><tr class="param stripe"><td></td><td></td></tr></table><p class="totop"><a href="#summary">back to summary</a></p><h3 id="m105">com.webtest.ranzhicase.BackManageTestCases#testAddGroup</h3><table class="result"><tr class="param"><th>Parameter #1</th><th>Parameter #2</th></tr><tr class="param stripe"><td></td><td></td></tr></table><p class="totop"><a href="#summary">back to summary</a></p><h3 id="m106">com.webtest.ranzhicase.BackManageTestCases#testAddGroup</h3><table class="result"><tr class="param"><th>Parameter #1</th><th>Parameter #2</th></tr><tr class="param stripe"><td></td><td></td></tr></table><p class="totop"><a href="#summary">back to summary</a></p><h3 id="m107">com.webtest.ranzhicase.BackManageTestCases#testAddGroup</h3><table class="result"><tr class="param"><th>Parameter #1</th><th>Parameter #2</th></tr><tr class="param stripe"><td></td><td></td></tr></table><p class="totop"><a href="#summary">back to summary</a></p><h3 id="m108">com.webtest.ranzhicase.BackManageTestCases#testAddGroup</h3><table class="result"><tr class="param"><th>Parameter #1</th><th>Parameter #2</th></tr><tr class="param stripe"><td></td><td></td></tr></table><p class="totop"><a href="#summary">back to summary</a></p><h3 id="m109">com.webtest.ranzhicase.BackManageTestCases#testAddGroup</h3><table class="result"><tr class="param"><th>Parameter #1</th><th>Parameter #2</th></tr><tr class="param stripe"><td></td><td></td></tr></table><p class="totop"><a href="#summary">back to summary</a></p><h3 id="m110">com.webtest.ranzhicase.BackManageTestCases#testApplication</h3><table class="result"><tr class="param"><th>Parameter #1</th><th>Parameter #2</th><th>Parameter #3</th><th>Parameter #4</th></tr><tr class="param stripe"><td>5</td><td>YL</td><td>yule5</td><td>http://www.sina.com</td></tr></table><p class="totop"><a href="#summary">back to summary</a></p><h3 id="m111">com.webtest.ranzhicase.BackManageTestCases#testApplication</h3><table class="result"><tr class="param"><th>Parameter #1</th><th>Parameter #2</th><th>Parameter #3</th><th>Parameter #4</th></tr><tr class="param stripe"><td>1</td><td>YL</td><td>yule1</td><td>http://www.baidu.com</td></tr></table><p class="totop"><a href="#summary">back to summary</a></p><h3 id="m112">com.webtest.ranzhicase.BackManageTestCases#testApplication</h3><table class="result"><tr class="param"><th>Parameter #1</th><th>Parameter #2</th><th>Parameter #3</th><th>Parameter #4</th></tr><tr class="param stripe"><td>3</td><td>YL</td><td>yule3</td><td>http://www.mengxiang.com</td></tr></table><p class="totop"><a href="#summary">back to summary</a></p><h3 id="m113">com.webtest.ranzhicase.BackManageTestCases#testApplication</h3><table class="result"><tr class="param"><th>Parameter #1</th><th>Parameter #2</th><th>Parameter #3</th><th>Parameter #4</th></tr><tr class="param stripe"><td>6</td><td>YL</td><td>yule6</td><td>http://www.sougou.com</td></tr></table><p class="totop"><a href="#summary">back to summary</a></p><h3 id="m114">com.webtest.ranzhicase.BackManageTestCases#testApplication</h3><table class="result"><tr class="param"><th>Parameter #1</th><th>Parameter #2</th><th>Parameter #3</th><th>Parameter #4</th></tr><tr class="param stripe"><td>2</td><td>YL</td><td>yule2</td><td>http://www.sohou.com</td></tr></table><p class="totop"><a href="#summary">back to summary</a></p><h3 id="m115">com.webtest.ranzhicase.BackManageTestCases#testApplication</h3><table class="result"><tr class="param"><th>Parameter #1</th><th>Parameter #2</th><th>Parameter #3</th><th>Parameter #4</th></tr><tr class="param stripe"><td>4</td><td>YL</td><td>yule4</td><td>http://www.baibai.com</td></tr></table><p class="totop"><a href="#summary">back to summary</a></p><h3 id="m116">com.webtest.ranzhicase.BackManageTestCases#testBackUp</h3><table class="result"><tr class="param"><th>Parameter #1</th></tr><tr class="param stripe"><td>9999</td></tr></table><p class="totop"><a href="#summary">back to summary</a></p><h3 id="m117">com.webtest.ranzhicase.BackManageTestCases#testBackUp</h3><table class="result"><tr class="param"><th>Parameter #1</th></tr><tr class="param stripe"><td>12</td></tr></table><p class="totop"><a href="#summary">back to summary</a></p><h3 id="m118">com.webtest.ranzhicase.BackManageTestCases#testBackUp</h3><table class="result"><tr class="param"><th>Parameter #1</th></tr><tr class="param stripe"><td>89</td></tr></table><p class="totop"><a href="#summary">back to summary</a></p><h3 id="m119">com.webtest.ranzhicase.BackManageTestCases#testBackUp</h3><table class="result"><tr class="param"><th>Parameter #1</th></tr><tr class="param stripe"><td>100000</td></tr></table><p class="totop"><a href="#summary">back to summary</a></p><h3 id="m120">com.webtest.ranzhicase.BackManageTestCases#testBackUp</h3><table class="result"><tr class="param"><th>Parameter #1</th></tr><tr class="param stripe"><td>13</td></tr></table><p class="totop"><a href="#summary">back to summary</a></p><h3 id="m121">com.webtest.ranzhicase.BackManageTestCases#testBackUp</h3><table class="result"><tr class="param"><th>Parameter #1</th></tr><tr class="param stripe"><td>18</td></tr></table><p class="totop"><a href="#summary">back to summary</a></p><h3 id="m122">com.webtest.ranzhicase.BackManageTestCases#testBackUp</h3><table class="result"><tr class="param"><th>Parameter #1</th></tr><tr class="param stripe"><td>100</td></tr></table><p class="totop"><a href="#summary">back to summary</a></p><h3 id="m123">com.webtest.ranzhicase.BackManageTestCases#testCompany</h3><table class="result"><tr class="param"><th>Parameter #1</th><th>Parameter #2</th></tr><tr class="param stripe"><td></td><td>4</td></tr></table><p class="totop"><a href="#summary">back to summary</a></p><h3 id="m124">com.webtest.ranzhicase.BackManageTestCases#testCompany</h3><table class="result"><tr class="param"><th>Parameter #1</th><th>Parameter #2</th></tr><tr class="param stripe"><td></td><td>6</td></tr></table><p class="totop"><a href="#summary">back to summary</a></p><h3 id="m125">com.webtest.ranzhicase.BackManageTestCases#testCompany</h3><table class="result"><tr class="param"><th>Parameter #1</th><th>Parameter #2</th></tr><tr class="param stripe"><td></td><td>1</td></tr></table><p class="totop"><a href="#summary">back to summary</a></p><h3 id="m126">com.webtest.ranzhicase.BackManageTestCases#testCompany</h3><table class="result"><tr class="param"><th>Parameter #1</th><th>Parameter #2</th></tr><tr class="param stripe"><td></td><td>7</td></tr></table><p class="totop"><a href="#summary">back to summary</a></p><h3 id="m127">com.webtest.ranzhicase.BackManageTestCases#testCompany</h3><table class="result"><tr class="param"><th>Parameter #1</th><th>Parameter #2</th></tr><tr class="param stripe"><td></td><td>2</td></tr></table><p class="totop"><a href="#summary">back to summary</a></p><h3 id="m128">com.webtest.ranzhicase.BackManageTestCases#testCompany</h3><table class="result"><tr class="param"><th>Parameter #1</th><th>Parameter #2</th></tr><tr class="param stripe"><td></td><td>3</td></tr></table><p class="totop"><a href="#summary">back to summary</a></p><h3 id="m129">com.webtest.ranzhicase.BackManageTestCases#testMD</h3><table class="result"></table><p class="totop"><a href="#summary">back to summary</a></p><h3 id="m130">com.webtest.ranzhicase.BackManageTestCases#testMember</h3><table class="result"><tr class="param"><th>Parameter #1</th><th>Parameter #2</th><th>Parameter #3</th><th>Parameter #4</th><th>Parameter #5</th></tr><tr class="param stripe"><td>jisans</td><td>jisans</td><td>123456</td><td>123456</td><td>1111@163.com</td></tr></table><p class="totop"><a href="#summary">back to summary</a></p><h3 id="m131">com.webtest.ranzhicase.BackManageTestCases#testMember</h3><table class="result"><tr class="param"><th>Parameter #1</th><th>Parameter #2</th><th>Parameter #3</th><th>Parameter #4</th><th>Parameter #5</th></tr><tr class="param stripe"><td>lisis</td><td>lisis</td><td>123456</td><td>123456</td><td>1112@163.com</td></tr></table><p class="totop"><a href="#summary">back to summary</a></p><h3 id="m132">com.webtest.ranzhicase.BackManageTestCases#testMember</h3><table class="result"><tr class="param"><th>Parameter #1</th><th>Parameter #2</th><th>Parameter #3</th><th>Parameter #4</th><th>Parameter #5</th></tr><tr class="param stripe"><td>maliul</td><td>maliul</td><td>123456</td><td>123456</td><td>1114@163.com</td></tr></table><p class="totop"><a href="#summary">back to summary</a></p><h3 id="m133">com.webtest.ranzhicase.BackManageTestCases#testMember</h3><table class="result"><tr class="param"><th>Parameter #1</th><th>Parameter #2</th><th>Parameter #3</th><th>Parameter #4</th><th>Parameter #5</th></tr><tr class="param stripe"><td>wangwuw</td><td>wangwuw</td><td>123456</td><td>123456</td><td>1113@163.com</td></tr></table><p class="totop"><a href="#summary">back to summary</a></p><h3 id="m134">com.webtest.ranzhicase.BackManageTestCases#testMember</h3><table class="result"><tr class="param"><th>Parameter #1</th><th>Parameter #2</th><th>Parameter #3</th><th>Parameter #4</th><th>Parameter #5</th></tr><tr class="param stripe"><td>zhaoqiq</td><td>zhaoqiq</td><td>123456</td><td>123456</td><td>1115@163.com</td></tr></table><p class="totop"><a href="#summary">back to summary</a></p><h3 id="m135">com.webtest.ranzhicase.BackManageTestCases#testMember</h3><table class="result"><tr class="param"><th>Parameter #1</th><th>Parameter #2</th><th>Parameter #3</th><th>Parameter #4</th><th>Parameter #5</th></tr><tr class="param stripe"><td>qianbab</td><td>qianbab</td><td>123456</td><td>123456</td><td>1116@163.com</td></tr></table><p class="totop"><a href="#summary">back to summary</a></p><h3 id="m136">com.webtest.ranzhicase.BackManageTestCases#testSending</h3><table class="result"><tr class="param"><th>Parameter #1</th><th>Parameter #2</th></tr><tr class="param stripe"><td>m213@163.com</td><td>1234568</td></tr></table><p class="totop"><a href="#summary">back to summary</a></p><h3 id="m137">com.webtest.ranzhicase.BackManageTestCases#testSending</h3><table class="result"><tr class="param"><th>Parameter #1</th><th>Parameter #2</th></tr><tr class="param stripe"><td>m123@163.com</td><td>123456</td></tr></table><p class="totop"><a href="#summary">back to summary</a></p><h3 id="m138">com.webtest.ranzhicase.BackManageTestCases#testSending</h3><table class="result"><tr class="param"><th>Parameter #1</th><th>Parameter #2</th></tr><tr class="param stripe"><td>m111@163.com</td><td>1234569</td></tr></table><p class="totop"><a href="#summary">back to summary</a></p><h3 id="m139">com.webtest.ranzhicase.BackManageTestCases#testSending</h3><table class="result"><tr class="param"><th>Parameter #1</th><th>Parameter #2</th></tr><tr class="param stripe"><td>m333@163.com</td><td>1234561</td></tr></table><p class="totop"><a href="#summary">back to summary</a></p><h3 id="m140">com.webtest.ranzhicase.BackManageTestCases#testSending</h3><table class="result"><tr class="param"><th>Parameter #1</th><th>Parameter #2</th></tr><tr class="param stripe"><td>m132@163.com</td><td>1234567</td></tr></table><p class="totop"><a href="#summary">back to summary</a></p><h3 id="m141">com.webtest.ranzhicase.BackManageTestCases#testSending</h3><table class="result"><tr class="param"><th>Parameter #1</th><th>Parameter #2</th></tr><tr class="param stripe"><td>m222@163.com</td><td>1234560</td></tr></table><p class="totop"><a href="#summary">back to summary</a></p><h3 id="m142">com.webtest.ranzhicase.BackManageTestCases#testXuanxuan</h3><table class="result"></table><p class="totop"><a href="#summary">back to summary</a></p><h3 id="m143">com.webtest.ranzhicase.OtherTestCases#testTeam01</h3><table class="result"></table><p class="totop"><a href="#summary">back to summary</a></p><h3 id="m144">com.webtest.ranzhicase.OtherTestCases#testTeam02</h3><table class="result"></table><p class="totop"><a href="#summary">back to summary</a></p><h3 id="m145">com.webtest.ranzhicase.OtherTestCases#testTeam03</h3><table class="result"></table><p class="totop"><a href="#summary">back to summary</a></p><h3 id="m146">com.webtest.ranzhicase.OtherTestCases#testTeam04</h3><table class="result"></table><p class="totop"><a href="#summary">back to summary</a></p><h3 id="m147">com.webtest.ranzhicase.OtherTestCases#testTeam05</h3><table class="result"></table><p class="totop"><a href="#summary">back to summary</a></p><h3 id="m148">com.webtest.ranzhicase.OtherTestCases#testTeam06</h3><table class="result"></table><p class="totop"><a href="#summary">back to summary</a></p><h3 id="m149">com.webtest.ranzhicase.OtherTestCases#testTeam07</h3><table class="result"></table><p class="totop"><a href="#summary">back to summary</a></p><h3 id="m150">com.webtest.ranzhicase.OtherTestCases#testTeam08</h3><table class="result"></table><p class="totop"><a href="#summary">back to summary</a></p><h3 id="m151">com.webtest.ranzhicase.OtherTestCases#testTeam09</h3><table class="result"></table><p class="totop"><a href="#summary">back to summary</a></p><h3 id="m152">com.webtest.ranzhicase.OtherTestCases#testTeam10</h3><table class="result"></table><p class="totop"><a href="#summary">back to summary</a></p><h3 id="m153">com.webtest.ranzhicase.OtherTestCases#testTeam11</h3><table class="result"></table><p class="totop"><a href="#summary">back to summary</a></p><h3 id="m154">com.webtest.ranzhicase.OtherTestCases#testTeam12</h3><table class="result"></table><p class="totop"><a href="#summary">back to summary</a></p><h3 id="m155">com.webtest.ranzhicase.OtherTestCases#testTeam13</h3><table class="result"></table><p class="totop"><a href="#summary">back to summary</a></p><h3 id="m156">com.webtest.ranzhicase.OtherTestCases#testTeam14</h3><table class="result"></table><p class="totop"><a href="#summary">back to summary</a></p><h3 id="m157">com.webtest.ranzhicase.OtherTestCases#testTeam15</h3><table class="result"></table><p class="totop"><a href="#summary">back to summary</a></p><h3 id="m158">com.webtest.ranzhicase.OtherTestCases#testTeam16</h3><table class="result"></table><p class="totop"><a href="#summary">back to summary</a></p><h3 id="m159">com.webtest.ranzhicase.OtherTestCases#testTeam17</h3><table class="result"></table><p class="totop"><a href="#summary">back to summary</a></p><h3 id="m160">com.webtest.ranzhicase.OtherTestCases#testTeam18</h3><table class="result"></table><p class="totop"><a href="#summary">back to summary</a></p><h3 id="m161">com.webtest.ranzhicase.OtherTestCases#testTeam19</h3><table class="result"></table><p class="totop"><a href="#summary">back to summary</a></p><h3 id="m162">com.webtest.ranzhicase.OtherTestCases#testTeam20</h3><table class="result"></table><p class="totop"><a href="#summary">back to summary</a></p><h3 id="m163">com.webtest.ranzhicase.OtherTestCases#testTeam21</h3><table class="result"></table><p class="totop"><a href="#summary">back to summary</a></p><h3 id="m164">com.webtest.ranzhicase.OtherTestCases#testTeam22</h3><table class="result"></table><p class="totop"><a href="#summary">back to summary</a></p><h3 id="m165">com.webtest.ranzhicase.OtherTestCases#testTeam23</h3><table class="result"></table><p class="totop"><a href="#summary">back to summary</a></p><h3 id="m166">com.webtest.ranzhicase.OtherTestCases#testTeam24</h3><table class="result"></table><p class="totop"><a href="#summary">back to summary</a></p><h3 id="m167">com.webtest.ranzhicase.OtherTestCases#testTeam25</h3><table class="result"></table><p class="totop"><a href="#summary">back to summary</a></p><h3 id="m168">com.webtest.ranzhicase.OtherTestCases#testTeam26</h3><table class="result"></table><p class="totop"><a href="#summary">back to summary</a></p><h3 id="m169">com.webtest.ranzhicase.OtherTestCases#testTeam27</h3><table class="result"></table><p class="totop"><a href="#summary">back to summary</a></p><h3 id="m170">com.webtest.ranzhicase.OtherTestCases#testTeam28</h3><table class="result"></table><p class="totop"><a href="#summary">back to summary</a></p><h3 id="m171">com.webtest.ranzhicase.OtherTestCases#testTeam29</h3><table class="result"></table><p class="totop"><a href="#summary">back to summary</a></p><h3 id="m172">com.webtest.ranzhicase.OtherTestCases#testTeam30</h3><table class="result"></table><p class="totop"><a href="#summary">back to summary</a></p><h3 id="m173">com.webtest.ranzhicase.OtherTestCases#testTeam31</h3><table class="result"></table><p class="totop"><a href="#summary">back to summary</a></p><h3 id="m174">com.webtest.ranzhicase.OtherTestCases#testTeam32</h3><table class="result"></table><p class="totop"><a href="#summary">back to summary</a></p><h3 id="m175">com.webtest.ranzhicase.OtherTestCases#testTeam33</h3><table class="result"></table><p class="totop"><a href="#summary">back to summary</a></p><h3 id="m176">com.webtest.ranzhicase.OtherTestCases#testTeam34</h3><table class="result"></table><p class="totop"><a href="#summary">back to summary</a></p><h3 id="m177">com.webtest.ranzhicase.OtherTestCases#testTeam35</h3><table class="result"></table><p class="totop"><a href="#summary">back to summary</a></p><h3 id="m178">com.webtest.ranzhicase.OtherTestCases#testTeam36</h3><table class="result"></table><p class="totop"><a href="#summary">back to summary</a></p><h3 id="m179">com.webtest.ranzhicase.OtherTestCases#testTeam38</h3><table class="result"></table><p class="totop"><a href="#summary">back to summary</a></p><h3 id="m180">com.webtest.ranzhicase.OtherTestCases#testTeam39</h3><table class="result"></table><p class="totop"><a href="#summary">back to summary</a></p><h3 id="m181">com.webtest.ranzhicase.OtherTestCases#testTeam40</h3><table class="result"></table><p class="totop"><a href="#summary">back to summary</a></p><h3 id="m182">com.webtest.ranzhicase.OtherTestCases#testTeam41</h3><table class="result"></table><p class="totop"><a href="#summary">back to summary</a></p><h3 id="m183">com.webtest.ranzhicase.OtherTestCases#testTeam42</h3><table class="result"></table><p class="totop"><a href="#summary">back to summary</a></p><h3 id="m184">com.webtest.ranzhicase.OtherTestCases#testTeam43</h3><table class="result"></table><p class="totop"><a href="#summary">back to summary</a></p><h3 id="m185">com.webtest.ranzhicase.OtherTestCases#testTeam44</h3><table class="result"></table><p class="totop"><a href="#summary">back to summary</a></p><h3 id="m186">com.webtest.ranzhicase.OtherTestCases#testTeam45</h3><table class="result"></table><p class="totop"><a href="#summary">back to summary</a></p><h3 id="m187">com.webtest.ranzhicase.OtherTestCases#testTeam46</h3><table class="result"></table><p class="totop"><a href="#summary">back to summary</a></p><h3 id="m188">com.webtest.ranzhicase.OtherTestCases#testTeam47</h3><table class="result"></table><p class="totop"><a href="#summary">back to summary</a></p><h3 id="m189">com.webtest.ranzhicase.OtherTestCases#testTeam48</h3><table class="result"></table><p class="totop"><a href="#summary">back to summary</a></p><h3 id="m190">com.webtest.ranzhicase.CashAccountTestCases#demo01</h3><table class="result"></table><p class="totop"><a href="#summary">back to summary</a></p><h3 id="m191">com.webtest.ranzhicase.CashAccountTestCases#demo04</h3><table class="result"></table><p class="totop"><a href="#summary">back to summary</a></p><h3 id="m192">com.webtest.ranzhicase.CashAccountTestCases#demo05</h3><table class="result"></table><p class="totop"><a href="#summary">back to summary</a></p><h3 id="m193">com.webtest.ranzhicase.CashAccountTestCases#demo06</h3><table class="result"></table><p class="totop"><a href="#summary">back to summary</a></p><h3 id="m194">com.webtest.ranzhicase.CashAccountTestCases#demo07</h3><table class="result"></table><p class="totop"><a href="#summary">back to summary</a></p><h3 id="m195">com.webtest.ranzhicase.CashAccountTestCases#demo08</h3><table class="result"></table><p class="totop"><a href="#summary">back to summary</a></p><h3 id="m196">com.webtest.ranzhicase.CashAccountTestCases#demo09</h3><table class="result"></table><p class="totop"><a href="#summary">back to summary</a></p><h3 id="m197">com.webtest.ranzhicase.CashAccountTestCases#demo10</h3><table class="result"></table><p class="totop"><a href="#summary">back to summary</a></p><h3 id="m198">com.webtest.ranzhicase.CashAccountTestCases#demo12</h3><table class="result"></table><p class="totop"><a href="#summary">back to summary</a></p><h3 id="m199">com.webtest.ranzhicase.CashAccountTestCases#demo13</h3><table class="result"></table><p class="totop"><a href="#summary">back to summary</a></p><h3 id="m200">com.webtest.ranzhicase.CashAccountTestCases#demo14</h3><table class="result"></table><p class="totop"><a href="#summary">back to summary</a></p><h3 id="m201">com.webtest.ranzhicase.CashAccountTestCases#demo15</h3><table class="result"></table><p class="totop"><a href="#summary">back to summary</a></p><h3 id="m202">com.webtest.ranzhicase.CashAccountTestCases#demo16</h3><table class="result"></table><p class="totop"><a href="#summary">back to summary</a></p><h3 id="m203">com.webtest.ranzhicase.CashAccountTestCases#demo17</h3><table class="result"></table><p class="totop"><a href="#summary">back to summary</a></p><h3 id="m204">com.webtest.ranzhicase.CashAccountTestCases#demo18</h3><table class="result"></table><p class="totop"><a href="#summary">back to summary</a></p><h3 id="m205">com.webtest.ranzhicase.CashAccountTestCases#demo19</h3><table class="result"></table><p class="totop"><a href="#summary">back to summary</a></p><h3 id="m206">com.webtest.ranzhicase.CashAccountTestCases#demo21</h3><table class="result"></table><p class="totop"><a href="#summary">back to summary</a></p><h3 id="m207">com.webtest.ranzhicase.CashAccountTestCases#demo25</h3><table class="result"></table><p class="totop"><a href="#summary">back to summary</a></p><h3 id="m208">com.webtest.ranzhicase.CashAccountTestCases#demo26</h3><table class="result"></table><p class="totop"><a href="#summary">back to summary</a></p><h3 id="m209">com.webtest.ranzhicase.CashAccountTestCases#demo30</h3><table class="result"></table><p class="totop"><a href="#summary">back to summary</a></p><h3 id="m210">com.webtest.ranzhicase.CashAccountTestCases#edittranser</h3><table class="result"></table><p class="totop"><a href="#summary">back to summary</a></p><h3 id="m211">com.webtest.ranzhicase.CashAccountTestCases#newaccount</h3><table class="result"><tr class="param"><th>Parameter #1</th><th>Parameter #2</th></tr><tr class="param stripe"><td>46</td><td>599</td></tr></table><p class="totop"><a href="#summary">back to summary</a></p><h3 id="m212">com.webtest.ranzhicase.CashAccountTestCases#newaccount</h3><table class="result"><tr class="param"><th>Parameter #1</th><th>Parameter #2</th></tr><tr class="param stripe"><td>866</td><td>786687</td></tr></table><p class="totop"><a href="#summary">back to summary</a></p><h3 id="m213">com.webtest.ranzhicase.CashAccountTestCases#newaccount</h3><table class="result"><tr class="param"><th>Parameter #1</th><th>Parameter #2</th></tr><tr class="param stripe"><td>21</td><td>88</td></tr></table><p class="totop"><a href="#summary">back to summary</a></p><h3 id="m214">com.webtest.ranzhicase.CashAccountTestCases#newaccount</h3><table class="result"><tr class="param"><th>Parameter #1</th><th>Parameter #2</th></tr><tr class="param stripe"><td>678687</td><td>7866</td></tr></table><p class="totop"><a href="#summary">back to summary</a></p><h3 id="m215">com.webtest.ranzhicase.CashAccountTestCases#newaccount</h3><table class="result"><tr class="param"><th>Parameter #1</th><th>Parameter #2</th></tr><tr class="param stripe"><td>45</td><td>587</td></tr></table><p class="totop"><a href="#summary">back to summary</a></p><h3 id="m216">com.webtest.ranzhicase.CustomerManageTestCases#test03</h3><table class="result"></table><p class="totop"><a href="#summary">back to summary</a></p><h3 id="m217">com.webtest.ranzhicase.CustomerManageTestCases#test06</h3><table class="result"></table><p class="totop"><a href="#summary">back to summary</a></p><h3 id="m218">com.webtest.ranzhicase.CustomerManageTestCases#test09</h3><table class="result"></table><p class="totop"><a href="#summary">back to summary</a></p><h3 id="m219">com.webtest.ranzhicase.CustomerManageTestCases#test15</h3><table class="result"></table><p class="totop"><a href="#summary">back to summary</a></p><h3 id="m220">com.webtest.ranzhicase.CustomerManageTestCases#test18</h3><table class="result"></table><p class="totop"><a href="#summary">back to summary</a></p><h3 id="m221">com.webtest.ranzhicase.CustomerManageTestCases#test20</h3><table class="result"></table><p class="totop"><a href="#summary">back to summary</a></p><h3 id="m222">com.webtest.ranzhicase.CustomerManageTestCases#test33</h3><table class="result"></table><p class="totop"><a href="#summary">back to summary</a></p><h3 id="m223">com.webtest.ranzhicase.DailyOfficeTestCases#test01</h3><table class="result"></table><p class="totop"><a href="#summary">back to summary</a></p><h3 id="m224">com.webtest.ranzhicase.DailyOfficeTestCases#test02</h3><table class="result"></table><p class="totop"><a href="#summary">back to summary</a></p><h3 id="m225">com.webtest.ranzhicase.DailyOfficeTestCases#test03</h3><table class="result"></table><p class="totop"><a href="#summary">back to summary</a></p><h3 id="m226">com.webtest.ranzhicase.DailyOfficeTestCases#test04</h3><table class="result"></table><p class="totop"><a href="#summary">back to summary</a></p><h3 id="m227">com.webtest.ranzhicase.DailyOfficeTestCases#test05</h3><table class="result"></table><p class="totop"><a href="#summary">back to summary</a></p><h3 id="m228">com.webtest.ranzhicase.DailyOfficeTestCases#test06</h3><table class="result"></table><p class="totop"><a href="#summary">back to summary</a></p><h3 id="m229">com.webtest.ranzhicase.DailyOfficeTestCases#test07</h3><table class="result"></table><p class="totop"><a href="#summary">back to summary</a></p><h3 id="m230">com.webtest.ranzhicase.DailyOfficeTestCases#test08</h3><table class="result"></table><p class="totop"><a href="#summary">back to summary</a></p><h3 id="m231">com.webtest.ranzhicase.DailyOfficeTestCases#test09</h3><table class="result"></table><p class="totop"><a href="#summary">back to summary</a></p><h3 id="m232">com.webtest.ranzhicase.DailyOfficeTestCases#test10</h3><table class="result"></table><p class="totop"><a href="#summary">back to summary</a></p><h3 id="m233">com.webtest.ranzhicase.DailyOfficeTestCases#test11</h3><table class="result"></table><p class="totop"><a href="#summary">back to summary</a></p><h3 id="m234">com.webtest.ranzhicase.DailyOfficeTestCases#test12</h3><table class="result"></table><p class="totop"><a href="#summary">back to summary</a></p><h3 id="m235">com.webtest.ranzhicase.DailyOfficeTestCases#test13</h3><table class="result"></table><p class="totop"><a href="#summary">back to summary</a></p><h3 id="m236">com.webtest.ranzhicase.DailyOfficeTestCases#test14</h3><table class="result"></table><p class="totop"><a href="#summary">back to summary</a></p><h3 id="m237">com.webtest.ranzhicase.DailyOfficeTestCases#test15</h3><table class="result"></table><p class="totop"><a href="#summary">back to summary</a></p><h3 id="m238">com.webtest.ranzhicase.DailyOfficeTestCases#test16</h3><table class="result"></table><p class="totop"><a href="#summary">back to summary</a></p><h3 id="m239">com.webtest.ranzhicase.DailyOfficeTestCases#test17</h3><table class="result"></table><p class="totop"><a href="#summary">back to summary</a></p><h3 id="m240">com.webtest.ranzhicase.DailyOfficeTestCases#test18</h3><table class="result"></table><p class="totop"><a href="#summary">back to summary</a></p><h3 id="m241">com.webtest.ranzhicase.DailyOfficeTestCases#test19</h3><table class="result"></table><p class="totop"><a href="#summary">back to summary</a></p><h3 id="m242">com.webtest.ranzhicase.DailyOfficeTestCases#test20</h3><table class="result"></table><p class="totop"><a href="#summary">back to summary</a></p><h3 id="m243">com.webtest.ranzhicase.DailyOfficeTestCases#test21</h3><table class="result"></table><p class="totop"><a href="#summary">back to summary</a></p><h3 id="m244">com.webtest.ranzhicase.DailyOfficeTestCases#test22</h3><table class="result"></table><p class="totop"><a href="#summary">back to summary</a></p><h3 id="m245">com.webtest.ranzhicase.DailyOfficeTestCases#test23</h3><table class="result"></table><p class="totop"><a href="#summary">back to summary</a></p><h3 id="m246">com.webtest.ranzhicase.DailyOfficeTestCases#test25</h3><table class="result"></table><p class="totop"><a href="#summary">back to summary</a></p><h3 id="m247">com.webtest.ranzhicase.DailyOfficeTestCases#test26</h3><table class="result"></table><p class="totop"><a href="#summary">back to summary</a></p><h3 id="m248">com.webtest.ranzhicase.DailyOfficeTestCases#test27</h3><table class="result"></table><p class="totop"><a href="#summary">back to summary</a></p><h3 id="m249">com.webtest.ranzhicase.DailyOfficeTestCases#test28</h3><table class="result"></table><p class="totop"><a href="#summary">back to summary</a></p><h3 id="m250">com.webtest.ranzhicase.DailyOfficeTestCases#test29</h3><table class="result"></table><p class="totop"><a href="#summary">back to summary</a></p><h3 id="m251">com.webtest.ranzhicase.DailyOfficeTestCases#test30</h3><table class="result"></table><p class="totop"><a href="#summary">back to summary</a></p><h3 id="m252">com.webtest.ranzhicase.DailyOfficeTestCases#test31</h3><table class="result"></table><p class="totop"><a href="#summary">back to summary</a></p><h3 id="m253">com.webtest.ranzhicase.DailyOfficeTestCases#test32</h3><table class="result"></table><p class="totop"><a href="#summary">back to summary</a></p><h3 id="m254">com.webtest.ranzhicase.DailyOfficeTestCases#test33</h3><table class="result"></table><p class="totop"><a href="#summary">back to summary</a></p><h3 id="m255">com.webtest.ranzhicase.DailyOfficeTestCases#test34</h3><table class="result"></table><p class="totop"><a href="#summary">back to summary</a></p><h3 id="m256">com.webtest.ranzhicase.DailyOfficeTestCases#test35</h3><table class="result"></table><p class="totop"><a href="#summary">back to summary</a></p><h3 id="m257">com.webtest.ranzhicase.DailyOfficeTestCases#test36</h3><table class="result"></table><p class="totop"><a href="#summary">back to summary</a></p><h3 id="m258">com.webtest.ranzhicase.DailyOfficeTestCases#test37</h3><table class="result"></table><p class="totop"><a href="#summary">back to summary</a></p><h3 id="m259">com.webtest.ranzhicase.DailyOfficeTestCases#test38</h3><table class="result"></table><p class="totop"><a href="#summary">back to summary</a></p><h3 id="m260">com.webtest.ranzhicase.DailyOfficeTestCases#test39</h3><table class="result"></table><p class="totop"><a href="#summary">back to summary</a></p><h3 id="m261">com.webtest.ranzhicase.DailyOfficeTestCases#test40</h3><table class="result"></table><p class="totop"><a href="#summary">back to summary</a></p><h3 id="m262">com.webtest.ranzhicase.DailyOfficeTestCases#test41</h3><table class="result"></table><p class="totop"><a href="#summary">back to summary</a></p><h3 id="m263">com.webtest.ranzhicase.DailyOfficeTestCases#test42</h3><table class="result"></table><p class="totop"><a href="#summary">back to summary</a></p><h3 id="m264">com.webtest.ranzhicase.DailyOfficeTestCases#test43</h3><table class="result"></table><p class="totop"><a href="#summary">back to summary</a></p><h3 id="m265">com.webtest.ranzhicase.DailyOfficeTestCases#test44</h3><table class="result"></table><p class="totop"><a href="#summary">back to summary</a></p><h3 id="m266">com.webtest.ranzhicase.MyTerritoryTestCases#test05</h3><table class="result"></table><p class="totop"><a href="#summary">back to summary</a></p><h3 id="m267">com.webtest.ranzhicase.MyTerritoryTestCases#test08</h3><table class="result"></table><p class="totop"><a href="#summary">back to summary</a></p><h3 id="m268">com.webtest.ranzhicase.MyTerritoryTestCases#test26</h3><table class="result"></table><p class="totop"><a href="#summary">back to summary</a></p><h3 id="m269">com.webtest.ranzhicase.MyTerritoryTestCases#test27</h3><table class="result"></table><p class="totop"><a href="#summary">back to summary</a></p><h3 id="m270">com.webtest.ranzhicase.MyTerritoryTestCases#test28</h3><table class="result"></table><p class="totop"><a href="#summary">back to summary</a></p><h3 id="m271">com.webtest.ranzhicase.MyTerritoryTestCases#test29</h3><table class="result"></table><p class="totop"><a href="#summary">back to summary</a></p><h3 id="m272">com.webtest.ranzhicase.MyTerritoryTestCases#test30</h3><table class="result"></table><p class="totop"><a href="#summary">back to summary</a></p><h3 id="m273">com.webtest.ranzhicase.MyTerritoryTestCases#test31</h3><table class="result"></table><p class="totop"><a href="#summary">back to summary</a></p><h3 id="m274">com.webtest.ranzhicase.MyTerritoryTestCases#test33</h3><table class="result"></table><p class="totop"><a href="#summary">back to summary</a></p><h3 id="m275">com.webtest.ranzhicase.MyTerritoryTestCases#test34</h3><table class="result"></table><p class="totop"><a href="#summary">back to summary</a></p><h3 id="m276">com.webtest.ranzhicase.MyTerritoryTestCases#test40</h3><table class="result"></table><p class="totop"><a href="#summary">back to summary</a></p><h3 id="m277">com.webtest.ranzhicase.MyTerritoryTestCases#test41</h3><table class="result"></table><p class="totop"><a href="#summary">back to summary</a></p><h3 id="m278">com.webtest.ranzhicase.MyTerritoryTestCases#test42</h3><table class="result"></table><p class="totop"><a href="#summary">back to summary</a></p><h3 id="m279">com.webtest.ranzhicase.MyTerritoryTestCases#test44</h3><table class="result"></table><p class="totop"><a href="#summary">back to summary</a></p><h3 id="m280">com.webtest.ranzhicase.MyTerritoryTestCases#test45</h3><table class="result"></table><p class="totop"><a href="#summary">back to summary</a></p><h3 id="m281">com.webtest.ranzhicase.MyTerritoryTestCases#test46</h3><table class="result"><tr class="param"><th>Parameter #1</th><th>Parameter #2</th><th>Parameter #3</th><th>Parameter #4</th><th>Parameter #5</th></tr><tr class="param stripe"><td></td><td></td><td></td><td></td><td></td></tr></table><p class="totop"><a href="#summary">back to summary</a></p><h3 id="m282">com.webtest.ranzhicase.MyTerritoryTestCases#test46</h3><table class="result"><tr class="param"><th>Parameter #1</th><th>Parameter #2</th><th>Parameter #3</th><th>Parameter #4</th><th>Parameter #5</th></tr><tr class="param stripe"><td></td><td>2019/12/12</td><td></td><td></td><td></td></tr></table><p class="totop"><a href="#summary">back to summary</a></p><h3 id="m283">com.webtest.ranzhicase.MyTerritoryTestCases#test46</h3><table class="result"><tr class="param"><th>Parameter #1</th><th>Parameter #2</th><th>Parameter #3</th><th>Parameter #4</th><th>Parameter #5</th></tr><tr class="param stripe"><td></td><td>2019/12/12</td><td></td><td></td><td></td></tr></table><p class="totop"><a href="#summary">back to summary</a></p><h3 id="m284">com.webtest.ranzhicase.MyTerritoryTestCases#test46</h3><table class="result"><tr class="param"><th>Parameter #1</th><th>Parameter #2</th><th>Parameter #3</th><th>Parameter #4</th><th>Parameter #5</th></tr><tr class="param stripe"><td></td><td></td><td></td><td></td><td></td></tr></table><p class="totop"><a href="#summary">back to summary</a></p><h3 id="m285">com.webtest.ranzhicase.MyTerritoryTestCases#test46</h3><table class="result"><tr class="param"><th>Parameter #1</th><th>Parameter #2</th><th>Parameter #3</th><th>Parameter #4</th><th>Parameter #5</th></tr><tr class="param stripe"><td></td><td></td><td></td><td></td><td></td></tr></table><p class="totop"><a href="#summary">back to summary</a></p><h3 id="m286">com.webtest.ranzhicase.MyTerritoryTestCases#test46</h3><table class="result"><tr class="param"><th>Parameter #1</th><th>Parameter #2</th><th>Parameter #3</th><th>Parameter #4</th><th>Parameter #5</th></tr><tr class="param stripe"><td></td><td>2019/12/12</td><td></td><td></td><td>admin</td></tr></table><p class="totop"><a href="#summary">back to summary</a></p><h3 id="m287">com.webtest.ranzhicase.MyTerritoryTestCases#test46</h3><table class="result"><tr class="param"><th>Parameter #1</th><th>Parameter #2</th><th>Parameter #3</th><th>Parameter #4</th><th>Parameter #5</th></tr><tr class="param stripe"><td></td><td>2019/12/12</td><td></td><td></td><td></td></tr></table><p class="totop"><a href="#summary">back to summary</a></p><h3 id="m288">com.webtest.ranzhicase.MyTerritoryTestCases#test46</h3><table class="result"><tr class="param"><th>Parameter #1</th><th>Parameter #2</th><th>Parameter #3</th><th>Parameter #4</th><th>Parameter #5</th></tr><tr class="param stripe"><td></td><td>2019/12/12</td><td></td><td></td><td>admin</td></tr></table><p class="totop"><a href="#summary">back to summary</a></p><h3 id="m289">com.webtest.ranzhicase.MyTerritoryTestCases#test46</h3><table class="result"><tr class="param"><th>Parameter #1</th><th>Parameter #2</th><th>Parameter #3</th><th>Parameter #4</th><th>Parameter #5</th></tr><tr class="param stripe"><td></td><td></td><td></td><td></td><td></td></tr></table><p class="totop"><a href="#summary">back to summary</a></p><h3 id="m290">com.webtest.ranzhicase.MyTerritoryTestCases#test46</h3><table class="result"><tr class="param"><th>Parameter #1</th><th>Parameter #2</th><th>Parameter #3</th><th>Parameter #4</th><th>Parameter #5</th></tr><tr class="param stripe"><td></td><td>2019/12/12</td><td></td><td></td><td></td></tr></table><p class="totop"><a href="#summary">back to summary</a></p><h3 id="m291">com.webtest.ranzhicase.MyTerritoryTestCases#test46</h3><table class="result"><tr class="param"><th>Parameter #1</th><th>Parameter #2</th><th>Parameter #3</th><th>Parameter #4</th><th>Parameter #5</th></tr><tr class="param stripe"><td></td><td>2019/12/12</td><td></td><td></td><td></td></tr></table><p class="totop"><a href="#summary">back to summary</a></p><h3 id="m292">com.webtest.ranzhicase.MyTerritoryTestCases#test46</h3><table class="result"><tr class="param"><th>Parameter #1</th><th>Parameter #2</th><th>Parameter #3</th><th>Parameter #4</th><th>Parameter #5</th></tr><tr class="param stripe"><td></td><td>2019/12/12</td><td></td><td></td><td></td></tr></table><p class="totop"><a href="#summary">back to summary</a></p></body></html>